{"/Users/anthonylopez/LambdaSchool/Labs-TL/Studium-FE/src/App.js": {"path":"/Users/anthonylopez/LambdaSchool/Labs-TL/Studium-FE/src/App.js","statementMap":{"0":{"start":{"line":22,"column":20},"end":{"line":27,"column":1}},"1":{"start":{"line":28,"column":22},"end":{"line":28,"column":42}},"2":{"start":{"line":31,"column":2},"end":{"line":49,"column":4}}},"fnMap":{"0":{"name":"App","decl":{"start":{"line":30,"column":9},"end":{"line":30,"column":12}},"loc":{"start":{"line":30,"column":15},"end":{"line":50,"column":1}},"line":30}},"branchMap":{},"s":{"0":0,"1":0,"2":0},"f":{"0":0},"b":{},"hash":"97a1bb5339be532d113fde46b202e88024203b33"}
,"/Users/anthonylopez/LambdaSchool/Labs-TL/Studium-FE/src/index.js": {"path":"/Users/anthonylopez/LambdaSchool/Labs-TL/Studium-FE/src/index.js","statementMap":{"0":{"start":{"line":12,"column":0},"end":{"line":23,"column":1}}},"fnMap":{},"branchMap":{},"s":{"0":0},"f":{},"b":{},"hash":"edf02714c371b45ce6933fe0124f65e9def94d7b"}
,"/Users/anthonylopez/LambdaSchool/Labs-TL/Studium-FE/src/components/cards/AddCardFooter.js": {"path":"/Users/anthonylopez/LambdaSchool/Labs-TL/Studium-FE/src/components/cards/AddCardFooter.js","statementMap":{"0":{"start":{"line":4,"column":22},"end":{"line":20,"column":1}},"1":{"start":{"line":6,"column":3},"end":{"line":19,"column":4}}},"fnMap":{"0":{"name":"(anonymous_0)","decl":{"start":{"line":4,"column":22},"end":{"line":4,"column":23}},"loc":{"start":{"line":4,"column":34},"end":{"line":20,"column":1}},"line":4}},"branchMap":{},"s":{"0":0,"1":0},"f":{"0":0},"b":{},"hash":"2bbd56c40dab5742501cf6d20c9cc4fd9462536d"}
,"/Users/anthonylopez/LambdaSchool/Labs-TL/Studium-FE/src/components/cards/CardCarousel.js": {"path":"/Users/anthonylopez/LambdaSchool/Labs-TL/Studium-FE/src/components/cards/CardCarousel.js","statementMap":{"0":{"start":{"line":5,"column":21},"end":{"line":14,"column":2}},"1":{"start":{"line":6,"column":3},"end":{"line":13,"column":5}}},"fnMap":{"0":{"name":"(anonymous_0)","decl":{"start":{"line":5,"column":21},"end":{"line":5,"column":22}},"loc":{"start":{"line":5,"column":27},"end":{"line":14,"column":2}},"line":5}},"branchMap":{},"s":{"0":0,"1":0},"f":{"0":0},"b":{},"hash":"0f31821247b240043e2f7458685c5d1dcaaf04dd"}
,"/Users/anthonylopez/LambdaSchool/Labs-TL/Studium-FE/src/components/cards/CreateCardForm.js": {"path":"/Users/anthonylopez/LambdaSchool/Labs-TL/Studium-FE/src/components/cards/CreateCardForm.js","statementMap":{"0":{"start":{"line":17,"column":23},"end":{"line":157,"column":1}},"1":{"start":{"line":18,"column":20},"end":{"line":18,"column":33}},"2":{"start":{"line":19,"column":19},"end":{"line":19,"column":31}},"3":{"start":{"line":20,"column":21},"end":{"line":20,"column":58}},"4":{"start":{"line":20,"column":42},"end":{"line":20,"column":57}},"5":{"start":{"line":21,"column":22},"end":{"line":21,"column":60}},"6":{"start":{"line":21,"column":43},"end":{"line":21,"column":59}},"7":{"start":{"line":22,"column":18},"end":{"line":22,"column":29}},"8":{"start":{"line":23,"column":46},"end":{"line":23,"column":55}},"9":{"start":{"line":25,"column":35},"end":{"line":25,"column":45}},"10":{"start":{"line":26,"column":37},"end":{"line":26,"column":52}},"11":{"start":{"line":27,"column":39},"end":{"line":31,"column":5}},"12":{"start":{"line":33,"column":3},"end":{"line":39,"column":9}},"13":{"start":{"line":34,"column":6},"end":{"line":38,"column":8}},"14":{"start":{"line":35,"column":9},"end":{"line":37,"column":10}},"15":{"start":{"line":36,"column":12},"end":{"line":36,"column":39}},"16":{"start":{"line":41,"column":24},"end":{"line":46,"column":4}},"17":{"start":{"line":42,"column":2},"end":{"line":45,"column":5}},"18":{"start":{"line":48,"column":26},"end":{"line":51,"column":4}},"19":{"start":{"line":49,"column":6},"end":{"line":49,"column":30}},"20":{"start":{"line":50,"column":6},"end":{"line":50,"column":33}},"21":{"start":{"line":53,"column":25},"end":{"line":59,"column":4}},"22":{"start":{"line":54,"column":6},"end":{"line":54,"column":51}},"23":{"start":{"line":55,"column":6},"end":{"line":58,"column":8}},"24":{"start":{"line":61,"column":22},"end":{"line":72,"column":4}},"25":{"start":{"line":62,"column":6},"end":{"line":62,"column":36}},"26":{"start":{"line":63,"column":6},"end":{"line":63,"column":39}},"27":{"start":{"line":64,"column":6},"end":{"line":68,"column":8}},"28":{"start":{"line":69,"column":6},"end":{"line":71,"column":7}},"29":{"start":{"line":70,"column":9},"end":{"line":70,"column":42}},"30":{"start":{"line":74,"column":3},"end":{"line":74,"column":36}},"31":{"start":{"line":76,"column":3},"end":{"line":156,"column":4}}},"fnMap":{"0":{"name":"(anonymous_0)","decl":{"start":{"line":17,"column":23},"end":{"line":17,"column":24}},"loc":{"start":{"line":17,"column":34},"end":{"line":157,"column":1}},"line":17},"1":{"name":"(anonymous_1)","decl":{"start":{"line":20,"column":33},"end":{"line":20,"column":34}},"loc":{"start":{"line":20,"column":42},"end":{"line":20,"column":57}},"line":20},"2":{"name":"(anonymous_2)","decl":{"start":{"line":21,"column":34},"end":{"line":21,"column":35}},"loc":{"start":{"line":21,"column":43},"end":{"line":21,"column":59}},"line":21},"3":{"name":"(anonymous_3)","decl":{"start":{"line":33,"column":13},"end":{"line":33,"column":14}},"loc":{"start":{"line":33,"column":19},"end":{"line":39,"column":4}},"line":33},"4":{"name":"(anonymous_4)","decl":{"start":{"line":34,"column":20},"end":{"line":34,"column":21}},"loc":{"start":{"line":34,"column":28},"end":{"line":38,"column":7}},"line":34},"5":{"name":"(anonymous_5)","decl":{"start":{"line":41,"column":24},"end":{"line":41,"column":25}},"loc":{"start":{"line":41,"column":29},"end":{"line":46,"column":4}},"line":41},"6":{"name":"(anonymous_6)","decl":{"start":{"line":48,"column":26},"end":{"line":48,"column":27}},"loc":{"start":{"line":48,"column":31},"end":{"line":51,"column":4}},"line":48},"7":{"name":"(anonymous_7)","decl":{"start":{"line":53,"column":25},"end":{"line":53,"column":26}},"loc":{"start":{"line":53,"column":30},"end":{"line":59,"column":4}},"line":53},"8":{"name":"(anonymous_8)","decl":{"start":{"line":61,"column":22},"end":{"line":61,"column":23}},"loc":{"start":{"line":61,"column":28},"end":{"line":72,"column":4}},"line":61}},"branchMap":{"0":{"loc":{"start":{"line":35,"column":9},"end":{"line":37,"column":10}},"type":"if","locations":[{"start":{"line":35,"column":9},"end":{"line":37,"column":10}},{"start":{"line":35,"column":9},"end":{"line":37,"column":10}}],"line":35},"1":{"loc":{"start":{"line":69,"column":6},"end":{"line":71,"column":7}},"type":"if","locations":[{"start":{"line":69,"column":6},"end":{"line":71,"column":7}},{"start":{"line":69,"column":6},"end":{"line":71,"column":7}}],"line":69},"2":{"loc":{"start":{"line":69,"column":10},"end":{"line":69,"column":73}},"type":"binary-expr","locations":[{"start":{"line":69,"column":10},"end":{"line":69,"column":40}},{"start":{"line":69,"column":44},"end":{"line":69,"column":73}}],"line":69},"3":{"loc":{"start":{"line":109,"column":16},"end":{"line":123,"column":23}},"type":"cond-expr","locations":[{"start":{"line":110,"column":21},"end":{"line":115,"column":23}},{"start":{"line":117,"column":22},"end":{"line":123,"column":23}}],"line":109},"4":{"loc":{"start":{"line":125,"column":16},"end":{"line":127,"column":16}},"type":"binary-expr","locations":[{"start":{"line":125,"column":16},"end":{"line":125,"column":33}},{"start":{"line":125,"column":37},"end":{"line":125,"column":74}},{"start":{"line":126,"column":18},"end":{"line":126,"column":71}}],"line":125},"5":{"loc":{"start":{"line":133,"column":16},"end":{"line":147,"column":23}},"type":"cond-expr","locations":[{"start":{"line":134,"column":20},"end":{"line":139,"column":23}},{"start":{"line":141,"column":20},"end":{"line":147,"column":23}}],"line":133},"6":{"loc":{"start":{"line":149,"column":16},"end":{"line":151,"column":16}},"type":"binary-expr","locations":[{"start":{"line":149,"column":16},"end":{"line":149,"column":32}},{"start":{"line":149,"column":36},"end":{"line":149,"column":72}},{"start":{"line":150,"column":18},"end":{"line":150,"column":71}}],"line":149}},"s":{"0":0,"1":0,"2":0,"3":0,"4":0,"5":0,"6":0,"7":0,"8":0,"9":0,"10":0,"11":0,"12":0,"13":0,"14":0,"15":0,"16":0,"17":0,"18":0,"19":0,"20":0,"21":0,"22":0,"23":0,"24":0,"25":0,"26":0,"27":0,"28":0,"29":0,"30":0,"31":0},"f":{"0":0,"1":0,"2":0,"3":0,"4":0,"5":0,"6":0,"7":0,"8":0},"b":{"0":[0,0],"1":[0,0],"2":[0,0],"3":[0,0],"4":[0,0,0],"5":[0,0],"6":[0,0,0]},"hash":"e9ef2ff41a81f7258ab918fd22dc17fa7c25e88d"}
,"/Users/anthonylopez/LambdaSchool/Labs-TL/Studium-FE/src/components/cards/EditCard.js": {"path":"/Users/anthonylopez/LambdaSchool/Labs-TL/Studium-FE/src/components/cards/EditCard.js","statementMap":{"0":{"start":{"line":11,"column":23},"end":{"line":104,"column":1}},"1":{"start":{"line":12,"column":20},"end":{"line":12,"column":33}},"2":{"start":{"line":13,"column":21},"end":{"line":13,"column":58}},"3":{"start":{"line":13,"column":42},"end":{"line":13,"column":57}},"4":{"start":{"line":14,"column":16},"end":{"line":14,"column":59}},"5":{"start":{"line":14,"column":37},"end":{"line":14,"column":58}},"6":{"start":{"line":16,"column":19},"end":{"line":16,"column":31}},"7":{"start":{"line":17,"column":26},"end":{"line":17,"column":37}},"8":{"start":{"line":18,"column":46},"end":{"line":18,"column":55}},"9":{"start":{"line":20,"column":35},"end":{"line":20,"column":45}},"10":{"start":{"line":21,"column":39},"end":{"line":26,"column":5}},"11":{"start":{"line":28,"column":3},"end":{"line":34,"column":9}},"12":{"start":{"line":29,"column":6},"end":{"line":33,"column":8}},"13":{"start":{"line":30,"column":9},"end":{"line":32,"column":10}},"14":{"start":{"line":31,"column":12},"end":{"line":31,"column":39}},"15":{"start":{"line":36,"column":24},"end":{"line":41,"column":4}},"16":{"start":{"line":37,"column":2},"end":{"line":40,"column":5}},"17":{"start":{"line":43,"column":22},"end":{"line":54,"column":4}},"18":{"start":{"line":44,"column":6},"end":{"line":44,"column":35}},"19":{"start":{"line":45,"column":6},"end":{"line":45,"column":36}},"20":{"start":{"line":46,"column":6},"end":{"line":50,"column":8}},"21":{"start":{"line":51,"column":6},"end":{"line":53,"column":7}},"22":{"start":{"line":52,"column":9},"end":{"line":52,"column":42}},"23":{"start":{"line":56,"column":3},"end":{"line":103,"column":4}}},"fnMap":{"0":{"name":"(anonymous_0)","decl":{"start":{"line":11,"column":23},"end":{"line":11,"column":24}},"loc":{"start":{"line":11,"column":34},"end":{"line":104,"column":1}},"line":11},"1":{"name":"(anonymous_1)","decl":{"start":{"line":13,"column":33},"end":{"line":13,"column":34}},"loc":{"start":{"line":13,"column":42},"end":{"line":13,"column":57}},"line":13},"2":{"name":"(anonymous_2)","decl":{"start":{"line":14,"column":28},"end":{"line":14,"column":29}},"loc":{"start":{"line":14,"column":37},"end":{"line":14,"column":58}},"line":14},"3":{"name":"(anonymous_3)","decl":{"start":{"line":28,"column":13},"end":{"line":28,"column":14}},"loc":{"start":{"line":28,"column":19},"end":{"line":34,"column":4}},"line":28},"4":{"name":"(anonymous_4)","decl":{"start":{"line":29,"column":20},"end":{"line":29,"column":21}},"loc":{"start":{"line":29,"column":28},"end":{"line":33,"column":7}},"line":29},"5":{"name":"(anonymous_5)","decl":{"start":{"line":36,"column":24},"end":{"line":36,"column":25}},"loc":{"start":{"line":36,"column":29},"end":{"line":41,"column":4}},"line":36},"6":{"name":"(anonymous_6)","decl":{"start":{"line":43,"column":22},"end":{"line":43,"column":23}},"loc":{"start":{"line":43,"column":28},"end":{"line":54,"column":4}},"line":43}},"branchMap":{"0":{"loc":{"start":{"line":30,"column":9},"end":{"line":32,"column":10}},"type":"if","locations":[{"start":{"line":30,"column":9},"end":{"line":32,"column":10}},{"start":{"line":30,"column":9},"end":{"line":32,"column":10}}],"line":30},"1":{"loc":{"start":{"line":51,"column":6},"end":{"line":53,"column":7}},"type":"if","locations":[{"start":{"line":51,"column":6},"end":{"line":53,"column":7}},{"start":{"line":51,"column":6},"end":{"line":53,"column":7}}],"line":51},"2":{"loc":{"start":{"line":51,"column":10},"end":{"line":51,"column":73}},"type":"binary-expr","locations":[{"start":{"line":51,"column":10},"end":{"line":51,"column":40}},{"start":{"line":51,"column":44},"end":{"line":51,"column":73}}],"line":51},"3":{"loc":{"start":{"line":84,"column":16},"end":{"line":86,"column":16}},"type":"binary-expr","locations":[{"start":{"line":84,"column":16},"end":{"line":84,"column":33}},{"start":{"line":84,"column":37},"end":{"line":84,"column":74}},{"start":{"line":85,"column":18},"end":{"line":85,"column":71}}],"line":84},"4":{"loc":{"start":{"line":96,"column":16},"end":{"line":98,"column":16}},"type":"binary-expr","locations":[{"start":{"line":96,"column":16},"end":{"line":96,"column":32}},{"start":{"line":96,"column":36},"end":{"line":96,"column":72}},{"start":{"line":97,"column":18},"end":{"line":97,"column":71}}],"line":96}},"s":{"0":0,"1":0,"2":0,"3":0,"4":0,"5":0,"6":0,"7":0,"8":0,"9":0,"10":0,"11":0,"12":0,"13":0,"14":0,"15":0,"16":0,"17":0,"18":0,"19":0,"20":0,"21":0,"22":0,"23":0},"f":{"0":0,"1":0,"2":0,"3":0,"4":0,"5":0,"6":0},"b":{"0":[0,0],"1":[0,0],"2":[0,0],"3":[0,0,0],"4":[0,0,0]},"hash":"e9847381523989eaa90bfa707794c987c26c7669"}
,"/Users/anthonylopez/LambdaSchool/Labs-TL/Studium-FE/src/components/cards/EditCardFooter.js": {"path":"/Users/anthonylopez/LambdaSchool/Labs-TL/Studium-FE/src/components/cards/EditCardFooter.js","statementMap":{"0":{"start":{"line":8,"column":23},"end":{"line":36,"column":1}},"1":{"start":{"line":9,"column":20},"end":{"line":9,"column":33}},"2":{"start":{"line":10,"column":19},"end":{"line":10,"column":31}},"3":{"start":{"line":12,"column":24},"end":{"line":16,"column":4}},"4":{"start":{"line":13,"column":6},"end":{"line":13,"column":24}},"5":{"start":{"line":14,"column":6},"end":{"line":14,"column":30}},"6":{"start":{"line":15,"column":6},"end":{"line":15,"column":37}},"7":{"start":{"line":18,"column":3},"end":{"line":35,"column":4}}},"fnMap":{"0":{"name":"(anonymous_0)","decl":{"start":{"line":8,"column":23},"end":{"line":8,"column":24}},"loc":{"start":{"line":8,"column":43},"end":{"line":36,"column":1}},"line":8},"1":{"name":"(anonymous_1)","decl":{"start":{"line":12,"column":24},"end":{"line":12,"column":25}},"loc":{"start":{"line":12,"column":29},"end":{"line":16,"column":4}},"line":12}},"branchMap":{},"s":{"0":0,"1":0,"2":0,"3":0,"4":0,"5":0,"6":0,"7":0},"f":{"0":0,"1":0},"b":{},"hash":"81fbd506677845d2d078f2189246662c507e0bb1"}
,"/Users/anthonylopez/LambdaSchool/Labs-TL/Studium-FE/src/components/cards/EditDeckCard.js": {"path":"/Users/anthonylopez/LambdaSchool/Labs-TL/Studium-FE/src/components/cards/EditDeckCard.js","statementMap":{"0":{"start":{"line":8,"column":18},"end":{"line":26,"column":1}},"1":{"start":{"line":28,"column":21},"end":{"line":75,"column":1}},"2":{"start":{"line":29,"column":20},"end":{"line":29,"column":33}},"3":{"start":{"line":31,"column":23},"end":{"line":34,"column":4}},"4":{"start":{"line":32,"column":6},"end":{"line":32,"column":65}},"5":{"start":{"line":33,"column":6},"end":{"line":33,"column":49}},"6":{"start":{"line":36,"column":3},"end":{"line":74,"column":4}}},"fnMap":{"0":{"name":"(anonymous_0)","decl":{"start":{"line":28,"column":21},"end":{"line":28,"column":22}},"loc":{"start":{"line":28,"column":44},"end":{"line":75,"column":1}},"line":28},"1":{"name":"(anonymous_1)","decl":{"start":{"line":31,"column":23},"end":{"line":31,"column":24}},"loc":{"start":{"line":31,"column":29},"end":{"line":34,"column":4}},"line":31}},"branchMap":{},"s":{"0":0,"1":0,"2":0,"3":0,"4":0,"5":0,"6":0},"f":{"0":0,"1":0},"b":{},"hash":"7d113e8d1c3ee8a1a9df7ec9be5fde1759d84048"}
,"/Users/anthonylopez/LambdaSchool/Labs-TL/Studium-FE/src/components/cards/IndCardView.js": {"path":"/Users/anthonylopez/LambdaSchool/Labs-TL/Studium-FE/src/components/cards/IndCardView.js","statementMap":{"0":{"start":{"line":9,"column":20},"end":{"line":52,"column":1}},"1":{"start":{"line":11,"column":25},"end":{"line":11,"column":36}},"2":{"start":{"line":12,"column":20},"end":{"line":12,"column":32}},"3":{"start":{"line":13,"column":21},"end":{"line":13,"column":34}},"4":{"start":{"line":14,"column":28},"end":{"line":14,"column":40}},"5":{"start":{"line":16,"column":4},"end":{"line":28,"column":16}},"6":{"start":{"line":17,"column":24},"end":{"line":26,"column":9}},"7":{"start":{"line":18,"column":12},"end":{"line":25,"column":18}},"8":{"start":{"line":21,"column":20},"end":{"line":21,"column":40}},"9":{"start":{"line":24,"column":20},"end":{"line":24,"column":90}},"10":{"start":{"line":27,"column":8},"end":{"line":27,"column":17}},"11":{"start":{"line":30,"column":38},"end":{"line":30,"column":42}},"12":{"start":{"line":32,"column":24},"end":{"line":36,"column":5}},"13":{"start":{"line":33,"column":8},"end":{"line":33,"column":39}},"14":{"start":{"line":34,"column":8},"end":{"line":34,"column":42}},"15":{"start":{"line":35,"column":8},"end":{"line":35,"column":61}},"16":{"start":{"line":38,"column":4},"end":{"line":51,"column":5}}},"fnMap":{"0":{"name":"(anonymous_0)","decl":{"start":{"line":9,"column":20},"end":{"line":9,"column":21}},"loc":{"start":{"line":9,"column":31},"end":{"line":52,"column":1}},"line":9},"1":{"name":"(anonymous_1)","decl":{"start":{"line":16,"column":14},"end":{"line":16,"column":15}},"loc":{"start":{"line":16,"column":20},"end":{"line":28,"column":5}},"line":16},"2":{"name":"(anonymous_2)","decl":{"start":{"line":17,"column":24},"end":{"line":17,"column":25}},"loc":{"start":{"line":17,"column":30},"end":{"line":26,"column":9}},"line":17},"3":{"name":"(anonymous_3)","decl":{"start":{"line":20,"column":22},"end":{"line":20,"column":23}},"loc":{"start":{"line":20,"column":29},"end":{"line":22,"column":17}},"line":20},"4":{"name":"(anonymous_4)","decl":{"start":{"line":23,"column":23},"end":{"line":23,"column":24}},"loc":{"start":{"line":23,"column":30},"end":{"line":25,"column":17}},"line":23},"5":{"name":"(anonymous_5)","decl":{"start":{"line":32,"column":24},"end":{"line":32,"column":25}},"loc":{"start":{"line":32,"column":30},"end":{"line":36,"column":5}},"line":32}},"branchMap":{},"s":{"0":0,"1":0,"2":0,"3":0,"4":0,"5":0,"6":0,"7":0,"8":0,"9":0,"10":0,"11":0,"12":0,"13":0,"14":0,"15":0,"16":0},"f":{"0":0,"1":0,"2":0,"3":0,"4":0,"5":0},"b":{},"hash":"e07986da239d8eeb62a518dee2dc8f6b69b43a15"}
,"/Users/anthonylopez/LambdaSchool/Labs-TL/Studium-FE/src/components/cards/StudyCard.js": {"path":"/Users/anthonylopez/LambdaSchool/Labs-TL/Studium-FE/src/components/cards/StudyCard.js","statementMap":{"0":{"start":{"line":5,"column":18},"end":{"line":19,"column":1}},"1":{"start":{"line":21,"column":17},"end":{"line":33,"column":1}},"2":{"start":{"line":35,"column":18},"end":{"line":82,"column":1}},"3":{"start":{"line":43,"column":19},"end":{"line":43,"column":61}},"4":{"start":{"line":43,"column":40},"end":{"line":43,"column":60}},"5":{"start":{"line":44,"column":20},"end":{"line":44,"column":33}},"6":{"start":{"line":46,"column":33},"end":{"line":46,"column":48}},"7":{"start":{"line":48,"column":3},"end":{"line":55,"column":9}},"8":{"start":{"line":49,"column":6},"end":{"line":49,"column":50}},"9":{"start":{"line":50,"column":28},"end":{"line":50,"column":86}},"10":{"start":{"line":50,"column":57},"end":{"line":50,"column":85}},"11":{"start":{"line":51,"column":6},"end":{"line":54,"column":8}},"12":{"start":{"line":57,"column":22},"end":{"line":59,"column":4}},"13":{"start":{"line":58,"column":6},"end":{"line":58,"column":26}},"14":{"start":{"line":61,"column":3},"end":{"line":81,"column":4}}},"fnMap":{"0":{"name":"(anonymous_0)","decl":{"start":{"line":35,"column":18},"end":{"line":35,"column":19}},"loc":{"start":{"line":41,"column":6},"end":{"line":82,"column":1}},"line":41},"1":{"name":"(anonymous_1)","decl":{"start":{"line":43,"column":31},"end":{"line":43,"column":32}},"loc":{"start":{"line":43,"column":40},"end":{"line":43,"column":60}},"line":43},"2":{"name":"(anonymous_2)","decl":{"start":{"line":48,"column":13},"end":{"line":48,"column":14}},"loc":{"start":{"line":48,"column":19},"end":{"line":55,"column":4}},"line":48},"3":{"name":"(anonymous_3)","decl":{"start":{"line":50,"column":49},"end":{"line":50,"column":50}},"loc":{"start":{"line":50,"column":57},"end":{"line":50,"column":85}},"line":50},"4":{"name":"(anonymous_4)","decl":{"start":{"line":57,"column":22},"end":{"line":57,"column":23}},"loc":{"start":{"line":57,"column":28},"end":{"line":59,"column":4}},"line":57}},"branchMap":{},"s":{"0":1,"1":1,"2":1,"3":0,"4":0,"5":0,"6":0,"7":0,"8":0,"9":0,"10":0,"11":0,"12":0,"13":0,"14":0},"f":{"0":0,"1":0,"2":0,"3":0,"4":0},"b":{},"_coverageSchema":"43e27e138ebf9cfc5966b082cf9a028302ed4184","hash":"ff4d7e18abdf15b60b80cc25b959c6c4f435a8ee"}
,"/Users/anthonylopez/LambdaSchool/Labs-TL/Studium-FE/src/components/cards/styles-cards/CardFormStyles.js": {"path":"/Users/anthonylopez/LambdaSchool/Labs-TL/Studium-FE/src/components/cards/styles-cards/CardFormStyles.js","statementMap":{"0":{"start":{"line":3,"column":28},"end":{"line":9,"column":1}},"1":{"start":{"line":11,"column":24},"end":{"line":19,"column":1}},"2":{"start":{"line":21,"column":23},"end":{"line":30,"column":1}},"3":{"start":{"line":32,"column":23},"end":{"line":41,"column":1}},"4":{"start":{"line":43,"column":27},"end":{"line":49,"column":1}},"5":{"start":{"line":51,"column":28},"end":{"line":57,"column":1}},"6":{"start":{"line":59,"column":26},"end":{"line":72,"column":1}},"7":{"start":{"line":74,"column":28},"end":{"line":87,"column":1}},"8":{"start":{"line":89,"column":26},"end":{"line":102,"column":1}},"9":{"start":{"line":104,"column":28},"end":{"line":106,"column":1}},"10":{"start":{"line":108,"column":28},"end":{"line":120,"column":1}}},"fnMap":{},"branchMap":{},"s":{"0":0,"1":0,"2":0,"3":0,"4":0,"5":0,"6":0,"7":0,"8":0,"9":0,"10":0},"f":{},"b":{},"hash":"95fc2e127e38e802b92a54d248893cce3135f380"}
,"/Users/anthonylopez/LambdaSchool/Labs-TL/Studium-FE/src/components/cards/styles-cards/EditDeckCardStyles.js": {"path":"/Users/anthonylopez/LambdaSchool/Labs-TL/Studium-FE/src/components/cards/styles-cards/EditDeckCardStyles.js","statementMap":{"0":{"start":{"line":3,"column":30},"end":{"line":14,"column":1}},"1":{"start":{"line":16,"column":25},"end":{"line":26,"column":1}}},"fnMap":{},"branchMap":{},"s":{"0":0,"1":0},"f":{},"b":{},"hash":"234593a313d931109227acc62b75f4b3eb91e5ae"}
,"/Users/anthonylopez/LambdaSchool/Labs-TL/Studium-FE/src/components/common/Button.js": {"path":"/Users/anthonylopez/LambdaSchool/Labs-TL/Studium-FE/src/components/common/Button.js","statementMap":{"0":{"start":{"line":6,"column":15},"end":{"line":23,"column":1}}},"fnMap":{},"branchMap":{},"s":{"0":1},"f":{},"b":{},"_coverageSchema":"43e27e138ebf9cfc5966b082cf9a028302ed4184","hash":"61eba577ede7369f0bea1f732137676f7aebd3ac"}
,"/Users/anthonylopez/LambdaSchool/Labs-TL/Studium-FE/src/components/common/ButtonBottom.js": {"path":"/Users/anthonylopez/LambdaSchool/Labs-TL/Studium-FE/src/components/common/ButtonBottom.js","statementMap":{"0":{"start":{"line":3,"column":21},"end":{"line":20,"column":1}},"1":{"start":{"line":4,"column":24},"end":{"line":4,"column":60}},"2":{"start":{"line":5,"column":19},"end":{"line":5,"column":56}},"3":{"start":{"line":6,"column":20},"end":{"line":6,"column":65}},"4":{"start":{"line":16,"column":24},"end":{"line":16,"column":60}},"5":{"start":{"line":17,"column":19},"end":{"line":17,"column":56}},"6":{"start":{"line":18,"column":20},"end":{"line":18,"column":65}}},"fnMap":{"0":{"name":"(anonymous_0)","decl":{"start":{"line":4,"column":15},"end":{"line":4,"column":16}},"loc":{"start":{"line":4,"column":24},"end":{"line":4,"column":60}},"line":4},"1":{"name":"(anonymous_1)","decl":{"start":{"line":5,"column":10},"end":{"line":5,"column":11}},"loc":{"start":{"line":5,"column":19},"end":{"line":5,"column":56}},"line":5},"2":{"name":"(anonymous_2)","decl":{"start":{"line":6,"column":11},"end":{"line":6,"column":12}},"loc":{"start":{"line":6,"column":20},"end":{"line":6,"column":65}},"line":6},"3":{"name":"(anonymous_3)","decl":{"start":{"line":16,"column":15},"end":{"line":16,"column":16}},"loc":{"start":{"line":16,"column":24},"end":{"line":16,"column":60}},"line":16},"4":{"name":"(anonymous_4)","decl":{"start":{"line":17,"column":10},"end":{"line":17,"column":11}},"loc":{"start":{"line":17,"column":19},"end":{"line":17,"column":56}},"line":17},"5":{"name":"(anonymous_5)","decl":{"start":{"line":18,"column":11},"end":{"line":18,"column":12}},"loc":{"start":{"line":18,"column":20},"end":{"line":18,"column":65}},"line":18}},"branchMap":{"0":{"loc":{"start":{"line":4,"column":24},"end":{"line":4,"column":60}},"type":"cond-expr","locations":[{"start":{"line":4,"column":41},"end":{"line":4,"column":48}},{"start":{"line":4,"column":51},"end":{"line":4,"column":60}}],"line":4},"1":{"loc":{"start":{"line":5,"column":19},"end":{"line":5,"column":56}},"type":"cond-expr","locations":[{"start":{"line":5,"column":37},"end":{"line":5,"column":44}},{"start":{"line":5,"column":47},"end":{"line":5,"column":56}}],"line":5},"2":{"loc":{"start":{"line":6,"column":20},"end":{"line":6,"column":65}},"type":"cond-expr","locations":[{"start":{"line":6,"column":37},"end":{"line":6,"column":56}},{"start":{"line":6,"column":59},"end":{"line":6,"column":65}}],"line":6},"3":{"loc":{"start":{"line":16,"column":24},"end":{"line":16,"column":60}},"type":"cond-expr","locations":[{"start":{"line":16,"column":41},"end":{"line":16,"column":50}},{"start":{"line":16,"column":53},"end":{"line":16,"column":60}}],"line":16},"4":{"loc":{"start":{"line":17,"column":19},"end":{"line":17,"column":56}},"type":"cond-expr","locations":[{"start":{"line":17,"column":37},"end":{"line":17,"column":46}},{"start":{"line":17,"column":49},"end":{"line":17,"column":56}}],"line":17},"5":{"loc":{"start":{"line":18,"column":20},"end":{"line":18,"column":65}},"type":"cond-expr","locations":[{"start":{"line":18,"column":37},"end":{"line":18,"column":43}},{"start":{"line":18,"column":46},"end":{"line":18,"column":65}}],"line":18}},"s":{"0":1,"1":8,"2":8,"3":8,"4":8,"5":8,"6":8},"f":{"0":8,"1":8,"2":8,"3":8,"4":8,"5":8},"b":{"0":[4,4],"1":[4,4],"2":[4,4],"3":[4,4],"4":[4,4],"5":[4,4]},"_coverageSchema":"43e27e138ebf9cfc5966b082cf9a028302ed4184","hash":"db51793ce81073532587da5b12f920e220d1196f"}
,"/Users/anthonylopez/LambdaSchool/Labs-TL/Studium-FE/src/components/common/ButtonTop.js": {"path":"/Users/anthonylopez/LambdaSchool/Labs-TL/Studium-FE/src/components/common/ButtonTop.js","statementMap":{"0":{"start":{"line":3,"column":18},"end":{"line":21,"column":1}}},"fnMap":{},"branchMap":{},"s":{"0":2},"f":{},"b":{},"_coverageSchema":"43e27e138ebf9cfc5966b082cf9a028302ed4184","hash":"8b7b1b375eb0e2c15b05d846a417f0abdc5e6985"}
,"/Users/anthonylopez/LambdaSchool/Labs-TL/Studium-FE/src/components/common/Input.js": {"path":"/Users/anthonylopez/LambdaSchool/Labs-TL/Studium-FE/src/components/common/Input.js","statementMap":{"0":{"start":{"line":3,"column":14},"end":{"line":15,"column":1}}},"fnMap":{},"branchMap":{},"s":{"0":1},"f":{},"b":{},"_coverageSchema":"43e27e138ebf9cfc5966b082cf9a028302ed4184","hash":"16c0ae057540161a543f480d897b81fbad1294e2"}
,"/Users/anthonylopez/LambdaSchool/Labs-TL/Studium-FE/src/components/common/PageLayout.js": {"path":"/Users/anthonylopez/LambdaSchool/Labs-TL/Studium-FE/src/components/common/PageLayout.js","statementMap":{"0":{"start":{"line":5,"column":16},"end":{"line":40,"column":1}},"1":{"start":{"line":43,"column":4},"end":{"line":50,"column":5}}},"fnMap":{"0":{"name":"PageLayout","decl":{"start":{"line":42,"column":16},"end":{"line":42,"column":26}},"loc":{"start":{"line":42,"column":38},"end":{"line":51,"column":1}},"line":42}},"branchMap":{},"s":{"0":1,"1":4},"f":{"0":4},"b":{},"_coverageSchema":"43e27e138ebf9cfc5966b082cf9a028302ed4184","hash":"ff72e5d1141e0f01a4e6a5ce3670caa5bf06cc34"}
,"/Users/anthonylopez/LambdaSchool/Labs-TL/Studium-FE/src/components/common/Spinner.js": {"path":"/Users/anthonylopez/LambdaSchool/Labs-TL/Studium-FE/src/components/common/Spinner.js","statementMap":{"0":{"start":{"line":3,"column":17},"end":{"line":11,"column":1}},"1":{"start":{"line":13,"column":16},"end":{"line":22,"column":1}}},"fnMap":{},"branchMap":{},"s":{"0":1,"1":1},"f":{},"b":{},"_coverageSchema":"43e27e138ebf9cfc5966b082cf9a028302ed4184","hash":"4b3048cf86d383436542b99de2890d877c55a954"}
,"/Users/anthonylopez/LambdaSchool/Labs-TL/Studium-FE/src/components/common/index.js": {"path":"/Users/anthonylopez/LambdaSchool/Labs-TL/Studium-FE/src/components/common/index.js","statementMap":{},"fnMap":{},"branchMap":{},"s":{},"f":{},"b":{},"hash":"a5d152ec16d3366403cfd15c1ce4b0583feebc29"}
,"/Users/anthonylopez/LambdaSchool/Labs-TL/Studium-FE/src/components/dashboard/DashBoard.js": {"path":"/Users/anthonylopez/LambdaSchool/Labs-TL/Studium-FE/src/components/dashboard/DashBoard.js","statementMap":{"0":{"start":{"line":9,"column":18},"end":{"line":46,"column":1}},"1":{"start":{"line":10,"column":20},"end":{"line":10,"column":57}},"2":{"start":{"line":10,"column":41},"end":{"line":10,"column":56}},"3":{"start":{"line":11,"column":15},"end":{"line":11,"column":47}},"4":{"start":{"line":11,"column":36},"end":{"line":11,"column":46}},"5":{"start":{"line":12,"column":19},"end":{"line":12,"column":32}},"6":{"start":{"line":14,"column":22},"end":{"line":17,"column":3}},"7":{"start":{"line":15,"column":4},"end":{"line":15,"column":22}},"8":{"start":{"line":16,"column":4},"end":{"line":16,"column":22}},"9":{"start":{"line":19,"column":2},"end":{"line":22,"column":8}},"10":{"start":{"line":20,"column":4},"end":{"line":20,"column":23}},"11":{"start":{"line":21,"column":4},"end":{"line":21,"column":42}},"12":{"start":{"line":24,"column":2},"end":{"line":45,"column":3}},"13":{"start":{"line":38,"column":10},"end":{"line":40,"column":11}}},"fnMap":{"0":{"name":"(anonymous_0)","decl":{"start":{"line":9,"column":18},"end":{"line":9,"column":19}},"loc":{"start":{"line":9,"column":43},"end":{"line":46,"column":1}},"line":9},"1":{"name":"(anonymous_1)","decl":{"start":{"line":10,"column":32},"end":{"line":10,"column":33}},"loc":{"start":{"line":10,"column":41},"end":{"line":10,"column":56}},"line":10},"2":{"name":"(anonymous_2)","decl":{"start":{"line":11,"column":27},"end":{"line":11,"column":28}},"loc":{"start":{"line":11,"column":36},"end":{"line":11,"column":46}},"line":11},"3":{"name":"(anonymous_3)","decl":{"start":{"line":14,"column":22},"end":{"line":14,"column":23}},"loc":{"start":{"line":14,"column":27},"end":{"line":17,"column":3}},"line":14},"4":{"name":"(anonymous_4)","decl":{"start":{"line":19,"column":12},"end":{"line":19,"column":13}},"loc":{"start":{"line":19,"column":18},"end":{"line":22,"column":3}},"line":19},"5":{"name":"(anonymous_5)","decl":{"start":{"line":36,"column":23},"end":{"line":36,"column":24}},"loc":{"start":{"line":36,"column":33},"end":{"line":41,"column":9}},"line":36}},"branchMap":{},"s":{"0":1,"1":1,"2":2,"3":1,"4":2,"5":1,"6":1,"7":0,"8":0,"9":1,"10":1,"11":1,"12":1,"13":0},"f":{"0":1,"1":2,"2":2,"3":0,"4":1,"5":0},"b":{},"_coverageSchema":"43e27e138ebf9cfc5966b082cf9a028302ed4184","hash":"22cce91903585be1e3964902e67cab5eca8193b0"}
,"/Users/anthonylopez/LambdaSchool/Labs-TL/Studium-FE/src/components/dashboard/styles-dashboard/dashboardStyles.js": {"path":"/Users/anthonylopez/LambdaSchool/Labs-TL/Studium-FE/src/components/dashboard/styles-dashboard/dashboardStyles.js","statementMap":{"0":{"start":{"line":3,"column":21},"end":{"line":15,"column":1}},"1":{"start":{"line":17,"column":21},"end":{"line":24,"column":1}},"2":{"start":{"line":26,"column":20},"end":{"line":34,"column":1}},"3":{"start":{"line":36,"column":22},"end":{"line":43,"column":1}},"4":{"start":{"line":45,"column":25},"end":{"line":52,"column":1}},"5":{"start":{"line":54,"column":25},"end":{"line":66,"column":1}},"6":{"start":{"line":68,"column":25},"end":{"line":79,"column":1}},"7":{"start":{"line":81,"column":26},"end":{"line":93,"column":1}}},"fnMap":{},"branchMap":{},"s":{"0":1,"1":1,"2":1,"3":1,"4":1,"5":1,"6":1,"7":1},"f":{},"b":{},"_coverageSchema":"43e27e138ebf9cfc5966b082cf9a028302ed4184","hash":"4d0a56f219b2c8f2a38e9313c6a97d66099ca367"}
,"/Users/anthonylopez/LambdaSchool/Labs-TL/Studium-FE/src/components/decks/CreateDeckForm.js": {"path":"/Users/anthonylopez/LambdaSchool/Labs-TL/Studium-FE/src/components/decks/CreateDeckForm.js","statementMap":{"0":{"start":{"line":9,"column":23},"end":{"line":59,"column":1}},"1":{"start":{"line":10,"column":15},"end":{"line":10,"column":49}},"2":{"start":{"line":10,"column":38},"end":{"line":10,"column":48}},"3":{"start":{"line":11,"column":19},"end":{"line":11,"column":32}},"4":{"start":{"line":13,"column":28},"end":{"line":13,"column":38}},"5":{"start":{"line":14,"column":28},"end":{"line":14,"column":44}},"6":{"start":{"line":16,"column":38},"end":{"line":19,"column":4}},"7":{"start":{"line":21,"column":23},"end":{"line":26,"column":3}},"8":{"start":{"line":22,"column":4},"end":{"line":25,"column":6}},"9":{"start":{"line":28,"column":23},"end":{"line":35,"column":3}},"10":{"start":{"line":29,"column":4},"end":{"line":29,"column":22}},"11":{"start":{"line":30,"column":4},"end":{"line":30,"column":37}},"12":{"start":{"line":31,"column":4},"end":{"line":34,"column":6}},"13":{"start":{"line":37,"column":17},"end":{"line":37,"column":83}},"14":{"start":{"line":39,"column":2},"end":{"line":58,"column":3}},"15":{"start":{"line":54,"column":76},"end":{"line":54,"column":98}}},"fnMap":{"0":{"name":"(anonymous_0)","decl":{"start":{"line":9,"column":23},"end":{"line":9,"column":24}},"loc":{"start":{"line":9,"column":29},"end":{"line":59,"column":1}},"line":9},"1":{"name":"(anonymous_1)","decl":{"start":{"line":10,"column":27},"end":{"line":10,"column":28}},"loc":{"start":{"line":10,"column":38},"end":{"line":10,"column":48}},"line":10},"2":{"name":"(anonymous_2)","decl":{"start":{"line":21,"column":23},"end":{"line":21,"column":24}},"loc":{"start":{"line":21,"column":30},"end":{"line":26,"column":3}},"line":21},"3":{"name":"(anonymous_3)","decl":{"start":{"line":28,"column":23},"end":{"line":28,"column":24}},"loc":{"start":{"line":28,"column":30},"end":{"line":35,"column":3}},"line":28},"4":{"name":"(anonymous_4)","decl":{"start":{"line":54,"column":58},"end":{"line":54,"column":59}},"loc":{"start":{"line":54,"column":76},"end":{"line":54,"column":98}},"line":54}},"branchMap":{},"s":{"0":0,"1":0,"2":0,"3":0,"4":0,"5":0,"6":0,"7":0,"8":0,"9":0,"10":0,"11":0,"12":0,"13":0,"14":0,"15":0},"f":{"0":0,"1":0,"2":0,"3":0,"4":0},"b":{},"hash":"240157dacb308405469df5fa1e11e78c3dcad466"}
,"/Users/anthonylopez/LambdaSchool/Labs-TL/Studium-FE/src/components/decks/DeckCardView.js": {"path":"/Users/anthonylopez/LambdaSchool/Labs-TL/Studium-FE/src/components/decks/DeckCardView.js","statementMap":{"0":{"start":{"line":9,"column":18},"end":{"line":18,"column":2}},"1":{"start":{"line":20,"column":21},"end":{"line":77,"column":1}},"2":{"start":{"line":21,"column":21},"end":{"line":21,"column":34}},"3":{"start":{"line":22,"column":22},"end":{"line":22,"column":59}},"4":{"start":{"line":22,"column":43},"end":{"line":22,"column":58}},"5":{"start":{"line":23,"column":20},"end":{"line":23,"column":32}},"6":{"start":{"line":25,"column":32},"end":{"line":25,"column":42}},"7":{"start":{"line":26,"column":27},"end":{"line":26,"column":40}},"8":{"start":{"line":28,"column":4},"end":{"line":35,"column":10}},"9":{"start":{"line":29,"column":26},"end":{"line":33,"column":9}},"10":{"start":{"line":30,"column":12},"end":{"line":32,"column":14}},"11":{"start":{"line":31,"column":16},"end":{"line":31,"column":33}},"12":{"start":{"line":34,"column":8},"end":{"line":34,"column":20}},"13":{"start":{"line":37,"column":24},"end":{"line":41,"column":6}},"14":{"start":{"line":38,"column":8},"end":{"line":38,"column":67}},"15":{"start":{"line":39,"column":8},"end":{"line":39,"column":51}},"16":{"start":{"line":40,"column":8},"end":{"line":40,"column":64}},"17":{"start":{"line":43,"column":4},"end":{"line":76,"column":5}}},"fnMap":{"0":{"name":"(anonymous_0)","decl":{"start":{"line":20,"column":21},"end":{"line":20,"column":22}},"loc":{"start":{"line":20,"column":44},"end":{"line":77,"column":1}},"line":20},"1":{"name":"(anonymous_1)","decl":{"start":{"line":22,"column":34},"end":{"line":22,"column":35}},"loc":{"start":{"line":22,"column":43},"end":{"line":22,"column":58}},"line":22},"2":{"name":"(anonymous_2)","decl":{"start":{"line":28,"column":14},"end":{"line":28,"column":15}},"loc":{"start":{"line":28,"column":20},"end":{"line":35,"column":5}},"line":28},"3":{"name":"(anonymous_3)","decl":{"start":{"line":29,"column":26},"end":{"line":29,"column":27}},"loc":{"start":{"line":29,"column":32},"end":{"line":33,"column":9}},"line":29},"4":{"name":"(anonymous_4)","decl":{"start":{"line":30,"column":30},"end":{"line":30,"column":31}},"loc":{"start":{"line":30,"column":45},"end":{"line":32,"column":13}},"line":30},"5":{"name":"(anonymous_5)","decl":{"start":{"line":37,"column":24},"end":{"line":37,"column":25}},"loc":{"start":{"line":37,"column":30},"end":{"line":41,"column":6}},"line":37}},"branchMap":{},"s":{"0":0,"1":0,"2":0,"3":0,"4":0,"5":0,"6":0,"7":0,"8":0,"9":0,"10":0,"11":0,"12":0,"13":0,"14":0,"15":0,"16":0,"17":0},"f":{"0":0,"1":0,"2":0,"3":0,"4":0,"5":0},"b":{},"hash":"b45ea884992ff1ab1fb92a424cab3dc4d77201cc"}
,"/Users/anthonylopez/LambdaSchool/Labs-TL/Studium-FE/src/components/decks/DeckDetails.js": {"path":"/Users/anthonylopez/LambdaSchool/Labs-TL/Studium-FE/src/components/decks/DeckDetails.js","statementMap":{"0":{"start":{"line":8,"column":20},"end":{"line":41,"column":1}},"1":{"start":{"line":9,"column":21},"end":{"line":9,"column":34}},"2":{"start":{"line":10,"column":30},"end":{"line":10,"column":34}},"3":{"start":{"line":11,"column":30},"end":{"line":11,"column":42}},"4":{"start":{"line":13,"column":24},"end":{"line":15,"column":5}},"5":{"start":{"line":14,"column":8},"end":{"line":14,"column":44}},"6":{"start":{"line":17,"column":4},"end":{"line":29,"column":10}},"7":{"start":{"line":18,"column":25},"end":{"line":27,"column":9}},"8":{"start":{"line":19,"column":12},"end":{"line":26,"column":18}},"9":{"start":{"line":22,"column":20},"end":{"line":22,"column":38}},"10":{"start":{"line":25,"column":20},"end":{"line":25,"column":64}},"11":{"start":{"line":28,"column":8},"end":{"line":28,"column":18}},"12":{"start":{"line":31,"column":4},"end":{"line":40,"column":6}}},"fnMap":{"0":{"name":"(anonymous_0)","decl":{"start":{"line":8,"column":20},"end":{"line":8,"column":21}},"loc":{"start":{"line":8,"column":58},"end":{"line":41,"column":1}},"line":8},"1":{"name":"(anonymous_1)","decl":{"start":{"line":13,"column":24},"end":{"line":13,"column":25}},"loc":{"start":{"line":13,"column":29},"end":{"line":15,"column":5}},"line":13},"2":{"name":"(anonymous_2)","decl":{"start":{"line":17,"column":14},"end":{"line":17,"column":15}},"loc":{"start":{"line":17,"column":20},"end":{"line":29,"column":5}},"line":17},"3":{"name":"(anonymous_3)","decl":{"start":{"line":18,"column":25},"end":{"line":18,"column":26}},"loc":{"start":{"line":18,"column":31},"end":{"line":27,"column":9}},"line":18},"4":{"name":"(anonymous_4)","decl":{"start":{"line":21,"column":22},"end":{"line":21,"column":23}},"loc":{"start":{"line":21,"column":29},"end":{"line":23,"column":17}},"line":21},"5":{"name":"(anonymous_5)","decl":{"start":{"line":24,"column":23},"end":{"line":24,"column":24}},"loc":{"start":{"line":24,"column":30},"end":{"line":26,"column":17}},"line":24}},"branchMap":{},"s":{"0":1,"1":0,"2":0,"3":0,"4":0,"5":0,"6":0,"7":0,"8":0,"9":0,"10":0,"11":0,"12":0},"f":{"0":0,"1":0,"2":0,"3":0,"4":0,"5":0},"b":{},"_coverageSchema":"43e27e138ebf9cfc5966b082cf9a028302ed4184","hash":"bae53de5379ef796ed612c7d1ad0b5032272e50b"}
,"/Users/anthonylopez/LambdaSchool/Labs-TL/Studium-FE/src/components/decks/DeckView.js": {"path":"/Users/anthonylopez/LambdaSchool/Labs-TL/Studium-FE/src/components/decks/DeckView.js","statementMap":{"0":{"start":{"line":10,"column":17},"end":{"line":81,"column":1}},"1":{"start":{"line":11,"column":20},"end":{"line":11,"column":33}},"2":{"start":{"line":12,"column":21},"end":{"line":12,"column":58}},"3":{"start":{"line":12,"column":42},"end":{"line":12,"column":57}},"4":{"start":{"line":13,"column":35},"end":{"line":13,"column":45}},"5":{"start":{"line":14,"column":39},"end":{"line":14,"column":49}},"6":{"start":{"line":15,"column":45},"end":{"line":21,"column":5}},"7":{"start":{"line":23,"column":18},"end":{"line":23,"column":29}},"8":{"start":{"line":25,"column":3},"end":{"line":37,"column":9}},"9":{"start":{"line":26,"column":6},"end":{"line":36,"column":8}},"10":{"start":{"line":27,"column":9},"end":{"line":35,"column":10}},"11":{"start":{"line":28,"column":12},"end":{"line":28,"column":39}},"12":{"start":{"line":29,"column":12},"end":{"line":29,"column":31}},"13":{"start":{"line":30,"column":12},"end":{"line":34,"column":14}},"14":{"start":{"line":39,"column":27},"end":{"line":42,"column":3}},"15":{"start":{"line":40,"column":6},"end":{"line":40,"column":46}},"16":{"start":{"line":41,"column":6},"end":{"line":41,"column":46}},"17":{"start":{"line":44,"column":32},"end":{"line":51,"column":4}},"18":{"start":{"line":45,"column":6},"end":{"line":50,"column":8}},"19":{"start":{"line":53,"column":30},"end":{"line":55,"column":4}},"20":{"start":{"line":54,"column":6},"end":{"line":54,"column":48}},"21":{"start":{"line":57,"column":3},"end":{"line":80,"column":4}}},"fnMap":{"0":{"name":"(anonymous_0)","decl":{"start":{"line":10,"column":17},"end":{"line":10,"column":18}},"loc":{"start":{"line":10,"column":42},"end":{"line":81,"column":1}},"line":10},"1":{"name":"(anonymous_1)","decl":{"start":{"line":12,"column":33},"end":{"line":12,"column":34}},"loc":{"start":{"line":12,"column":42},"end":{"line":12,"column":57}},"line":12},"2":{"name":"(anonymous_2)","decl":{"start":{"line":25,"column":13},"end":{"line":25,"column":14}},"loc":{"start":{"line":25,"column":19},"end":{"line":37,"column":4}},"line":25},"3":{"name":"(anonymous_3)","decl":{"start":{"line":26,"column":20},"end":{"line":26,"column":21}},"loc":{"start":{"line":26,"column":28},"end":{"line":36,"column":7}},"line":26},"4":{"name":"(anonymous_4)","decl":{"start":{"line":39,"column":27},"end":{"line":39,"column":28}},"loc":{"start":{"line":39,"column":33},"end":{"line":42,"column":3}},"line":39},"5":{"name":"(anonymous_5)","decl":{"start":{"line":44,"column":32},"end":{"line":44,"column":33}},"loc":{"start":{"line":44,"column":38},"end":{"line":51,"column":4}},"line":44},"6":{"name":"(anonymous_6)","decl":{"start":{"line":53,"column":30},"end":{"line":53,"column":31}},"loc":{"start":{"line":53,"column":36},"end":{"line":55,"column":4}},"line":53}},"branchMap":{"0":{"loc":{"start":{"line":27,"column":9},"end":{"line":35,"column":10}},"type":"if","locations":[{"start":{"line":27,"column":9},"end":{"line":35,"column":10}},{"start":{"line":27,"column":9},"end":{"line":35,"column":10}}],"line":27}},"s":{"0":0,"1":0,"2":0,"3":0,"4":0,"5":0,"6":0,"7":0,"8":0,"9":0,"10":0,"11":0,"12":0,"13":0,"14":0,"15":0,"16":0,"17":0,"18":0,"19":0,"20":0,"21":0},"f":{"0":0,"1":0,"2":0,"3":0,"4":0,"5":0,"6":0},"b":{"0":[0,0]},"hash":"e5f4de5e01bb4f39eaa360b47c9a4744c7f88ecf"}
,"/Users/anthonylopez/LambdaSchool/Labs-TL/Studium-FE/src/components/decks/DeckViewCards.js": {"path":"/Users/anthonylopez/LambdaSchool/Labs-TL/Studium-FE/src/components/decks/DeckViewCards.js","statementMap":{"0":{"start":{"line":8,"column":22},"end":{"line":29,"column":1}},"1":{"start":{"line":9,"column":21},"end":{"line":9,"column":34}},"2":{"start":{"line":10,"column":22},"end":{"line":10,"column":59}},"3":{"start":{"line":10,"column":43},"end":{"line":10,"column":58}},"4":{"start":{"line":11,"column":19},"end":{"line":11,"column":30}},"5":{"start":{"line":13,"column":4},"end":{"line":15,"column":10}},"6":{"start":{"line":14,"column":8},"end":{"line":14,"column":39}},"7":{"start":{"line":17,"column":4},"end":{"line":28,"column":5}},"8":{"start":{"line":21,"column":20},"end":{"line":21,"column":71}}},"fnMap":{"0":{"name":"(anonymous_0)","decl":{"start":{"line":8,"column":22},"end":{"line":8,"column":23}},"loc":{"start":{"line":8,"column":47},"end":{"line":29,"column":1}},"line":8},"1":{"name":"(anonymous_1)","decl":{"start":{"line":10,"column":34},"end":{"line":10,"column":35}},"loc":{"start":{"line":10,"column":43},"end":{"line":10,"column":58}},"line":10},"2":{"name":"(anonymous_2)","decl":{"start":{"line":13,"column":14},"end":{"line":13,"column":15}},"loc":{"start":{"line":13,"column":20},"end":{"line":15,"column":5}},"line":13},"3":{"name":"(anonymous_3)","decl":{"start":{"line":20,"column":31},"end":{"line":20,"column":32}},"loc":{"start":{"line":21,"column":20},"end":{"line":21,"column":71}},"line":21}},"branchMap":{},"s":{"0":0,"1":0,"2":0,"3":0,"4":0,"5":0,"6":0,"7":0,"8":0},"f":{"0":0,"1":0,"2":0,"3":0},"b":{},"hash":"3777f4fac279232dc78ccfc3de407ac96e292e6c"}
,"/Users/anthonylopez/LambdaSchool/Labs-TL/Studium-FE/src/components/decks/EditDeck.js": {"path":"/Users/anthonylopez/LambdaSchool/Labs-TL/Studium-FE/src/components/decks/EditDeck.js","statementMap":{"0":{"start":{"line":21,"column":17},"end":{"line":101,"column":1}},"1":{"start":{"line":22,"column":20},"end":{"line":22,"column":33}},"2":{"start":{"line":23,"column":17},"end":{"line":23,"column":54}},"3":{"start":{"line":23,"column":38},"end":{"line":23,"column":53}},"4":{"start":{"line":24,"column":16},"end":{"line":24,"column":59}},"5":{"start":{"line":24,"column":37},"end":{"line":24,"column":58}},"6":{"start":{"line":26,"column":19},"end":{"line":26,"column":31}},"7":{"start":{"line":27,"column":18},"end":{"line":27,"column":29}},"8":{"start":{"line":29,"column":46},"end":{"line":29,"column":55}},"9":{"start":{"line":31,"column":35},"end":{"line":31,"column":45}},"10":{"start":{"line":32,"column":39},"end":{"line":32,"column":53}},"11":{"start":{"line":33,"column":39},"end":{"line":38,"column":5}},"12":{"start":{"line":40,"column":3},"end":{"line":42,"column":9}},"13":{"start":{"line":41,"column":6},"end":{"line":41,"column":33}},"14":{"start":{"line":44,"column":24},"end":{"line":49,"column":4}},"15":{"start":{"line":45,"column":2},"end":{"line":48,"column":5}},"16":{"start":{"line":51,"column":22},"end":{"line":55,"column":4}},"17":{"start":{"line":52,"column":6},"end":{"line":52,"column":35}},"18":{"start":{"line":53,"column":6},"end":{"line":53,"column":36}},"19":{"start":{"line":54,"column":6},"end":{"line":54,"column":23}},"20":{"start":{"line":57,"column":3},"end":{"line":100,"column":4}},"21":{"start":{"line":88,"column":21},"end":{"line":93,"column":22}}},"fnMap":{"0":{"name":"(anonymous_0)","decl":{"start":{"line":21,"column":17},"end":{"line":21,"column":18}},"loc":{"start":{"line":21,"column":28},"end":{"line":101,"column":1}},"line":21},"1":{"name":"(anonymous_1)","decl":{"start":{"line":23,"column":29},"end":{"line":23,"column":30}},"loc":{"start":{"line":23,"column":38},"end":{"line":23,"column":53}},"line":23},"2":{"name":"(anonymous_2)","decl":{"start":{"line":24,"column":28},"end":{"line":24,"column":29}},"loc":{"start":{"line":24,"column":37},"end":{"line":24,"column":58}},"line":24},"3":{"name":"(anonymous_3)","decl":{"start":{"line":40,"column":13},"end":{"line":40,"column":14}},"loc":{"start":{"line":40,"column":19},"end":{"line":42,"column":4}},"line":40},"4":{"name":"(anonymous_4)","decl":{"start":{"line":44,"column":24},"end":{"line":44,"column":25}},"loc":{"start":{"line":44,"column":29},"end":{"line":49,"column":4}},"line":44},"5":{"name":"(anonymous_5)","decl":{"start":{"line":51,"column":22},"end":{"line":51,"column":23}},"loc":{"start":{"line":51,"column":28},"end":{"line":55,"column":4}},"line":51},"6":{"name":"(anonymous_6)","decl":{"start":{"line":87,"column":29},"end":{"line":87,"column":30}},"loc":{"start":{"line":87,"column":37},"end":{"line":94,"column":19}},"line":87}},"branchMap":{},"s":{"0":0,"1":0,"2":0,"3":0,"4":0,"5":0,"6":0,"7":0,"8":0,"9":0,"10":0,"11":0,"12":0,"13":0,"14":0,"15":0,"16":0,"17":0,"18":0,"19":0,"20":0,"21":0},"f":{"0":0,"1":0,"2":0,"3":0,"4":0,"5":0,"6":0},"b":{},"hash":"89b12182be2e27d2ce4fb695b2104bad889513d5"}
,"/Users/anthonylopez/LambdaSchool/Labs-TL/Studium-FE/src/components/decks/EditDeckFooter.js": {"path":"/Users/anthonylopez/LambdaSchool/Labs-TL/Studium-FE/src/components/decks/EditDeckFooter.js","statementMap":{"0":{"start":{"line":7,"column":23},"end":{"line":32,"column":1}},"1":{"start":{"line":8,"column":20},"end":{"line":8,"column":33}},"2":{"start":{"line":10,"column":23},"end":{"line":12,"column":4}},"3":{"start":{"line":11,"column":6},"end":{"line":11,"column":36}},"4":{"start":{"line":14,"column":3},"end":{"line":31,"column":4}}},"fnMap":{"0":{"name":"(anonymous_0)","decl":{"start":{"line":7,"column":23},"end":{"line":7,"column":24}},"loc":{"start":{"line":7,"column":43},"end":{"line":32,"column":1}},"line":7},"1":{"name":"(anonymous_1)","decl":{"start":{"line":10,"column":23},"end":{"line":10,"column":24}},"loc":{"start":{"line":10,"column":28},"end":{"line":12,"column":4}},"line":10}},"branchMap":{},"s":{"0":0,"1":0,"2":0,"3":0,"4":0},"f":{"0":0,"1":0},"b":{},"hash":"6ca53acdf32aa4ba43fc016b5ab772b2994e14e2"}
,"/Users/anthonylopez/LambdaSchool/Labs-TL/Studium-FE/src/components/decks/StudyView.js": {"path":"/Users/anthonylopez/LambdaSchool/Labs-TL/Studium-FE/src/components/decks/StudyView.js","statementMap":{"0":{"start":{"line":17,"column":18},"end":{"line":175,"column":1}},"1":{"start":{"line":18,"column":20},"end":{"line":18,"column":33}},"2":{"start":{"line":20,"column":17},"end":{"line":20,"column":54}},"3":{"start":{"line":20,"column":38},"end":{"line":20,"column":53}},"4":{"start":{"line":21,"column":21},"end":{"line":21,"column":58}},"5":{"start":{"line":21,"column":42},"end":{"line":21,"column":57}},"6":{"start":{"line":22,"column":26},"end":{"line":22,"column":68}},"7":{"start":{"line":22,"column":47},"end":{"line":22,"column":67}},"8":{"start":{"line":24,"column":18},"end":{"line":24,"column":29}},"9":{"start":{"line":25,"column":35},"end":{"line":25,"column":47}},"10":{"start":{"line":26,"column":45},"end":{"line":26,"column":56}},"11":{"start":{"line":27,"column":21},"end":{"line":27,"column":32}},"12":{"start":{"line":28,"column":45},"end":{"line":28,"column":57}},"13":{"start":{"line":29,"column":33},"end":{"line":29,"column":57}},"14":{"start":{"line":30,"column":37},"end":{"line":30,"column":52}},"15":{"start":{"line":32,"column":20},"end":{"line":32,"column":109}},"16":{"start":{"line":32,"column":41},"end":{"line":32,"column":108}},"17":{"start":{"line":34,"column":3},"end":{"line":34,"column":35}},"18":{"start":{"line":35,"column":3},"end":{"line":35,"column":39}},"19":{"start":{"line":37,"column":3},"end":{"line":47,"column":9}},"20":{"start":{"line":38,"column":6},"end":{"line":40,"column":7}},"21":{"start":{"line":41,"column":6},"end":{"line":45,"column":8}},"22":{"start":{"line":42,"column":9},"end":{"line":44,"column":10}},"23":{"start":{"line":43,"column":12},"end":{"line":43,"column":39}},"24":{"start":{"line":49,"column":3},"end":{"line":54,"column":22}},"25":{"start":{"line":50,"column":6},"end":{"line":53,"column":8}},"26":{"start":{"line":56,"column":20},"end":{"line":69,"column":4}},"27":{"start":{"line":57,"column":6},"end":{"line":63,"column":7}},"28":{"start":{"line":58,"column":9},"end":{"line":58,"column":16}},"29":{"start":{"line":59,"column":9},"end":{"line":59,"column":38}},"30":{"start":{"line":61,"column":9},"end":{"line":61,"column":20}},"31":{"start":{"line":62,"column":9},"end":{"line":62,"column":38}},"32":{"start":{"line":64,"column":28},"end":{"line":64,"column":86}},"33":{"start":{"line":64,"column":57},"end":{"line":64,"column":85}},"34":{"start":{"line":65,"column":6},"end":{"line":68,"column":8}},"35":{"start":{"line":71,"column":20},"end":{"line":84,"column":4}},"36":{"start":{"line":72,"column":6},"end":{"line":78,"column":7}},"37":{"start":{"line":73,"column":9},"end":{"line":73,"column":34}},"38":{"start":{"line":74,"column":9},"end":{"line":74,"column":38}},"39":{"start":{"line":76,"column":9},"end":{"line":76,"column":20}},"40":{"start":{"line":77,"column":9},"end":{"line":77,"column":38}},"41":{"start":{"line":79,"column":28},"end":{"line":79,"column":86}},"42":{"start":{"line":79,"column":57},"end":{"line":79,"column":85}},"43":{"start":{"line":80,"column":6},"end":{"line":83,"column":8}},"44":{"start":{"line":86,"column":23},"end":{"line":107,"column":4}},"45":{"start":{"line":87,"column":31},"end":{"line":87,"column":53}},"46":{"start":{"line":88,"column":25},"end":{"line":94,"column":8}},"47":{"start":{"line":89,"column":9},"end":{"line":93,"column":10}},"48":{"start":{"line":95,"column":6},"end":{"line":95,"column":44}},"49":{"start":{"line":96,"column":6},"end":{"line":106,"column":55}},"50":{"start":{"line":99,"column":12},"end":{"line":99,"column":46}},"51":{"start":{"line":100,"column":12},"end":{"line":104,"column":14}},"52":{"start":{"line":101,"column":15},"end":{"line":101,"column":82}},"53":{"start":{"line":102,"column":15},"end":{"line":102,"column":41}},"54":{"start":{"line":103,"column":15},"end":{"line":103,"column":39}},"55":{"start":{"line":106,"column":23},"end":{"line":106,"column":54}},"56":{"start":{"line":109,"column":24},"end":{"line":118,"column":4}},"57":{"start":{"line":110,"column":26},"end":{"line":114,"column":7}},"58":{"start":{"line":115,"column":6},"end":{"line":115,"column":19}},"59":{"start":{"line":116,"column":6},"end":{"line":116,"column":46}},"60":{"start":{"line":117,"column":6},"end":{"line":117,"column":43}},"61":{"start":{"line":120,"column":25},"end":{"line":127,"column":4}},"62":{"start":{"line":121,"column":25},"end":{"line":124,"column":7}},"63":{"start":{"line":125,"column":6},"end":{"line":125,"column":34}},"64":{"start":{"line":126,"column":6},"end":{"line":126,"column":36}},"65":{"start":{"line":129,"column":3},"end":{"line":174,"column":4}}},"fnMap":{"0":{"name":"(anonymous_0)","decl":{"start":{"line":17,"column":18},"end":{"line":17,"column":19}},"loc":{"start":{"line":17,"column":24},"end":{"line":175,"column":1}},"line":17},"1":{"name":"(anonymous_1)","decl":{"start":{"line":20,"column":29},"end":{"line":20,"column":30}},"loc":{"start":{"line":20,"column":38},"end":{"line":20,"column":53}},"line":20},"2":{"name":"(anonymous_2)","decl":{"start":{"line":21,"column":33},"end":{"line":21,"column":34}},"loc":{"start":{"line":21,"column":42},"end":{"line":21,"column":57}},"line":21},"3":{"name":"(anonymous_3)","decl":{"start":{"line":22,"column":38},"end":{"line":22,"column":39}},"loc":{"start":{"line":22,"column":47},"end":{"line":22,"column":67}},"line":22},"4":{"name":"(anonymous_4)","decl":{"start":{"line":32,"column":33},"end":{"line":32,"column":34}},"loc":{"start":{"line":32,"column":41},"end":{"line":32,"column":108}},"line":32},"5":{"name":"(anonymous_5)","decl":{"start":{"line":37,"column":13},"end":{"line":37,"column":14}},"loc":{"start":{"line":37,"column":19},"end":{"line":47,"column":4}},"line":37},"6":{"name":"(anonymous_6)","decl":{"start":{"line":41,"column":20},"end":{"line":41,"column":21}},"loc":{"start":{"line":41,"column":28},"end":{"line":45,"column":7}},"line":41},"7":{"name":"(anonymous_7)","decl":{"start":{"line":49,"column":14},"end":{"line":49,"column":15}},"loc":{"start":{"line":49,"column":20},"end":{"line":54,"column":4}},"line":49},"8":{"name":"(anonymous_8)","decl":{"start":{"line":56,"column":20},"end":{"line":56,"column":21}},"loc":{"start":{"line":56,"column":26},"end":{"line":69,"column":4}},"line":56},"9":{"name":"(anonymous_9)","decl":{"start":{"line":64,"column":49},"end":{"line":64,"column":50}},"loc":{"start":{"line":64,"column":57},"end":{"line":64,"column":85}},"line":64},"10":{"name":"(anonymous_10)","decl":{"start":{"line":71,"column":20},"end":{"line":71,"column":21}},"loc":{"start":{"line":71,"column":26},"end":{"line":84,"column":4}},"line":71},"11":{"name":"(anonymous_11)","decl":{"start":{"line":79,"column":49},"end":{"line":79,"column":50}},"loc":{"start":{"line":79,"column":57},"end":{"line":79,"column":85}},"line":79},"12":{"name":"(anonymous_12)","decl":{"start":{"line":86,"column":23},"end":{"line":86,"column":24}},"loc":{"start":{"line":86,"column":29},"end":{"line":107,"column":4}},"line":86},"13":{"name":"(anonymous_13)","decl":{"start":{"line":88,"column":46},"end":{"line":88,"column":47}},"loc":{"start":{"line":88,"column":54},"end":{"line":94,"column":7}},"line":88},"14":{"name":"(anonymous_14)","decl":{"start":{"line":98,"column":15},"end":{"line":98,"column":16}},"loc":{"start":{"line":98,"column":22},"end":{"line":105,"column":10}},"line":98},"15":{"name":"(anonymous_15)","decl":{"start":{"line":100,"column":25},"end":{"line":100,"column":26}},"loc":{"start":{"line":100,"column":33},"end":{"line":104,"column":13}},"line":100},"16":{"name":"(anonymous_16)","decl":{"start":{"line":106,"column":16},"end":{"line":106,"column":17}},"loc":{"start":{"line":106,"column":23},"end":{"line":106,"column":54}},"line":106},"17":{"name":"(anonymous_17)","decl":{"start":{"line":109,"column":24},"end":{"line":109,"column":25}},"loc":{"start":{"line":109,"column":30},"end":{"line":118,"column":4}},"line":109},"18":{"name":"(anonymous_18)","decl":{"start":{"line":120,"column":25},"end":{"line":120,"column":26}},"loc":{"start":{"line":120,"column":31},"end":{"line":127,"column":4}},"line":120}},"branchMap":{"0":{"loc":{"start":{"line":32,"column":41},"end":{"line":32,"column":108}},"type":"binary-expr","locations":[{"start":{"line":32,"column":42},"end":{"line":32,"column":79}},{"start":{"line":32,"column":85},"end":{"line":32,"column":107}}],"line":32},"1":{"loc":{"start":{"line":42,"column":9},"end":{"line":44,"column":10}},"type":"if","locations":[{"start":{"line":42,"column":9},"end":{"line":44,"column":10}},{"start":{"line":42,"column":9},"end":{"line":44,"column":10}}],"line":42},"2":{"loc":{"start":{"line":57,"column":6},"end":{"line":63,"column":7}},"type":"if","locations":[{"start":{"line":57,"column":6},"end":{"line":63,"column":7}},{"start":{"line":57,"column":6},"end":{"line":63,"column":7}}],"line":57},"3":{"loc":{"start":{"line":72,"column":6},"end":{"line":78,"column":7}},"type":"if","locations":[{"start":{"line":72,"column":6},"end":{"line":78,"column":7}},{"start":{"line":72,"column":6},"end":{"line":78,"column":7}}],"line":72},"4":{"loc":{"start":{"line":133,"column":10},"end":{"line":171,"column":72}},"type":"cond-expr","locations":[{"start":{"line":134,"column":15},"end":{"line":170,"column":21}},{"start":{"line":171,"column":15},"end":{"line":171,"column":72}}],"line":133},"5":{"loc":{"start":{"line":144,"column":28},"end":{"line":146,"column":63}},"type":"cond-expr","locations":[{"start":{"line":145,"column":33},"end":{"line":145,"column":59}},{"start":{"line":146,"column":33},"end":{"line":146,"column":63}}],"line":144}},"s":{"0":1,"1":3,"2":3,"3":4,"4":3,"5":4,"6":3,"7":4,"8":3,"9":3,"10":3,"11":3,"12":3,"13":3,"14":3,"15":3,"16":0,"17":3,"18":3,"19":3,"20":1,"21":1,"22":0,"23":0,"24":3,"25":2,"26":3,"27":0,"28":0,"29":0,"30":0,"31":0,"32":0,"33":0,"34":0,"35":3,"36":0,"37":0,"38":0,"39":0,"40":0,"41":0,"42":0,"43":0,"44":3,"45":0,"46":0,"47":0,"48":0,"49":0,"50":0,"51":0,"52":0,"53":0,"54":0,"55":0,"56":3,"57":0,"58":0,"59":0,"60":0,"61":3,"62":0,"63":0,"64":0,"65":3},"f":{"0":3,"1":4,"2":4,"3":4,"4":0,"5":1,"6":0,"7":2,"8":0,"9":0,"10":0,"11":0,"12":0,"13":0,"14":0,"15":0,"16":0,"17":0,"18":0},"b":{"0":[0,0],"1":[0,0],"2":[0,0],"3":[0,0],"4":[0,3],"5":[0,0]},"_coverageSchema":"43e27e138ebf9cfc5966b082cf9a028302ed4184","hash":"9eae45138e3f4f6b30fb5451dd236e5c0a283162"}
,"/Users/anthonylopez/LambdaSchool/Labs-TL/Studium-FE/src/components/decks/updatedecks.js": {"path":"/Users/anthonylopez/LambdaSchool/Labs-TL/Studium-FE/src/components/decks/updatedecks.js","statementMap":{"0":{"start":{"line":4,"column":22},"end":{"line":26,"column":1}},"1":{"start":{"line":5,"column":32},"end":{"line":7,"column":6}},"2":{"start":{"line":9,"column":25},"end":{"line":19,"column":5}},"3":{"start":{"line":11,"column":8},"end":{"line":18,"column":12}},"4":{"start":{"line":14,"column":12},"end":{"line":14,"column":33}},"5":{"start":{"line":17,"column":12},"end":{"line":17,"column":28}},"6":{"start":{"line":21,"column":4},"end":{"line":25,"column":5}},"7":{"start":{"line":23,"column":34},"end":{"line":23,"column":56}}},"fnMap":{"0":{"name":"(anonymous_0)","decl":{"start":{"line":4,"column":22},"end":{"line":4,"column":23}},"loc":{"start":{"line":4,"column":30},"end":{"line":26,"column":1}},"line":4},"1":{"name":"(anonymous_1)","decl":{"start":{"line":9,"column":25},"end":{"line":9,"column":26}},"loc":{"start":{"line":9,"column":30},"end":{"line":19,"column":5}},"line":9},"2":{"name":"(anonymous_2)","decl":{"start":{"line":13,"column":14},"end":{"line":13,"column":15}},"loc":{"start":{"line":13,"column":20},"end":{"line":15,"column":9}},"line":13},"3":{"name":"(anonymous_3)","decl":{"start":{"line":16,"column":15},"end":{"line":16,"column":16}},"loc":{"start":{"line":16,"column":22},"end":{"line":18,"column":11}},"line":16},"4":{"name":"(anonymous_4)","decl":{"start":{"line":23,"column":29},"end":{"line":23,"column":30}},"loc":{"start":{"line":23,"column":34},"end":{"line":23,"column":56}},"line":23}},"branchMap":{},"s":{"0":2,"1":2,"2":2,"3":1,"4":0,"5":0,"6":2,"7":1},"f":{"0":2,"1":1,"2":0,"3":0,"4":1},"b":{},"_coverageSchema":"43e27e138ebf9cfc5966b082cf9a028302ed4184","hash":"b5394d34d9a697b242ae4f347733c903ffbddc4c"}
,"/Users/anthonylopez/LambdaSchool/Labs-TL/Studium-FE/src/components/decks/styles-decks/CreateDeckFormStyles.js": {"path":"/Users/anthonylopez/LambdaSchool/Labs-TL/Studium-FE/src/components/decks/styles-decks/CreateDeckFormStyles.js","statementMap":{"0":{"start":{"line":3,"column":27},"end":{"line":8,"column":1}},"1":{"start":{"line":10,"column":25},"end":{"line":17,"column":1}},"2":{"start":{"line":19,"column":28},"end":{"line":21,"column":1}},"3":{"start":{"line":23,"column":21},"end":{"line":32,"column":1}},"4":{"start":{"line":34,"column":28},"end":{"line":38,"column":1}},"5":{"start":{"line":40,"column":18},"end":{"line":46,"column":1}},"6":{"start":{"line":48,"column":18},"end":{"line":57,"column":1}},"7":{"start":{"line":59,"column":18},"end":{"line":67,"column":1}},"8":{"start":{"line":69,"column":29},"end":{"line":73,"column":1}}},"fnMap":{},"branchMap":{},"s":{"0":0,"1":0,"2":0,"3":0,"4":0,"5":0,"6":0,"7":0,"8":0},"f":{},"b":{},"hash":"693a720eaed0644c2b8ef11c607a5179a02cb273"}
,"/Users/anthonylopez/LambdaSchool/Labs-TL/Studium-FE/src/components/decks/styles-decks/DeckViewStyles.js": {"path":"/Users/anthonylopez/LambdaSchool/Labs-TL/Studium-FE/src/components/decks/styles-decks/DeckViewStyles.js","statementMap":{"0":{"start":{"line":3,"column":27},"end":{"line":7,"column":1}},"1":{"start":{"line":9,"column":28},"end":{"line":16,"column":1}},"2":{"start":{"line":18,"column":18},"end":{"line":24,"column":1}},"3":{"start":{"line":26,"column":18},"end":{"line":34,"column":1}},"4":{"start":{"line":36,"column":27},"end":{"line":44,"column":1}},"5":{"start":{"line":46,"column":26},"end":{"line":56,"column":1}},"6":{"start":{"line":58,"column":23},"end":{"line":69,"column":1}},"7":{"start":{"line":71,"column":21},"end":{"line":74,"column":1}},"8":{"start":{"line":76,"column":25},"end":{"line":82,"column":1}},"9":{"start":{"line":84,"column":23},"end":{"line":91,"column":1}},"10":{"start":{"line":93,"column":26},"end":{"line":100,"column":1}},"11":{"start":{"line":102,"column":29},"end":{"line":111,"column":1}},"12":{"start":{"line":113,"column":26},"end":{"line":126,"column":1}},"13":{"start":{"line":128,"column":27},"end":{"line":140,"column":1}}},"fnMap":{},"branchMap":{},"s":{"0":0,"1":0,"2":0,"3":0,"4":0,"5":0,"6":0,"7":0,"8":0,"9":0,"10":0,"11":0,"12":0,"13":0},"f":{},"b":{},"hash":"b924800ebcc04fc4965a8f82a886d1cbcbf3cbde"}
,"/Users/anthonylopez/LambdaSchool/Labs-TL/Studium-FE/src/components/decks/styles-decks/StudyViewStyles.js": {"path":"/Users/anthonylopez/LambdaSchool/Labs-TL/Studium-FE/src/components/decks/styles-decks/StudyViewStyles.js","statementMap":{"0":{"start":{"line":3,"column":27},"end":{"line":6,"column":1}},"1":{"start":{"line":8,"column":24},"end":{"line":17,"column":1}},"2":{"start":{"line":19,"column":30},"end":{"line":26,"column":1}},"3":{"start":{"line":28,"column":28},"end":{"line":34,"column":1}},"4":{"start":{"line":36,"column":20},"end":{"line":42,"column":1}},"5":{"start":{"line":44,"column":29},"end":{"line":55,"column":1}},"6":{"start":{"line":57,"column":26},"end":{"line":70,"column":1}}},"fnMap":{},"branchMap":{},"s":{"0":1,"1":1,"2":1,"3":1,"4":1,"5":1,"6":1},"f":{},"b":{},"_coverageSchema":"43e27e138ebf9cfc5966b082cf9a028302ed4184","hash":"7b64ae2789fe4505b656a182b9240e944131a57f"}
,"/Users/anthonylopez/LambdaSchool/Labs-TL/Studium-FE/src/components/login/Login.js": {"path":"/Users/anthonylopez/LambdaSchool/Labs-TL/Studium-FE/src/components/login/Login.js","statementMap":{"0":{"start":{"line":23,"column":14},"end":{"line":86,"column":1}},"1":{"start":{"line":24,"column":19},"end":{"line":24,"column":32}},"2":{"start":{"line":26,"column":28},"end":{"line":29,"column":4}},"3":{"start":{"line":31,"column":23},"end":{"line":36,"column":3}},"4":{"start":{"line":32,"column":4},"end":{"line":35,"column":7}},"5":{"start":{"line":38,"column":23},"end":{"line":53,"column":3}},"6":{"start":{"line":39,"column":4},"end":{"line":39,"column":23}},"7":{"start":{"line":40,"column":4},"end":{"line":52,"column":44}},"8":{"start":{"line":43,"column":8},"end":{"line":43,"column":54}},"9":{"start":{"line":44,"column":8},"end":{"line":50,"column":9}},"10":{"start":{"line":45,"column":10},"end":{"line":45,"column":30}},"11":{"start":{"line":46,"column":10},"end":{"line":46,"column":34}},"12":{"start":{"line":47,"column":10},"end":{"line":47,"column":43}},"13":{"start":{"line":49,"column":10},"end":{"line":49,"column":42}},"14":{"start":{"line":52,"column":22},"end":{"line":52,"column":42}},"15":{"start":{"line":55,"column":2},"end":{"line":85,"column":4}}},"fnMap":{"0":{"name":"(anonymous_0)","decl":{"start":{"line":23,"column":14},"end":{"line":23,"column":15}},"loc":{"start":{"line":23,"column":25},"end":{"line":86,"column":1}},"line":23},"1":{"name":"(anonymous_1)","decl":{"start":{"line":31,"column":23},"end":{"line":31,"column":24}},"loc":{"start":{"line":31,"column":30},"end":{"line":36,"column":3}},"line":31},"2":{"name":"(anonymous_2)","decl":{"start":{"line":38,"column":23},"end":{"line":38,"column":24}},"loc":{"start":{"line":38,"column":30},"end":{"line":53,"column":3}},"line":38},"3":{"name":"(anonymous_3)","decl":{"start":{"line":42,"column":12},"end":{"line":42,"column":13}},"loc":{"start":{"line":42,"column":21},"end":{"line":51,"column":7}},"line":42},"4":{"name":"(anonymous_4)","decl":{"start":{"line":52,"column":13},"end":{"line":52,"column":14}},"loc":{"start":{"line":52,"column":22},"end":{"line":52,"column":42}},"line":52},"5":{"name":"(anonymous_5)","decl":{"start":{"line":67,"column":19},"end":{"line":67,"column":20}},"loc":{"start":{"line":67,"column":25},"end":{"line":67,"column":27}},"line":67}},"branchMap":{"0":{"loc":{"start":{"line":44,"column":8},"end":{"line":50,"column":9}},"type":"if","locations":[{"start":{"line":44,"column":8},"end":{"line":50,"column":9}},{"start":{"line":44,"column":8},"end":{"line":50,"column":9}}],"line":44}},"s":{"0":0,"1":0,"2":0,"3":0,"4":0,"5":0,"6":0,"7":0,"8":0,"9":0,"10":0,"11":0,"12":0,"13":0,"14":0,"15":0},"f":{"0":0,"1":0,"2":0,"3":0,"4":0,"5":0},"b":{"0":[0,0]},"hash":"cbe600d07636bc46a3c11faf2eaa53c0f17ed1fb"}
,"/Users/anthonylopez/LambdaSchool/Labs-TL/Studium-FE/src/components/login/OktaLogin.js": {"path":"/Users/anthonylopez/LambdaSchool/Labs-TL/Studium-FE/src/components/login/OktaLogin.js","statementMap":{"0":{"start":{"line":4,"column":18},"end":{"line":14,"column":2}},"1":{"start":{"line":5,"column":38},"end":{"line":5,"column":51}},"2":{"start":{"line":6,"column":17},"end":{"line":6,"column":54}},"3":{"start":{"line":6,"column":23},"end":{"line":6,"column":54}},"4":{"start":{"line":8,"column":2},"end":{"line":13,"column":3}}},"fnMap":{"0":{"name":"(anonymous_0)","decl":{"start":{"line":4,"column":18},"end":{"line":4,"column":19}},"loc":{"start":{"line":4,"column":24},"end":{"line":14,"column":2}},"line":4},"1":{"name":"(anonymous_1)","decl":{"start":{"line":6,"column":17},"end":{"line":6,"column":18}},"loc":{"start":{"line":6,"column":23},"end":{"line":6,"column":54}},"line":6}},"branchMap":{},"s":{"0":0,"1":0,"2":0,"3":0,"4":0},"f":{"0":0,"1":0},"b":{},"hash":"81209cbfd1dae43b3344241360cb8ff28ed58e60"}
,"/Users/anthonylopez/LambdaSchool/Labs-TL/Studium-FE/src/components/login/loginstyles.js": {"path":"/Users/anthonylopez/LambdaSchool/Labs-TL/Studium-FE/src/components/login/loginstyles.js","statementMap":{"0":{"start":{"line":4,"column":27},"end":{"line":10,"column":1}},"1":{"start":{"line":11,"column":28},"end":{"line":15,"column":1}},"2":{"start":{"line":17,"column":19},"end":{"line":21,"column":1}},"3":{"start":{"line":22,"column":18},"end":{"line":30,"column":1}},"4":{"start":{"line":31,"column":23},"end":{"line":37,"column":1}},"5":{"start":{"line":38,"column":22},"end":{"line":43,"column":1}},"6":{"start":{"line":45,"column":18},"end":{"line":51,"column":1}},"7":{"start":{"line":52,"column":23},"end":{"line":57,"column":1}},"8":{"start":{"line":59,"column":20},"end":{"line":63,"column":1}},"9":{"start":{"line":64,"column":24},"end":{"line":74,"column":1}},"10":{"start":{"line":76,"column":23},"end":{"line":84,"column":1}},"11":{"start":{"line":86,"column":24},"end":{"line":96,"column":1}},"12":{"start":{"line":97,"column":24},"end":{"line":105,"column":1}},"13":{"start":{"line":106,"column":22},"end":{"line":112,"column":1}}},"fnMap":{},"branchMap":{},"s":{"0":0,"1":0,"2":0,"3":0,"4":0,"5":0,"6":0,"7":0,"8":0,"9":0,"10":0,"11":0,"12":0,"13":0},"f":{},"b":{},"hash":"02d493edf267603c95ba0d37f9cf89a84a359833"}
,"/Users/anthonylopez/LambdaSchool/Labs-TL/Studium-FE/src/components/navigation/AddCardNav.js": {"path":"/Users/anthonylopez/LambdaSchool/Labs-TL/Studium-FE/src/components/navigation/AddCardNav.js","statementMap":{"0":{"start":{"line":6,"column":19},"end":{"line":42,"column":1}},"1":{"start":{"line":7,"column":18},"end":{"line":7,"column":29}},"2":{"start":{"line":9,"column":3},"end":{"line":41,"column":4}}},"fnMap":{"0":{"name":"(anonymous_0)","decl":{"start":{"line":6,"column":19},"end":{"line":6,"column":20}},"loc":{"start":{"line":6,"column":25},"end":{"line":42,"column":1}},"line":6}},"branchMap":{},"s":{"0":0,"1":0,"2":0},"f":{"0":0},"b":{},"hash":"0d7c518855d500b6b3db0dfc6cb5122113ab1937"}
,"/Users/anthonylopez/LambdaSchool/Labs-TL/Studium-FE/src/components/navigation/Menu.js": {"path":"/Users/anthonylopez/LambdaSchool/Labs-TL/Studium-FE/src/components/navigation/Menu.js","statementMap":{"0":{"start":{"line":6,"column":25},"end":{"line":6,"column":31}},"1":{"start":{"line":8,"column":8},"end":{"line":10,"column":9}},"2":{"start":{"line":9,"column":12},"end":{"line":9,"column":32}},"3":{"start":{"line":12,"column":8},"end":{"line":28,"column":10}}},"fnMap":{"0":{"name":"(anonymous_0)","decl":{"start":{"line":5,"column":4},"end":{"line":5,"column":5}},"loc":{"start":{"line":5,"column":13},"end":{"line":29,"column":5}},"line":5}},"branchMap":{"0":{"loc":{"start":{"line":8,"column":8},"end":{"line":10,"column":9}},"type":"if","locations":[{"start":{"line":8,"column":8},"end":{"line":10,"column":9}},{"start":{"line":8,"column":8},"end":{"line":10,"column":9}}],"line":8}},"s":{"0":6,"1":6,"2":0,"3":6},"f":{"0":6},"b":{"0":[0,6]},"_coverageSchema":"43e27e138ebf9cfc5966b082cf9a028302ed4184","hash":"bd33e817b006e53d4612d42fea14e252e5ca13d3"}
,"/Users/anthonylopez/LambdaSchool/Labs-TL/Studium-FE/src/components/navigation/NavBar.js": {"path":"/Users/anthonylopez/LambdaSchool/Labs-TL/Studium-FE/src/components/navigation/NavBar.js","statementMap":{"0":{"start":{"line":6,"column":19},"end":{"line":17,"column":1}},"1":{"start":{"line":19,"column":13},"end":{"line":28,"column":1}},"2":{"start":{"line":31,"column":18},"end":{"line":31,"column":30}},"3":{"start":{"line":33,"column":23},"end":{"line":36,"column":3}},"4":{"start":{"line":34,"column":15},"end":{"line":34,"column":23}},"5":{"start":{"line":35,"column":4},"end":{"line":35,"column":23}},"6":{"start":{"line":38,"column":2},"end":{"line":48,"column":4}}},"fnMap":{"0":{"name":"NavBar","decl":{"start":{"line":30,"column":9},"end":{"line":30,"column":15}},"loc":{"start":{"line":30,"column":23},"end":{"line":49,"column":1}},"line":30},"1":{"name":"(anonymous_1)","decl":{"start":{"line":33,"column":23},"end":{"line":33,"column":24}},"loc":{"start":{"line":33,"column":29},"end":{"line":36,"column":3}},"line":33}},"branchMap":{},"s":{"0":2,"1":2,"2":5,"3":5,"4":0,"5":0,"6":5},"f":{"0":5,"1":0},"b":{},"_coverageSchema":"43e27e138ebf9cfc5966b082cf9a028302ed4184","hash":"3b9db9e8e6cbba2b14b423e700e9b4e416d2745a"}
,"/Users/anthonylopez/LambdaSchool/Labs-TL/Studium-FE/src/components/navigation/NavBarDash.js": {"path":"/Users/anthonylopez/LambdaSchool/Labs-TL/Studium-FE/src/components/navigation/NavBarDash.js","statementMap":{"0":{"start":{"line":9,"column":8},"end":{"line":9,"column":29}},"1":{"start":{"line":11,"column":8},"end":{"line":13,"column":10}},"2":{"start":{"line":15,"column":8},"end":{"line":15,"column":62}},"3":{"start":{"line":16,"column":8},"end":{"line":16,"column":52}},"4":{"start":{"line":20,"column":8},"end":{"line":20,"column":25}},"5":{"start":{"line":21,"column":8},"end":{"line":21,"column":27}},"6":{"start":{"line":25,"column":8},"end":{"line":29,"column":9}},"7":{"start":{"line":33,"column":8},"end":{"line":44,"column":9}},"8":{"start":{"line":37,"column":24},"end":{"line":37,"column":43}},"9":{"start":{"line":38,"column":24},"end":{"line":38,"column":60}}},"fnMap":{"0":{"name":"(anonymous_0)","decl":{"start":{"line":8,"column":4},"end":{"line":8,"column":5}},"loc":{"start":{"line":8,"column":32},"end":{"line":17,"column":5}},"line":8},"1":{"name":"(anonymous_1)","decl":{"start":{"line":19,"column":4},"end":{"line":19,"column":5}},"loc":{"start":{"line":19,"column":23},"end":{"line":22,"column":5}},"line":19},"2":{"name":"(anonymous_2)","decl":{"start":{"line":24,"column":4},"end":{"line":24,"column":5}},"loc":{"start":{"line":24,"column":17},"end":{"line":30,"column":5}},"line":24},"3":{"name":"(anonymous_3)","decl":{"start":{"line":32,"column":4},"end":{"line":32,"column":5}},"loc":{"start":{"line":32,"column":13},"end":{"line":45,"column":5}},"line":32},"4":{"name":"(anonymous_4)","decl":{"start":{"line":36,"column":29},"end":{"line":36,"column":30}},"loc":{"start":{"line":36,"column":36},"end":{"line":39,"column":21}},"line":36}},"branchMap":{},"s":{"0":3,"1":3,"2":3,"3":3,"4":0,"5":0,"6":0,"7":5,"8":0,"9":0},"f":{"0":3,"1":0,"2":0,"3":5,"4":0},"b":{},"_coverageSchema":"43e27e138ebf9cfc5966b082cf9a028302ed4184","hash":"15a968063e917d8a528dde8a8dd500c467f17716"}
,"/Users/anthonylopez/LambdaSchool/Labs-TL/Studium-FE/src/components/navigation/ProfileButton.js": {"path":"/Users/anthonylopez/LambdaSchool/Labs-TL/Studium-FE/src/components/navigation/ProfileButton.js","statementMap":{"0":{"start":{"line":6,"column":8},"end":{"line":13,"column":10}}},"fnMap":{"0":{"name":"(anonymous_0)","decl":{"start":{"line":5,"column":4},"end":{"line":5,"column":5}},"loc":{"start":{"line":5,"column":13},"end":{"line":14,"column":5}},"line":5}},"branchMap":{},"s":{"0":6},"f":{"0":6},"b":{},"_coverageSchema":"43e27e138ebf9cfc5966b082cf9a028302ed4184","hash":"8f18db30d70c071b26b0313da22c83069e735d87"}
,"/Users/anthonylopez/LambdaSchool/Labs-TL/Studium-FE/src/components/register/Register.js": {"path":"/Users/anthonylopez/LambdaSchool/Labs-TL/Studium-FE/src/components/register/Register.js","statementMap":{"0":{"start":{"line":9,"column":17},"end":{"line":113,"column":1}},"1":{"start":{"line":10,"column":19},"end":{"line":10,"column":32}},"2":{"start":{"line":12,"column":38},"end":{"line":18,"column":4}},"3":{"start":{"line":20,"column":23},"end":{"line":25,"column":3}},"4":{"start":{"line":21,"column":4},"end":{"line":24,"column":7}},"5":{"start":{"line":27,"column":23},"end":{"line":41,"column":3}},"6":{"start":{"line":28,"column":4},"end":{"line":28,"column":23}},"7":{"start":{"line":29,"column":4},"end":{"line":40,"column":44}},"8":{"start":{"line":32,"column":8},"end":{"line":32,"column":54}},"9":{"start":{"line":33,"column":8},"end":{"line":33,"column":27}},"10":{"start":{"line":34,"column":8},"end":{"line":38,"column":9}},"11":{"start":{"line":35,"column":10},"end":{"line":35,"column":43}},"12":{"start":{"line":37,"column":10},"end":{"line":37,"column":42}},"13":{"start":{"line":40,"column":22},"end":{"line":40,"column":42}},"14":{"start":{"line":43,"column":2},"end":{"line":112,"column":4}}},"fnMap":{"0":{"name":"(anonymous_0)","decl":{"start":{"line":9,"column":17},"end":{"line":9,"column":18}},"loc":{"start":{"line":9,"column":28},"end":{"line":113,"column":1}},"line":9},"1":{"name":"(anonymous_1)","decl":{"start":{"line":20,"column":23},"end":{"line":20,"column":24}},"loc":{"start":{"line":20,"column":30},"end":{"line":25,"column":3}},"line":20},"2":{"name":"(anonymous_2)","decl":{"start":{"line":27,"column":23},"end":{"line":27,"column":24}},"loc":{"start":{"line":27,"column":30},"end":{"line":41,"column":3}},"line":27},"3":{"name":"(anonymous_3)","decl":{"start":{"line":31,"column":12},"end":{"line":31,"column":13}},"loc":{"start":{"line":31,"column":21},"end":{"line":39,"column":7}},"line":31},"4":{"name":"(anonymous_4)","decl":{"start":{"line":40,"column":13},"end":{"line":40,"column":14}},"loc":{"start":{"line":40,"column":22},"end":{"line":40,"column":42}},"line":40},"5":{"name":"(anonymous_5)","decl":{"start":{"line":54,"column":19},"end":{"line":54,"column":20}},"loc":{"start":{"line":54,"column":25},"end":{"line":54,"column":27}},"line":54}},"branchMap":{"0":{"loc":{"start":{"line":34,"column":8},"end":{"line":38,"column":9}},"type":"if","locations":[{"start":{"line":34,"column":8},"end":{"line":38,"column":9}},{"start":{"line":34,"column":8},"end":{"line":38,"column":9}}],"line":34}},"s":{"0":1,"1":49,"2":49,"3":49,"4":48,"5":49,"6":0,"7":0,"8":0,"9":0,"10":0,"11":0,"12":0,"13":0,"14":49},"f":{"0":49,"1":48,"2":0,"3":0,"4":0,"5":0},"b":{"0":[0,0]},"_coverageSchema":"43e27e138ebf9cfc5966b082cf9a028302ed4184","hash":"1b92000d0be5fdbe83f0d69c88439043d64c01e5"}
[...]
nonymous_4)","decl":{"start":{"line":30,"column":19},"end":{"line":30,"column":20}},"loc":{"start":{"line":30,"column":26},"end":{"line":32,"column":13}},"line":30},"5":{"name":"(anonymous_5)","decl":{"start":{"line":34,"column":13},"end":{"line":34,"column":14}},"loc":{"start":{"line":34,"column":20},"end":{"line":36,"column":7}},"line":34},"6":{"name":"(anonymous_6)","decl":{"start":{"line":39,"column":30},"end":{"line":39,"column":31}},"loc":{"start":{"line":39,"column":38},"end":{"line":49,"column":1}},"line":39},"7":{"name":"(anonymous_7)","decl":{"start":{"line":39,"column":38},"end":{"line":39,"column":39}},"loc":{"start":{"line":39,"column":50},"end":{"line":49,"column":1}},"line":39},"8":{"name":"(anonymous_8)","decl":{"start":{"line":42,"column":12},"end":{"line":42,"column":13}},"loc":{"start":{"line":42,"column":19},"end":{"line":44,"column":7}},"line":42},"9":{"name":"(anonymous_9)","decl":{"start":{"line":45,"column":13},"end":{"line":45,"column":14}},"loc":{"start":{"line":45,"column":20},"end":{"line":48,"column":7}},"line":45},"10":{"name":"(anonymous_10)","decl":{"start":{"line":51,"column":27},"end":{"line":51,"column":28}},"loc":{"start":{"line":51,"column":43},"end":{"line":63,"column":1}},"line":51},"11":{"name":"(anonymous_11)","decl":{"start":{"line":51,"column":43},"end":{"line":51,"column":44}},"loc":{"start":{"line":51,"column":55},"end":{"line":63,"column":1}},"line":51},"12":{"name":"(anonymous_12)","decl":{"start":{"line":54,"column":12},"end":{"line":54,"column":13}},"loc":{"start":{"line":54,"column":19},"end":{"line":58,"column":7}},"line":54},"13":{"name":"(anonymous_13)","decl":{"start":{"line":59,"column":13},"end":{"line":59,"column":14}},"loc":{"start":{"line":59,"column":20},"end":{"line":62,"column":3}},"line":59},"14":{"name":"(anonymous_14)","decl":{"start":{"line":65,"column":24},"end":{"line":65,"column":25}},"loc":{"start":{"line":65,"column":40},"end":{"line":78,"column":1}},"line":65},"15":{"name":"(anonymous_15)","decl":{"start":{"line":65,"column":40},"end":{"line":65,"column":41}},"loc":{"start":{"line":65,"column":52},"end":{"line":78,"column":1}},"line":65},"16":{"name":"(anonymous_16)","decl":{"start":{"line":68,"column":12},"end":{"line":68,"column":13}},"loc":{"start":{"line":68,"column":19},"end":{"line":72,"column":7}},"line":68},"17":{"name":"(anonymous_17)","decl":{"start":{"line":73,"column":13},"end":{"line":73,"column":14}},"loc":{"start":{"line":73,"column":20},"end":{"line":77,"column":3}},"line":73},"18":{"name":"(anonymous_18)","decl":{"start":{"line":80,"column":34},"end":{"line":80,"column":35}},"loc":{"start":{"line":80,"column":50},"end":{"line":82,"column":1}},"line":80},"19":{"name":"(anonymous_19)","decl":{"start":{"line":80,"column":50},"end":{"line":80,"column":51}},"loc":{"start":{"line":80,"column":62},"end":{"line":82,"column":1}},"line":80},"20":{"name":"(anonymous_20)","decl":{"start":{"line":84,"column":27},"end":{"line":84,"column":28}},"loc":{"start":{"line":84,"column":41},"end":{"line":95,"column":1}},"line":84},"21":{"name":"(anonymous_21)","decl":{"start":{"line":84,"column":41},"end":{"line":84,"column":42}},"loc":{"start":{"line":84,"column":53},"end":{"line":95,"column":1}},"line":84},"22":{"name":"(anonymous_22)","decl":{"start":{"line":87,"column":12},"end":{"line":87,"column":13}},"loc":{"start":{"line":87,"column":19},"end":{"line":90,"column":7}},"line":87},"23":{"name":"(anonymous_23)","decl":{"start":{"line":91,"column":13},"end":{"line":91,"column":14}},"loc":{"start":{"line":91,"column":20},"end":{"line":94,"column":3}},"line":91},"24":{"name":"(anonymous_24)","decl":{"start":{"line":97,"column":24},"end":{"line":97,"column":25}},"loc":{"start":{"line":97,"column":40},"end":{"line":124,"column":1}},"line":97},"25":{"name":"(anonymous_25)","decl":{"start":{"line":97,"column":40},"end":{"line":97,"column":41}},"loc":{"start":{"line":97,"column":52},"end":{"line":124,"column":1}},"line":97},"26":{"name":"(anonymous_26)","decl":{"start":{"line":101,"column":15},"end":{"line":101,"column":16}},"loc":{"start":{"line":101,"column":22},"end":{"line":104,"column":10}},"line":101},"27":{"name":"(anonymous_27)","decl":{"start":{"line":105,"column":16},"end":{"line":105,"column":17}},"loc":{"start":{"line":105,"column":23},"end":{"line":109,"column":6}},"line":105},"28":{"name":"(anonymous_28)","decl":{"start":{"line":114,"column":15},"end":{"line":114,"column":16}},"loc":{"start":{"line":114,"column":22},"end":{"line":117,"column":10}},"line":114},"29":{"name":"(anonymous_29)","decl":{"start":{"line":118,"column":16},"end":{"line":118,"column":17}},"loc":{"start":{"line":118,"column":23},"end":{"line":122,"column":6}},"line":118},"30":{"name":"(anonymous_30)","decl":{"start":{"line":126,"column":34},"end":{"line":126,"column":35}},"loc":{"start":{"line":126,"column":50},"end":{"line":128,"column":1}},"line":126},"31":{"name":"(anonymous_31)","decl":{"start":{"line":126,"column":50},"end":{"line":126,"column":51}},"loc":{"start":{"line":126,"column":62},"end":{"line":128,"column":1}},"line":126},"32":{"name":"(anonymous_32)","decl":{"start":{"line":130,"column":28},"end":{"line":130,"column":29}},"loc":{"start":{"line":130,"column":38},"end":{"line":141,"column":1}},"line":130},"33":{"name":"(anonymous_33)","decl":{"start":{"line":130,"column":38},"end":{"line":130,"column":39}},"loc":{"start":{"line":130,"column":50},"end":{"line":141,"column":1}},"line":130},"34":{"name":"(anonymous_34)","decl":{"start":{"line":133,"column":12},"end":{"line":133,"column":13}},"loc":{"start":{"line":133,"column":19},"end":{"line":136,"column":7}},"line":133},"35":{"name":"(anonymous_35)","decl":{"start":{"line":137,"column":13},"end":{"line":137,"column":14}},"loc":{"start":{"line":137,"column":20},"end":{"line":140,"column":3}},"line":137},"36":{"name":"(anonymous_36)","decl":{"start":{"line":143,"column":31},"end":{"line":143,"column":32}},"loc":{"start":{"line":143,"column":37},"end":{"line":145,"column":1}},"line":143},"37":{"name":"(anonymous_37)","decl":{"start":{"line":143,"column":37},"end":{"line":143,"column":38}},"loc":{"start":{"line":143,"column":49},"end":{"line":145,"column":1}},"line":143},"38":{"name":"(anonymous_38)","decl":{"start":{"line":147,"column":22},"end":{"line":147,"column":23}},"loc":{"start":{"line":147,"column":28},"end":{"line":149,"column":1}},"line":147},"39":{"name":"(anonymous_39)","decl":{"start":{"line":147,"column":28},"end":{"line":147,"column":29}},"loc":{"start":{"line":147,"column":40},"end":{"line":149,"column":1}},"line":147},"40":{"name":"(anonymous_40)","decl":{"start":{"line":151,"column":33},"end":{"line":151,"column":34}},"loc":{"start":{"line":151,"column":41},"end":{"line":162,"column":1}},"line":151},"41":{"name":"(anonymous_41)","decl":{"start":{"line":151,"column":41},"end":{"line":151,"column":42}},"loc":{"start":{"line":151,"column":53},"end":{"line":162,"column":1}},"line":151},"42":{"name":"(anonymous_42)","decl":{"start":{"line":154,"column":12},"end":{"line":154,"column":13}},"loc":{"start":{"line":154,"column":19},"end":{"line":157,"column":7}},"line":154},"43":{"name":"(anonymous_43)","decl":{"start":{"line":158,"column":13},"end":{"line":158,"column":14}},"loc":{"start":{"line":158,"column":20},"end":{"line":161,"column":3}},"line":158},"44":{"name":"(anonymous_44)","decl":{"start":{"line":164,"column":26},"end":{"line":164,"column":27}},"loc":{"start":{"line":164,"column":32},"end":{"line":177,"column":1}},"line":164},"45":{"name":"(anonymous_45)","decl":{"start":{"line":164,"column":32},"end":{"line":164,"column":33}},"loc":{"start":{"line":164,"column":44},"end":{"line":177,"column":1}},"line":164},"46":{"name":"(anonymous_46)","decl":{"start":{"line":168,"column":12},"end":{"line":168,"column":13}},"loc":{"start":{"line":168,"column":19},"end":{"line":172,"column":7}},"line":168},"47":{"name":"(anonymous_47)","decl":{"start":{"line":173,"column":13},"end":{"line":173,"column":14}},"loc":{"start":{"line":173,"column":20},"end":{"line":176,"column":3}},"line":173},"48":{"name":"(anonymous_48)","decl":{"start":{"line":179,"column":33},"end":{"line":179,"column":34}},"loc":{"start":{"line":179,"column":50},"end":{"line":181,"column":1}},"line":179},"49":{"name":"(anonymous_49)","decl":{"start":{"line":179,"column":50},"end":{"line":179,"column":51}},"loc":{"start":{"line":179,"column":62},"end":{"line":181,"column":1}},"line":179},"50":{"name":"(anonymous_50)","decl":{"start":{"line":183,"column":30},"end":{"line":183,"column":31}},"loc":{"start":{"line":183,"column":47},"end":{"line":195,"column":1}},"line":183},"51":{"name":"(anonymous_51)","decl":{"start":{"line":183,"column":47},"end":{"line":183,"column":48}},"loc":{"start":{"line":183,"column":59},"end":{"line":195,"column":1}},"line":183},"52":{"name":"(anonymous_52)","decl":{"start":{"line":188,"column":12},"end":{"line":188,"column":13}},"loc":{"start":{"line":188,"column":19},"end":{"line":190,"column":7}},"line":188},"53":{"name":"(anonymous_53)","decl":{"start":{"line":191,"column":13},"end":{"line":191,"column":14}},"loc":{"start":{"line":191,"column":20},"end":{"line":194,"column":3}},"line":191}},"branchMap":{"0":{"loc":{"start":{"line":98,"column":3},"end":{"line":123,"column":4}},"type":"if","locations":[{"start":{"line":98,"column":3},"end":{"line":123,"column":4}},{"start":{"line":98,"column":3},"end":{"line":123,"column":4}}],"line":98},"1":{"loc":{"start":{"line":110,"column":10},"end":{"line":123,"column":4}},"type":"if","locations":[{"start":{"line":110,"column":10},"end":{"line":123,"column":4}},{"start":{"line":110,"column":10},"end":{"line":123,"column":4}}],"line":110}},"s":{"0":3,"1":3,"2":3,"3":3,"4":3,"5":3,"6":3,"7":3,"8":3,"9":3,"10":3,"11":3,"12":3,"13":3,"14":3,"15":3,"16":3,"17":1,"18":1,"19":0,"20":0,"21":0,"22":0,"23":0,"24":3,"25":0,"26":0,"27":0,"28":0,"29":0,"30":3,"31":0,"32":0,"33":0,"34":0,"35":0,"36":0,"37":3,"38":0,"39":0,"40":0,"41":0,"42":0,"43":0,"44":0,"45":0,"46":3,"47":0,"48":0,"49":3,"50":0,"51":0,"52":0,"53":0,"54":0,"55":0,"56":3,"57":0,"58":0,"59":0,"60":0,"61":0,"62":0,"63":0,"64":0,"65":0,"66":0,"67":0,"68":0,"69":0,"70":0,"71":0,"72":0,"73":3,"74":0,"75":0,"76":3,"77":0,"78":0,"79":0,"80":0,"81":0,"82":0,"83":3,"84":0,"85":0,"86":3,"87":0,"88":0,"89":3,"90":0,"91":0,"92":0,"93":0,"94":0,"95":0,"96":3,"97":0,"98":0,"99":0,"100":0,"101":0,"102":0,"103":0,"104":0,"105":3,"106":0,"107":0,"108":3,"109":0,"110":0,"111":0,"112":0,"113":0,"114":0,"115":0},"f":{"0":1,"1":1,"2":0,"3":0,"4":0,"5":0,"6":0,"7":0,"8":0,"9":0,"10":0,"11":0,"12":0,"13":0,"14":0,"15":0,"16":0,"17":0,"18":0,"19":0,"20":0,"21":0,"22":0,"23":0,"24":0,"25":0,"26":0,"27":0,"28":0,"29":0,"30":0,"31":0,"32":0,"33":0,"34":0,"35":0,"36":0,"37":0,"38":0,"39":0,"40":0,"41":0,"42":0,"43":0,"44":0,"45":0,"46":0,"47":0,"48":0,"49":0,"50":0,"51":0,"52":0,"53":0},"b":{"0":[0,0],"1":[0,0]},"_coverageSchema":"43e27e138ebf9cfc5966b082cf9a028302ed4184","hash":"15c08727f8d99e1c77f69d98e3767a3eddea703b"}
,"/Users/anthonylopez/LambdaSchool/Labs-TL/Studium-FE/src/redux/index.js": {"path":"/Users/anthonylopez/LambdaSchool/Labs-TL/Studium-FE/src/redux/index.js","statementMap":{"0":{"start":{"line":7,"column":21},"end":{"line":22,"column":1}},"1":{"start":{"line":24,"column":20},"end":{"line":119,"column":1}},"2":{"start":{"line":25,"column":3},"end":{"line":118,"column":4}},"3":{"start":{"line":27,"column":9},"end":{"line":30,"column":10}},"4":{"start":{"line":32,"column":9},"end":{"line":35,"column":10}},"5":{"start":{"line":37,"column":9},"end":{"line":40,"column":10}},"6":{"start":{"line":42,"column":34},"end":{"line":42,"column":95}},"7":{"start":{"line":42,"column":65},"end":{"line":42,"column":94}},"8":{"start":{"line":43,"column":9},"end":{"line":46,"column":10}},"9":{"start":{"line":48,"column":9},"end":{"line":51,"column":10}},"10":{"start":{"line":53,"column":9},"end":{"line":56,"column":10}},"11":{"start":{"line":58,"column":9},"end":{"line":61,"column":10}},"12":{"start":{"line":63,"column":34},"end":{"line":63,"column":95}},"13":{"start":{"line":63,"column":65},"end":{"line":63,"column":94}},"14":{"start":{"line":64,"column":9},"end":{"line":68,"column":10}},"15":{"start":{"line":70,"column":39},"end":{"line":70,"column":97}},"16":{"start":{"line":70,"column":70},"end":{"line":70,"column":96}},"17":{"start":{"line":71,"column":9},"end":{"line":74,"column":10}},"18":{"start":{"line":76,"column":9},"end":{"line":79,"column":10}},"19":{"start":{"line":81,"column":9},"end":{"line":84,"column":10}},"20":{"start":{"line":86,"column":9},"end":{"line":89,"column":10}},"21":{"start":{"line":91,"column":9},"end":{"line":94,"column":10}},"22":{"start":{"line":96,"column":9},"end":{"line":99,"column":10}},"23":{"start":{"line":101,"column":9},"end":{"line":105,"column":10}},"24":{"start":{"line":107,"column":9},"end":{"line":110,"column":10}},"25":{"start":{"line":117,"column":9},"end":{"line":117,"column":22}},"26":{"start":{"line":121,"column":22},"end":{"line":124,"column":1}},"27":{"start":{"line":126,"column":25},"end":{"line":126,"column":67}},"28":{"start":{"line":128,"column":14},"end":{"line":128,"column":67}},"29":{"start":{"line":129,"column":18},"end":{"line":129,"column":37}},"30":{"start":{"line":130,"column":0},"end":{"line":130,"column":77}},"31":{"start":{"line":130,"column":22},"end":{"line":130,"column":76}}},"fnMap":{"0":{"name":"(anonymous_0)","decl":{"start":{"line":24,"column":20},"end":{"line":24,"column":21}},"loc":{"start":{"line":24,"column":54},"end":{"line":119,"column":1}},"line":24},"1":{"name":"(anonymous_1)","decl":{"start":{"line":42,"column":57},"end":{"line":42,"column":58}},"loc":{"start":{"line":42,"column":65},"end":{"line":42,"column":94}},"line":42},"2":{"name":"(anonymous_2)","decl":{"start":{"line":63,"column":57},"end":{"line":63,"column":58}},"loc":{"start":{"line":63,"column":65},"end":{"line":63,"column":94}},"line":63},"3":{"name":"(anonymous_3)","decl":{"start":{"line":70,"column":62},"end":{"line":70,"column":63}},"loc":{"start":{"line":70,"column":70},"end":{"line":70,"column":96}},"line":70},"4":{"name":"(anonymous_4)","decl":{"start":{"line":130,"column":16},"end":{"line":130,"column":17}},"loc":{"start":{"line":130,"column":22},"end":{"line":130,"column":76}},"line":130}},"branchMap":{"0":{"loc":{"start":{"line":24,"column":21},"end":{"line":24,"column":41}},"type":"default-arg","locations":[{"start":{"line":24,"column":29},"end":{"line":24,"column":41}}],"line":24},"1":{"loc":{"start":{"line":25,"column":3},"end":{"line":118,"column":4}},"type":"switch","locations":[{"start":{"line":26,"column":6},"end":{"line":30,"column":10}},{"start":{"line":31,"column":6},"end":{"line":35,"column":10}},{"start":{"line":36,"column":6},"end":{"line":40,"column":10}},{"start":{"line":41,"column":6},"end":{"line":46,"column":10}},{"start":{"line":47,"column":6},"end":{"line":51,"column":10}},{"start":{"line":52,"column":6},"end":{"line":56,"column":10}},{"start":{"line":57,"column":6},"end":{"line":61,"column":10}},{"start":{"line":62,"column":6},"end":{"line":68,"column":10}},{"start":{"line":69,"column":6},"end":{"line":74,"column":10}},{"start":{"line":75,"column":6},"end":{"line":79,"column":10}},{"start":{"line":80,"column":6},"end":{"line":84,"column":10}},{"start":{"line":85,"column":6},"end":{"line":89,"column":10}},{"start":{"line":90,"column":6},"end":{"line":94,"column":10}},{"start":{"line":95,"column":6},"end":{"line":99,"column":10}},{"start":{"line":100,"column":6},"end":{"line":105,"column":10}},{"start":{"line":106,"column":6},"end":{"line":110,"column":10}},{"start":{"line":116,"column":6},"end":{"line":117,"column":22}}],"line":25}},"s":{"0":3,"1":3,"2":9,"3":0,"4":0,"5":0,"6":0,"7":0,"8":0,"9":0,"10":0,"11":0,"12":0,"13":0,"14":0,"15":0,"16":0,"17":0,"18":0,"19":0,"20":0,"21":0,"22":0,"23":0,"24":0,"25":9,"26":3,"27":3,"28":3,"29":3,"30":3,"31":3},"f":{"0":9,"1":0,"2":0,"3":0,"4":3},"b":{"0":[3],"1":[0,0,0,0,0,0,0,0,0,0,0,0,0,0,0,0,9]},"_coverageSchema":"43e27e138ebf9cfc5966b082cf9a028302ed4184","hash":"7fbc738dc977ee3e665330e6dc6bf501f99bde08"}
,"/Users/anthonylopez/LambdaSchool/Labs-TL/Studium-FE/src/utils/ProtectedRoute.js": {"path":"/Users/anthonylopez/LambdaSchool/Labs-TL/Studium-FE/src/utils/ProtectedRoute.js","statementMap":{"0":{"start":{"line":4,"column":23},"end":{"line":17,"column":1}},"1":{"start":{"line":5,"column":4},"end":{"line":16,"column":5}},"2":{"start":{"line":9,"column":16},"end":{"line":13,"column":17}},"3":{"start":{"line":10,"column":20},"end":{"line":10,"column":51}},"4":{"start":{"line":12,"column":20},"end":{"line":12,"column":46}}},"fnMap":{"0":{"name":"(anonymous_0)","decl":{"start":{"line":4,"column":23},"end":{"line":4,"column":24}},"loc":{"start":{"line":4,"column":62},"end":{"line":17,"column":1}},"line":4},"1":{"name":"(anonymous_1)","decl":{"start":{"line":8,"column":20},"end":{"line":8,"column":21}},"loc":{"start":{"line":8,"column":31},"end":{"line":14,"column":13}},"line":8}},"branchMap":{"0":{"loc":{"start":{"line":9,"column":16},"end":{"line":13,"column":17}},"type":"if","locations":[{"start":{"line":9,"column":16},"end":{"line":13,"column":17}},{"start":{"line":9,"column":16},"end":{"line":13,"column":17}}],"line":9}},"s":{"0":0,"1":0,"2":0,"3":0,"4":0},"f":{"0":0,"1":0},"b":{"0":[0,0]},"hash":"501de00d0016d35b3f0b070e9e095215e11cab6b"}
,"/Users/anthonylopez/LambdaSchool/Labs-TL/Studium-FE/src/utils/axiosWithAuth.js": {"path":"/Users/anthonylopez/LambdaSchool/Labs-TL/Studium-FE/src/utils/axiosWithAuth.js","statementMap":{"0":{"start":{"line":3,"column":22},"end":{"line":12,"column":1}},"1":{"start":{"line":4,"column":17},"end":{"line":4,"column":46}},"2":{"start":{"line":6,"column":3},"end":{"line":11,"column":5}}},"fnMap":{"0":{"name":"(anonymous_0)","decl":{"start":{"line":3,"column":22},"end":{"line":3,"column":23}},"loc":{"start":{"line":3,"column":28},"end":{"line":12,"column":1}},"line":3}},"branchMap":{},"s":{"0":6,"1":3,"2":3},"f":{"0":3},"b":{},"_coverageSchema":"43e27e138ebf9cfc5966b082cf9a028302ed4184","hash":"cb9da253ee652af39408f7c21d4a34201859e016"}
,"/Users/anthonylopez/LambdaSchool/Labs-TL/Studium-FE/src/utils/logout.js": {"path":"/Users/anthonylopez/LambdaSchool/Labs-TL/Studium-FE/src/utils/logout.js","statementMap":{"0":{"start":{"line":3,"column":15},"end":{"line":12,"column":1}},"1":{"start":{"line":4,"column":19},"end":{"line":7,"column":7}},"2":{"start":{"line":5,"column":8},"end":{"line":5,"column":35}},"3":{"start":{"line":6,"column":8},"end":{"line":6,"column":31}},"4":{"start":{"line":9,"column":4},"end":{"line":11,"column":5}}},"fnMap":{"0":{"name":"(anonymous_0)","decl":{"start":{"line":3,"column":15},"end":{"line":3,"column":16}},"loc":{"start":{"line":3,"column":24},"end":{"line":12,"column":1}},"line":3},"1":{"name":"(anonymous_1)","decl":{"start":{"line":4,"column":19},"end":{"line":4,"column":20}},"loc":{"start":{"line":4,"column":24},"end":{"line":7,"column":7}},"line":4}},"branchMap":{},"s":{"0":1,"1":1,"2":0,"3":0,"4":1},"f":{"0":1,"1":0},"b":{},"_coverageSchema":"43e27e138ebf9cfc5966b082cf9a028302ed4184","hash":"d6bfba4065c0e5cc907123f01f7e25499fef813e"}
,"/Users/anthonylopez/LambdaSchool/Labs-TL/Studium-FE/src/utils/oktaConfig.js": {"path":"/Users/anthonylopez/LambdaSchool/Labs-TL/Studium-FE/src/utils/oktaConfig.js","statementMap":{"0":{"start":{"line":1,"column":20},"end":{"line":1,"column":48}},"1":{"start":{"line":2,"column":15},"end":{"line":2,"column":46}},"2":{"start":{"line":3,"column":13},"end":{"line":3,"column":48}},"3":{"start":{"line":5,"column":15},"end":{"line":5,"column":54}},"4":{"start":{"line":6,"column":13},"end":{"line":6,"column":33}},"5":{"start":{"line":7,"column":21},"end":{"line":7,"column":44}},"6":{"start":{"line":8,"column":15},"end":{"line":8,"column":37}},"7":{"start":{"line":10,"column":22},"end":{"line":15,"column":1}}},"fnMap":{},"branchMap":{},"s":{"0":0,"1":0,"2":0,"3":0,"4":0,"5":0,"6":0,"7":0},"f":{},"b":{},"hash":"e4a5834ee813d8a50c2d0986217b26fc960b6ab6"}
}
