{"/Users/anthonylopez/LambdaSchool/Labs-TL/Studium-FE/src/App.js": {"path":"/Users/anthonylopez/LambdaSchool/Labs-TL/Studium-FE/src/App.js","statementMap":{"0":{"start":{"line":20,"column":20},"end":{"line":25,"column":1}},"1":{"start":{"line":26,"column":22},"end":{"line":26,"column":42}},"2":{"start":{"line":29,"column":2},"end":{"line":46,"column":4}}},"fnMap":{"0":{"name":"App","decl":{"start":{"line":28,"column":9},"end":{"line":28,"column":12}},"loc":{"start":{"line":28,"column":15},"end":{"line":47,"column":1}},"line":28}},"branchMap":{},"s":{"0":0,"1":0,"2":0},"f":{"0":0},"b":{},"hash":"dc14214b4138e44e05ae3be6814fc3836ed8fcc2"}
,"/Users/anthonylopez/LambdaSchool/Labs-TL/Studium-FE/src/index.js": {"path":"/Users/anthonylopez/LambdaSchool/Labs-TL/Studium-FE/src/index.js","statementMap":{"0":{"start":{"line":12,"column":0},"end":{"line":23,"column":2}}},"fnMap":{},"branchMap":{},"s":{"0":0},"f":{},"b":{},"hash":"f453a585a5a0812d3a243a4d52c2a6d637a0aa7b"}
,"/Users/anthonylopez/LambdaSchool/Labs-TL/Studium-FE/src/components/cards/AddCardFooter.js": {"path":"/Users/anthonylopez/LambdaSchool/Labs-TL/Studium-FE/src/components/cards/AddCardFooter.js","statementMap":{"0":{"start":{"line":4,"column":22},"end":{"line":20,"column":1}},"1":{"start":{"line":6,"column":3},"end":{"line":19,"column":4}}},"fnMap":{"0":{"name":"(anonymous_0)","decl":{"start":{"line":4,"column":22},"end":{"line":4,"column":23}},"loc":{"start":{"line":4,"column":34},"end":{"line":20,"column":1}},"line":4}},"branchMap":{},"s":{"0":0,"1":0},"f":{"0":0},"b":{},"hash":"2bbd56c40dab5742501cf6d20c9cc4fd9462536d"}
,"/Users/anthonylopez/LambdaSchool/Labs-TL/Studium-FE/src/components/cards/CardCarousel.js": {"path":"/Users/anthonylopez/LambdaSchool/Labs-TL/Studium-FE/src/components/cards/CardCarousel.js","statementMap":{"0":{"start":{"line":5,"column":21},"end":{"line":14,"column":2}},"1":{"start":{"line":6,"column":3},"end":{"line":13,"column":5}}},"fnMap":{"0":{"name":"(anonymous_0)","decl":{"start":{"line":5,"column":21},"end":{"line":5,"column":22}},"loc":{"start":{"line":5,"column":27},"end":{"line":14,"column":2}},"line":5}},"branchMap":{},"s":{"0":0,"1":0},"f":{"0":0},"b":{},"hash":"0f31821247b240043e2f7458685c5d1dcaaf04dd"}
,"/Users/anthonylopez/LambdaSchool/Labs-TL/Studium-FE/src/components/cards/CreateCardForm.js": {"path":"/Users/anthonylopez/LambdaSchool/Labs-TL/Studium-FE/src/components/cards/CreateCardForm.js","statementMap":{"0":{"start":{"line":11,"column":23},"end":{"line":152,"column":1}},"1":{"start":{"line":12,"column":20},"end":{"line":12,"column":33}},"2":{"start":{"line":13,"column":19},"end":{"line":13,"column":31}},"3":{"start":{"line":14,"column":21},"end":{"line":14,"column":58}},"4":{"start":{"line":14,"column":42},"end":{"line":14,"column":57}},"5":{"start":{"line":15,"column":22},"end":{"line":15,"column":60}},"6":{"start":{"line":15,"column":43},"end":{"line":15,"column":59}},"7":{"start":{"line":16,"column":18},"end":{"line":16,"column":29}},"8":{"start":{"line":17,"column":46},"end":{"line":17,"column":55}},"9":{"start":{"line":19,"column":35},"end":{"line":19,"column":45}},"10":{"start":{"line":20,"column":37},"end":{"line":20,"column":52}},"11":{"start":{"line":21,"column":39},"end":{"line":25,"column":5}},"12":{"start":{"line":27,"column":3},"end":{"line":33,"column":9}},"13":{"start":{"line":28,"column":6},"end":{"line":32,"column":8}},"14":{"start":{"line":29,"column":9},"end":{"line":31,"column":10}},"15":{"start":{"line":30,"column":12},"end":{"line":30,"column":39}},"16":{"start":{"line":35,"column":24},"end":{"line":40,"column":4}},"17":{"start":{"line":36,"column":2},"end":{"line":39,"column":5}},"18":{"start":{"line":42,"column":26},"end":{"line":45,"column":4}},"19":{"start":{"line":43,"column":6},"end":{"line":43,"column":30}},"20":{"start":{"line":44,"column":6},"end":{"line":44,"column":33}},"21":{"start":{"line":47,"column":25},"end":{"line":53,"column":4}},"22":{"start":{"line":48,"column":6},"end":{"line":48,"column":51}},"23":{"start":{"line":49,"column":6},"end":{"line":52,"column":8}},"24":{"start":{"line":55,"column":22},"end":{"line":66,"column":4}},"25":{"start":{"line":56,"column":6},"end":{"line":56,"column":36}},"26":{"start":{"line":57,"column":6},"end":{"line":57,"column":39}},"27":{"start":{"line":58,"column":6},"end":{"line":62,"column":8}},"28":{"start":{"line":63,"column":6},"end":{"line":65,"column":7}},"29":{"start":{"line":64,"column":9},"end":{"line":64,"column":42}},"30":{"start":{"line":68,"column":3},"end":{"line":68,"column":36}},"31":{"start":{"line":70,"column":3},"end":{"line":151,"column":4}}},"fnMap":{"0":{"name":"(anonymous_0)","decl":{"start":{"line":11,"column":23},"end":{"line":11,"column":24}},"loc":{"start":{"line":11,"column":34},"end":{"line":152,"column":1}},"line":11},"1":{"name":"(anonymous_1)","decl":{"start":{"line":14,"column":33},"end":{"line":14,"column":34}},"loc":{"start":{"line":14,"column":42},"end":{"line":14,"column":57}},"line":14},"2":{"name":"(anonymous_2)","decl":{"start":{"line":15,"column":34},"end":{"line":15,"column":35}},"loc":{"start":{"line":15,"column":43},"end":{"line":15,"column":59}},"line":15},"3":{"name":"(anonymous_3)","decl":{"start":{"line":27,"column":13},"end":{"line":27,"column":14}},"loc":{"start":{"line":27,"column":19},"end":{"line":33,"column":4}},"line":27},"4":{"name":"(anonymous_4)","decl":{"start":{"line":28,"column":20},"end":{"line":28,"column":21}},"loc":{"start":{"line":28,"column":28},"end":{"line":32,"column":7}},"line":28},"5":{"name":"(anonymous_5)","decl":{"start":{"line":35,"column":24},"end":{"line":35,"column":25}},"loc":{"start":{"line":35,"column":29},"end":{"line":40,"column":4}},"line":35},"6":{"name":"(anonymous_6)","decl":{"start":{"line":42,"column":26},"end":{"line":42,"column":27}},"loc":{"start":{"line":42,"column":31},"end":{"line":45,"column":4}},"line":42},"7":{"name":"(anonymous_7)","decl":{"start":{"line":47,"column":25},"end":{"line":47,"column":26}},"loc":{"start":{"line":47,"column":30},"end":{"line":53,"column":4}},"line":47},"8":{"name":"(anonymous_8)","decl":{"start":{"line":55,"column":22},"end":{"line":55,"column":23}},"loc":{"start":{"line":55,"column":28},"end":{"line":66,"column":4}},"line":55}},"branchMap":{"0":{"loc":{"start":{"line":29,"column":9},"end":{"line":31,"column":10}},"type":"if","locations":[{"start":{"line":29,"column":9},"end":{"line":31,"column":10}},{"start":{"line":29,"column":9},"end":{"line":31,"column":10}}],"line":29},"1":{"loc":{"start":{"line":63,"column":6},"end":{"line":65,"column":7}},"type":"if","locations":[{"start":{"line":63,"column":6},"end":{"line":65,"column":7}},{"start":{"line":63,"column":6},"end":{"line":65,"column":7}}],"line":63},"2":{"loc":{"start":{"line":63,"column":10},"end":{"line":63,"column":73}},"type":"binary-expr","locations":[{"start":{"line":63,"column":10},"end":{"line":63,"column":40}},{"start":{"line":63,"column":44},"end":{"line":63,"column":73}}],"line":63},"3":{"loc":{"start":{"line":103,"column":16},"end":{"line":117,"column":23}},"type":"cond-expr","locations":[{"start":{"line":104,"column":21},"end":{"line":109,"column":23}},{"start":{"line":111,"column":22},"end":{"line":117,"column":23}}],"line":103},"4":{"loc":{"start":{"line":120,"column":16},"end":{"line":122,"column":16}},"type":"binary-expr","locations":[{"start":{"line":120,"column":16},"end":{"line":120,"column":33}},{"start":{"line":120,"column":37},"end":{"line":120,"column":74}},{"start":{"line":121,"column":18},"end":{"line":121,"column":71}}],"line":120},"5":{"loc":{"start":{"line":128,"column":16},"end":{"line":142,"column":23}},"type":"cond-expr","locations":[{"start":{"line":129,"column":20},"end":{"line":134,"column":23}},{"start":{"line":136,"column":20},"end":{"line":142,"column":23}}],"line":128},"6":{"loc":{"start":{"line":144,"column":16},"end":{"line":146,"column":16}},"type":"binary-expr","locations":[{"start":{"line":144,"column":16},"end":{"line":144,"column":32}},{"start":{"line":144,"column":36},"end":{"line":144,"column":72}},{"start":{"line":145,"column":18},"end":{"line":145,"column":71}}],"line":144}},"s":{"0":0,"1":0,"2":0,"3":0,"4":0,"5":0,"6":0,"7":0,"8":0,"9":0,"10":0,"11":0,"12":0,"13":0,"14":0,"15":0,"16":0,"17":0,"18":0,"19":0,"20":0,"21":0,"22":0,"23":0,"24":0,"25":0,"26":0,"27":0,"28":0,"29":0,"30":0,"31":0},"f":{"0":0,"1":0,"2":0,"3":0,"4":0,"5":0,"6":0,"7":0,"8":0},"b":{"0":[0,0],"1":[0,0],"2":[0,0],"3":[0,0],"4":[0,0,0],"5":[0,0],"6":[0,0,0]},"hash":"abdb027e948c11d24ac9d5c71967950a7d265d67"}
,"/Users/anthonylopez/LambdaSchool/Labs-TL/Studium-FE/src/components/cards/EditCard.js": {"path":"/Users/anthonylopez/LambdaSchool/Labs-TL/Studium-FE/src/components/cards/EditCard.js","statementMap":{"0":{"start":{"line":11,"column":23},"end":{"line":105,"column":1}},"1":{"start":{"line":12,"column":20},"end":{"line":12,"column":33}},"2":{"start":{"line":13,"column":21},"end":{"line":13,"column":58}},"3":{"start":{"line":13,"column":42},"end":{"line":13,"column":57}},"4":{"start":{"line":14,"column":16},"end":{"line":14,"column":59}},"5":{"start":{"line":14,"column":37},"end":{"line":14,"column":58}},"6":{"start":{"line":16,"column":19},"end":{"line":16,"column":31}},"7":{"start":{"line":17,"column":26},"end":{"line":17,"column":37}},"8":{"start":{"line":19,"column":46},"end":{"line":19,"column":55}},"9":{"start":{"line":21,"column":35},"end":{"line":21,"column":45}},"10":{"start":{"line":22,"column":39},"end":{"line":27,"column":5}},"11":{"start":{"line":29,"column":3},"end":{"line":35,"column":9}},"12":{"start":{"line":30,"column":6},"end":{"line":34,"column":8}},"13":{"start":{"line":31,"column":9},"end":{"line":33,"column":10}},"14":{"start":{"line":32,"column":12},"end":{"line":32,"column":39}},"15":{"start":{"line":37,"column":24},"end":{"line":42,"column":4}},"16":{"start":{"line":38,"column":2},"end":{"line":41,"column":5}},"17":{"start":{"line":44,"column":22},"end":{"line":55,"column":4}},"18":{"start":{"line":45,"column":6},"end":{"line":45,"column":35}},"19":{"start":{"line":46,"column":6},"end":{"line":46,"column":36}},"20":{"start":{"line":47,"column":6},"end":{"line":51,"column":8}},"21":{"start":{"line":52,"column":6},"end":{"line":54,"column":7}},"22":{"start":{"line":53,"column":9},"end":{"line":53,"column":42}},"23":{"start":{"line":57,"column":3},"end":{"line":104,"column":4}}},"fnMap":{"0":{"name":"(anonymous_0)","decl":{"start":{"line":11,"column":23},"end":{"line":11,"column":24}},"loc":{"start":{"line":11,"column":34},"end":{"line":105,"column":1}},"line":11},"1":{"name":"(anonymous_1)","decl":{"start":{"line":13,"column":33},"end":{"line":13,"column":34}},"loc":{"start":{"line":13,"column":42},"end":{"line":13,"column":57}},"line":13},"2":{"name":"(anonymous_2)","decl":{"start":{"line":14,"column":28},"end":{"line":14,"column":29}},"loc":{"start":{"line":14,"column":37},"end":{"line":14,"column":58}},"line":14},"3":{"name":"(anonymous_3)","decl":{"start":{"line":29,"column":13},"end":{"line":29,"column":14}},"loc":{"start":{"line":29,"column":19},"end":{"line":35,"column":4}},"line":29},"4":{"name":"(anonymous_4)","decl":{"start":{"line":30,"column":20},"end":{"line":30,"column":21}},"loc":{"start":{"line":30,"column":28},"end":{"line":34,"column":7}},"line":30},"5":{"name":"(anonymous_5)","decl":{"start":{"line":37,"column":24},"end":{"line":37,"column":25}},"loc":{"start":{"line":37,"column":29},"end":{"line":42,"column":4}},"line":37},"6":{"name":"(anonymous_6)","decl":{"start":{"line":44,"column":22},"end":{"line":44,"column":23}},"loc":{"start":{"line":44,"column":28},"end":{"line":55,"column":4}},"line":44}},"branchMap":{"0":{"loc":{"start":{"line":31,"column":9},"end":{"line":33,"column":10}},"type":"if","locations":[{"start":{"line":31,"column":9},"end":{"line":33,"column":10}},{"start":{"line":31,"column":9},"end":{"line":33,"column":10}}],"line":31},"1":{"loc":{"start":{"line":52,"column":6},"end":{"line":54,"column":7}},"type":"if","locations":[{"start":{"line":52,"column":6},"end":{"line":54,"column":7}},{"start":{"line":52,"column":6},"end":{"line":54,"column":7}}],"line":52},"2":{"loc":{"start":{"line":52,"column":10},"end":{"line":52,"column":73}},"type":"binary-expr","locations":[{"start":{"line":52,"column":10},"end":{"line":52,"column":40}},{"start":{"line":52,"column":44},"end":{"line":52,"column":73}}],"line":52},"3":{"loc":{"start":{"line":85,"column":16},"end":{"line":87,"column":16}},"type":"binary-expr","locations":[{"start":{"line":85,"column":16},"end":{"line":85,"column":33}},{"start":{"line":85,"column":37},"end":{"line":85,"column":74}},{"start":{"line":86,"column":18},"end":{"line":86,"column":71}}],"line":85},"4":{"loc":{"start":{"line":97,"column":16},"end":{"line":99,"column":16}},"type":"binary-expr","locations":[{"start":{"line":97,"column":16},"end":{"line":97,"column":32}},{"start":{"line":97,"column":36},"end":{"line":97,"column":72}},{"start":{"line":98,"column":18},"end":{"line":98,"column":71}}],"line":97}},"s":{"0":0,"1":0,"2":0,"3":0,"4":0,"5":0,"6":0,"7":0,"8":0,"9":0,"10":0,"11":0,"12":0,"13":0,"14":0,"15":0,"16":0,"17":0,"18":0,"19":0,"20":0,"21":0,"22":0,"23":0},"f":{"0":0,"1":0,"2":0,"3":0,"4":0,"5":0,"6":0},"b":{"0":[0,0],"1":[0,0],"2":[0,0],"3":[0,0,0],"4":[0,0,0]},"hash":"1320831e3d6b3abfe6e4039e2fd46e53a077d83d"}
,"/Users/anthonylopez/LambdaSchool/Labs-TL/Studium-FE/src/components/cards/EditCardFooter.js": {"path":"/Users/anthonylopez/LambdaSchool/Labs-TL/Studium-FE/src/components/cards/EditCardFooter.js","statementMap":{"0":{"start":{"line":8,"column":23},"end":{"line":36,"column":1}},"1":{"start":{"line":9,"column":20},"end":{"line":9,"column":33}},"2":{"start":{"line":10,"column":19},"end":{"line":10,"column":31}},"3":{"start":{"line":12,"column":24},"end":{"line":16,"column":4}},"4":{"start":{"line":13,"column":6},"end":{"line":13,"column":24}},"5":{"start":{"line":14,"column":6},"end":{"line":14,"column":30}},"6":{"start":{"line":15,"column":6},"end":{"line":15,"column":37}},"7":{"start":{"line":18,"column":3},"end":{"line":35,"column":4}}},"fnMap":{"0":{"name":"(anonymous_0)","decl":{"start":{"line":8,"column":23},"end":{"line":8,"column":24}},"loc":{"start":{"line":8,"column":43},"end":{"line":36,"column":1}},"line":8},"1":{"name":"(anonymous_1)","decl":{"start":{"line":12,"column":24},"end":{"line":12,"column":25}},"loc":{"start":{"line":12,"column":29},"end":{"line":16,"column":4}},"line":12}},"branchMap":{},"s":{"0":0,"1":0,"2":0,"3":0,"4":0,"5":0,"6":0,"7":0},"f":{"0":0,"1":0},"b":{},"hash":"81fbd506677845d2d078f2189246662c507e0bb1"}
,"/Users/anthonylopez/LambdaSchool/Labs-TL/Studium-FE/src/components/cards/EditDeckCard.js": {"path":"/Users/anthonylopez/LambdaSchool/Labs-TL/Studium-FE/src/components/cards/EditDeckCard.js","statementMap":{"0":{"start":{"line":8,"column":18},"end":{"line":27,"column":1}},"1":{"start":{"line":29,"column":21},"end":{"line":82,"column":1}},"2":{"start":{"line":30,"column":20},"end":{"line":30,"column":33}},"3":{"start":{"line":32,"column":23},"end":{"line":36,"column":4}},"4":{"start":{"line":33,"column":6},"end":{"line":33,"column":65}},"5":{"start":{"line":34,"column":6},"end":{"line":34,"column":49}},"6":{"start":{"line":38,"column":3},"end":{"line":81,"column":4}}},"fnMap":{"0":{"name":"(anonymous_0)","decl":{"start":{"line":29,"column":21},"end":{"line":29,"column":22}},"loc":{"start":{"line":29,"column":44},"end":{"line":82,"column":1}},"line":29},"1":{"name":"(anonymous_1)","decl":{"start":{"line":32,"column":23},"end":{"line":32,"column":24}},"loc":{"start":{"line":32,"column":29},"end":{"line":36,"column":4}},"line":32}},"branchMap":{},"s":{"0":0,"1":0,"2":0,"3":0,"4":0,"5":0,"6":0},"f":{"0":0,"1":0},"b":{},"hash":"348d32b08d118e43c4969391cc0ff0d136291086"}
,"/Users/anthonylopez/LambdaSchool/Labs-TL/Studium-FE/src/components/cards/IndCardView.js": {"path":"/Users/anthonylopez/LambdaSchool/Labs-TL/Studium-FE/src/components/cards/IndCardView.js","statementMap":{"0":{"start":{"line":10,"column":20},"end":{"line":53,"column":1}},"1":{"start":{"line":12,"column":25},"end":{"line":12,"column":36}},"2":{"start":{"line":13,"column":20},"end":{"line":13,"column":32}},"3":{"start":{"line":14,"column":21},"end":{"line":14,"column":34}},"4":{"start":{"line":15,"column":28},"end":{"line":15,"column":40}},"5":{"start":{"line":17,"column":4},"end":{"line":29,"column":16}},"6":{"start":{"line":18,"column":24},"end":{"line":27,"column":9}},"7":{"start":{"line":19,"column":12},"end":{"line":26,"column":18}},"8":{"start":{"line":22,"column":20},"end":{"line":22,"column":40}},"9":{"start":{"line":25,"column":20},"end":{"line":25,"column":90}},"10":{"start":{"line":28,"column":8},"end":{"line":28,"column":17}},"11":{"start":{"line":31,"column":38},"end":{"line":31,"column":42}},"12":{"start":{"line":33,"column":24},"end":{"line":37,"column":5}},"13":{"start":{"line":34,"column":8},"end":{"line":34,"column":39}},"14":{"start":{"line":35,"column":8},"end":{"line":35,"column":42}},"15":{"start":{"line":36,"column":8},"end":{"line":36,"column":61}},"16":{"start":{"line":39,"column":4},"end":{"line":52,"column":5}}},"fnMap":{"0":{"name":"(anonymous_0)","decl":{"start":{"line":10,"column":20},"end":{"line":10,"column":21}},"loc":{"start":{"line":10,"column":31},"end":{"line":53,"column":1}},"line":10},"1":{"name":"(anonymous_1)","decl":{"start":{"line":17,"column":14},"end":{"line":17,"column":15}},"loc":{"start":{"line":17,"column":20},"end":{"line":29,"column":5}},"line":17},"2":{"name":"(anonymous_2)","decl":{"start":{"line":18,"column":24},"end":{"line":18,"column":25}},"loc":{"start":{"line":18,"column":30},"end":{"line":27,"column":9}},"line":18},"3":{"name":"(anonymous_3)","decl":{"start":{"line":21,"column":22},"end":{"line":21,"column":23}},"loc":{"start":{"line":21,"column":29},"end":{"line":23,"column":17}},"line":21},"4":{"name":"(anonymous_4)","decl":{"start":{"line":24,"column":23},"end":{"line":24,"column":24}},"loc":{"start":{"line":24,"column":30},"end":{"line":26,"column":17}},"line":24},"5":{"name":"(anonymous_5)","decl":{"start":{"line":33,"column":24},"end":{"line":33,"column":25}},"loc":{"start":{"line":33,"column":30},"end":{"line":37,"column":5}},"line":33}},"branchMap":{},"s":{"0":0,"1":0,"2":0,"3":0,"4":0,"5":0,"6":0,"7":0,"8":0,"9":0,"10":0,"11":0,"12":0,"13":0,"14":0,"15":0,"16":0},"f":{"0":0,"1":0,"2":0,"3":0,"4":0,"5":0},"b":{},"hash":"9f8f7db70c4a77ac798c1e3bc1f64213a45d3c06"}
,"/Users/anthonylopez/LambdaSchool/Labs-TL/Studium-FE/src/components/cards/StudyCard.js": {"path":"/Users/anthonylopez/LambdaSchool/Labs-TL/Studium-FE/src/components/cards/StudyCard.js","statementMap":{"0":{"start":{"line":5,"column":18},"end":{"line":19,"column":1}},"1":{"start":{"line":21,"column":17},"end":{"line":33,"column":1}},"2":{"start":{"line":35,"column":18},"end":{"line":75,"column":1}},"3":{"start":{"line":36,"column":19},"end":{"line":36,"column":61}},"4":{"start":{"line":36,"column":40},"end":{"line":36,"column":60}},"5":{"start":{"line":37,"column":20},"end":{"line":37,"column":33}},"6":{"start":{"line":39,"column":33},"end":{"line":39,"column":48}},"7":{"start":{"line":41,"column":22},"end":{"line":43,"column":4}},"8":{"start":{"line":42,"column":6},"end":{"line":42,"column":26}},"9":{"start":{"line":45,"column":3},"end":{"line":52,"column":9}},"10":{"start":{"line":46,"column":6},"end":{"line":46,"column":50}},"11":{"start":{"line":47,"column":28},"end":{"line":47,"column":86}},"12":{"start":{"line":47,"column":57},"end":{"line":47,"column":85}},"13":{"start":{"line":48,"column":6},"end":{"line":51,"column":8}},"14":{"start":{"line":54,"column":3},"end":{"line":74,"column":4}}},"fnMap":{"0":{"name":"(anonymous_0)","decl":{"start":{"line":35,"column":18},"end":{"line":35,"column":19}},"loc":{"start":{"line":35,"column":74},"end":{"line":75,"column":1}},"line":35},"1":{"name":"(anonymous_1)","decl":{"start":{"line":36,"column":31},"end":{"line":36,"column":32}},"loc":{"start":{"line":36,"column":40},"end":{"line":36,"column":60}},"line":36},"2":{"name":"(anonymous_2)","decl":{"start":{"line":41,"column":22},"end":{"line":41,"column":23}},"loc":{"start":{"line":41,"column":28},"end":{"line":43,"column":4}},"line":41},"3":{"name":"(anonymous_3)","decl":{"start":{"line":45,"column":13},"end":{"line":45,"column":14}},"loc":{"start":{"line":45,"column":19},"end":{"line":52,"column":4}},"line":45},"4":{"name":"(anonymous_4)","decl":{"start":{"line":47,"column":49},"end":{"line":47,"column":50}},"loc":{"start":{"line":47,"column":57},"end":{"line":47,"column":85}},"line":47}},"branchMap":{},"s":{"0":0,"1":0,"2":0,"3":0,"4":0,"5":0,"6":0,"7":0,"8":0,"9":0,"10":0,"11":0,"12":0,"13":0,"14":0},"f":{"0":0,"1":0,"2":0,"3":0,"4":0},"b":{},"hash":"5d39d2b6b67c0c4aa7cdda14459b0ff863f6481b"}
,"/Users/anthonylopez/LambdaSchool/Labs-TL/Studium-FE/src/components/cards/styles-cards/CardFormStyles.js": {"path":"/Users/anthonylopez/LambdaSchool/Labs-TL/Studium-FE/src/components/cards/styles-cards/CardFormStyles.js","statementMap":{"0":{"start":{"line":3,"column":28},"end":{"line":9,"column":1}},"1":{"start":{"line":11,"column":24},"end":{"line":19,"column":1}},"2":{"start":{"line":21,"column":23},"end":{"line":30,"column":1}},"3":{"start":{"line":32,"column":23},"end":{"line":41,"column":1}},"4":{"start":{"line":43,"column":27},"end":{"line":49,"column":1}},"5":{"start":{"line":51,"column":28},"end":{"line":57,"column":1}},"6":{"start":{"line":59,"column":26},"end":{"line":72,"column":1}},"7":{"start":{"line":74,"column":28},"end":{"line":87,"column":1}},"8":{"start":{"line":89,"column":26},"end":{"line":102,"column":1}},"9":{"start":{"line":104,"column":28},"end":{"line":106,"column":1}},"10":{"start":{"line":108,"column":28},"end":{"line":121,"column":1}}},"fnMap":{},"branchMap":{},"s":{"0":0,"1":0,"2":0,"3":0,"4":0,"5":0,"6":0,"7":0,"8":0,"9":0,"10":0},"f":{},"b":{},"hash":"192502e98e1b7e16229eed3eea328683eac1c95a"}
,"/Users/anthonylopez/LambdaSchool/Labs-TL/Studium-FE/src/components/cards/styles-cards/EditDeckCardStyles.js": {"path":"/Users/anthonylopez/LambdaSchool/Labs-TL/Studium-FE/src/components/cards/styles-cards/EditDeckCardStyles.js","statementMap":{"0":{"start":{"line":3,"column":30},"end":{"line":14,"column":1}},"1":{"start":{"line":16,"column":25},"end":{"line":26,"column":1}}},"fnMap":{},"branchMap":{},"s":{"0":0,"1":0},"f":{},"b":{},"hash":"234593a313d931109227acc62b75f4b3eb91e5ae"}
,"/Users/anthonylopez/LambdaSchool/Labs-TL/Studium-FE/src/components/common/Button.js": {"path":"/Users/anthonylopez/LambdaSchool/Labs-TL/Studium-FE/src/components/common/Button.js","statementMap":{"0":{"start":{"line":6,"column":15},"end":{"line":23,"column":1}}},"fnMap":{},"branchMap":{},"s":{"0":1},"f":{},"b":{},"_coverageSchema":"43e27e138ebf9cfc5966b082cf9a028302ed4184","hash":"61eba577ede7369f0bea1f732137676f7aebd3ac"}
,"/Users/anthonylopez/LambdaSchool/Labs-TL/Studium-FE/src/components/common/ButtonBottom.js": {"path":"/Users/anthonylopez/LambdaSchool/Labs-TL/Studium-FE/src/components/common/ButtonBottom.js","statementMap":{"0":{"start":{"line":3,"column":21},"end":{"line":20,"column":1}},"1":{"start":{"line":4,"column":24},"end":{"line":4,"column":60}},"2":{"start":{"line":5,"column":19},"end":{"line":5,"column":56}},"3":{"start":{"line":6,"column":20},"end":{"line":6,"column":65}},"4":{"start":{"line":16,"column":24},"end":{"line":16,"column":60}},"5":{"start":{"line":17,"column":19},"end":{"line":17,"column":56}},"6":{"start":{"line":18,"column":20},"end":{"line":18,"column":65}}},"fnMap":{"0":{"name":"(anonymous_0)","decl":{"start":{"line":4,"column":15},"end":{"line":4,"column":16}},"loc":{"start":{"line":4,"column":24},"end":{"line":4,"column":60}},"line":4},"1":{"name":"(anonymous_1)","decl":{"start":{"line":5,"column":10},"end":{"line":5,"column":11}},"loc":{"start":{"line":5,"column":19},"end":{"line":5,"column":56}},"line":5},"2":{"name":"(anonymous_2)","decl":{"start":{"line":6,"column":11},"end":{"line":6,"column":12}},"loc":{"start":{"line":6,"column":20},"end":{"line":6,"column":65}},"line":6},"3":{"name":"(anonymous_3)","decl":{"start":{"line":16,"column":15},"end":{"line":16,"column":16}},"loc":{"start":{"line":16,"column":24},"end":{"line":16,"column":60}},"line":16},"4":{"name":"(anonymous_4)","decl":{"start":{"line":17,"column":10},"end":{"line":17,"column":11}},"loc":{"start":{"line":17,"column":19},"end":{"line":17,"column":56}},"line":17},"5":{"name":"(anonymous_5)","decl":{"start":{"line":18,"column":11},"end":{"line":18,"column":12}},"loc":{"start":{"line":18,"column":20},"end":{"line":18,"column":65}},"line":18}},"branchMap":{"0":{"loc":{"start":{"line":4,"column":24},"end":{"line":4,"column":60}},"type":"cond-expr","locations":[{"start":{"line":4,"column":41},"end":{"line":4,"column":48}},{"start":{"line":4,"column":51},"end":{"line":4,"column":60}}],"line":4},"1":{"loc":{"start":{"line":5,"column":19},"end":{"line":5,"column":56}},"type":"cond-expr","locations":[{"start":{"line":5,"column":37},"end":{"line":5,"column":44}},{"start":{"line":5,"column":47},"end":{"line":5,"column":56}}],"line":5},"2":{"loc":{"start":{"line":6,"column":20},"end":{"line":6,"column":65}},"type":"cond-expr","locations":[{"start":{"line":6,"column":37},"end":{"line":6,"column":56}},{"start":{"line":6,"column":59},"end":{"line":6,"column":65}}],"line":6},"3":{"loc":{"start":{"line":16,"column":24},"end":{"line":16,"column":60}},"type":"cond-expr","locations":[{"start":{"line":16,"column":41},"end":{"line":16,"column":50}},{"start":{"line":16,"column":53},"end":{"line":16,"column":60}}],"line":16},"4":{"loc":{"start":{"line":17,"column":19},"end":{"line":17,"column":56}},"type":"cond-expr","locations":[{"start":{"line":17,"column":37},"end":{"line":17,"column":46}},{"start":{"line":17,"column":49},"end":{"line":17,"column":56}}],"line":17},"5":{"loc":{"start":{"line":18,"column":20},"end":{"line":18,"column":65}},"type":"cond-expr","locations":[{"start":{"line":18,"column":37},"end":{"line":18,"column":43}},{"start":{"line":18,"column":46},"end":{"line":18,"column":65}}],"line":18}},"s":{"0":1,"1":2,"2":2,"3":2,"4":2,"5":2,"6":2},"f":{"0":2,"1":2,"2":2,"3":2,"4":2,"5":2},"b":{"0":[1,1],"1":[1,1],"2":[1,1],"3":[1,1],"4":[1,1],"5":[1,1]},"_coverageSchema":"43e27e138ebf9cfc5966b082cf9a028302ed4184","hash":"db51793ce81073532587da5b12f920e220d1196f"}
,"/Users/anthonylopez/LambdaSchool/Labs-TL/Studium-FE/src/components/common/ButtonTop.js": {"path":"/Users/anthonylopez/LambdaSchool/Labs-TL/Studium-FE/src/components/common/ButtonTop.js","statementMap":{"0":{"start":{"line":3,"column":18},"end":{"line":21,"column":1}}},"fnMap":{},"branchMap":{},"s":{"0":1},"f":{},"b":{},"_coverageSchema":"43e27e138ebf9cfc5966b082cf9a028302ed4184","hash":"8b7b1b375eb0e2c15b05d846a417f0abdc5e6985"}
,"/Users/anthonylopez/LambdaSchool/Labs-TL/Studium-FE/src/components/common/Input.js": {"path":"/Users/anthonylopez/LambdaSchool/Labs-TL/Studium-FE/src/components/common/Input.js","statementMap":{"0":{"start":{"line":3,"column":14},"end":{"line":15,"column":1}}},"fnMap":{},"branchMap":{},"s":{"0":1},"f":{},"b":{},"_coverageSchema":"43e27e138ebf9cfc5966b082cf9a028302ed4184","hash":"16c0ae057540161a543f480d897b81fbad1294e2"}
,"/Users/anthonylopez/LambdaSchool/Labs-TL/Studium-FE/src/components/common/PageLayout.js": {"path":"/Users/anthonylopez/LambdaSchool/Labs-TL/Studium-FE/src/components/common/PageLayout.js","statementMap":{"0":{"start":{"line":5,"column":16},"end":{"line":40,"column":1}},"1":{"start":{"line":43,"column":4},"end":{"line":50,"column":5}}},"fnMap":{"0":{"name":"PageLayout","decl":{"start":{"line":42,"column":16},"end":{"line":42,"column":26}},"loc":{"start":{"line":42,"column":38},"end":{"line":51,"column":1}},"line":42}},"branchMap":{},"s":{"0":1,"1":1},"f":{"0":1},"b":{},"_coverageSchema":"43e27e138ebf9cfc5966b082cf9a028302ed4184","hash":"ff72e5d1141e0f01a4e6a5ce3670caa5bf06cc34"}
,"/Users/anthonylopez/LambdaSchool/Labs-TL/Studium-FE/src/components/common/Spinner.js": {"path":"/Users/anthonylopez/LambdaSchool/Labs-TL/Studium-FE/src/components/common/Spinner.js","statementMap":{"0":{"start":{"line":3,"column":17},"end":{"line":11,"column":1}},"1":{"start":{"line":13,"column":16},"end":{"line":22,"column":1}}},"fnMap":{},"branchMap":{},"s":{"0":1,"1":1},"f":{},"b":{},"_coverageSchema":"43e27e138ebf9cfc5966b082cf9a028302ed4184","hash":"4b3048cf86d383436542b99de2890d877c55a954"}
,"/Users/anthonylopez/LambdaSchool/Labs-TL/Studium-FE/src/components/common/index.js": {"path":"/Users/anthonylopez/LambdaSchool/Labs-TL/Studium-FE/src/components/common/index.js","statementMap":{},"fnMap":{},"branchMap":{},"s":{},"f":{},"b":{},"hash":"a5d152ec16d3366403cfd15c1ce4b0583feebc29"}
,"/Users/anthonylopez/LambdaSchool/Labs-TL/Studium-FE/src/components/dashboard/DashBoard.js": {"path":"/Users/anthonylopez/LambdaSchool/Labs-TL/Studium-FE/src/components/dashboard/DashBoard.js","statementMap":{"0":{"start":{"line":9,"column":18},"end":{"line":44,"column":1}},"1":{"start":{"line":10,"column":20},"end":{"line":10,"column":57}},"2":{"start":{"line":10,"column":41},"end":{"line":10,"column":56}},"3":{"start":{"line":11,"column":19},"end":{"line":11,"column":32}},"4":{"start":{"line":13,"column":22},"end":{"line":16,"column":3}},"5":{"start":{"line":14,"column":4},"end":{"line":14,"column":22}},"6":{"start":{"line":15,"column":4},"end":{"line":15,"column":22}},"7":{"start":{"line":18,"column":2},"end":{"line":20,"column":8}},"8":{"start":{"line":19,"column":4},"end":{"line":19,"column":42}},"9":{"start":{"line":22,"column":2},"end":{"line":43,"column":3}},"10":{"start":{"line":36,"column":10},"end":{"line":38,"column":11}}},"fnMap":{"0":{"name":"(anonymous_0)","decl":{"start":{"line":9,"column":18},"end":{"line":9,"column":19}},"loc":{"start":{"line":9,"column":43},"end":{"line":44,"column":1}},"line":9},"1":{"name":"(anonymous_1)","decl":{"start":{"line":10,"column":32},"end":{"line":10,"column":33}},"loc":{"start":{"line":10,"column":41},"end":{"line":10,"column":56}},"line":10},"2":{"name":"(anonymous_2)","decl":{"start":{"line":13,"column":22},"end":{"line":13,"column":23}},"loc":{"start":{"line":13,"column":27},"end":{"line":16,"column":3}},"line":13},"3":{"name":"(anonymous_3)","decl":{"start":{"line":18,"column":12},"end":{"line":18,"column":13}},"loc":{"start":{"line":18,"column":18},"end":{"line":20,"column":3}},"line":18},"4":{"name":"(anonymous_4)","decl":{"start":{"line":34,"column":23},"end":{"line":34,"column":24}},"loc":{"start":{"line":34,"column":33},"end":{"line":39,"column":9}},"line":34}},"branchMap":{},"s":{"0":0,"1":0,"2":0,"3":0,"4":0,"5":0,"6":0,"7":0,"8":0,"9":0,"10":0},"f":{"0":0,"1":0,"2":0,"3":0,"4":0},"b":{},"hash":"ebb27169e9accb6aa871f788ca3c10432568708e"}
,"/Users/anthonylopez/LambdaSchool/Labs-TL/Studium-FE/src/components/dashboard/styles-dashboard/dashboardStyles.js": {"path":"/Users/anthonylopez/LambdaSchool/Labs-TL/Studium-FE/src/components/dashboard/styles-dashboard/dashboardStyles.js","statementMap":{"0":{"start":{"line":3,"column":21},"end":{"line":15,"column":1}},"1":{"start":{"line":17,"column":21},"end":{"line":24,"column":1}},"2":{"start":{"line":26,"column":20},"end":{"line":34,"column":1}},"3":{"start":{"line":36,"column":22},"end":{"line":43,"column":1}},"4":{"start":{"line":45,"column":25},"end":{"line":52,"column":1}},"5":{"start":{"line":54,"column":25},"end":{"line":66,"column":1}},"6":{"start":{"line":68,"column":25},"end":{"line":79,"column":1}},"7":{"start":{"line":81,"column":26},"end":{"line":93,"column":1}}},"fnMap":{},"branchMap":{},"s":{"0":0,"1":0,"2":0,"3":0,"4":0,"5":0,"6":0,"7":0},"f":{},"b":{},"hash":"4d0a56f219b2c8f2a38e9313c6a97d66099ca367"}
,"/Users/anthonylopez/LambdaSchool/Labs-TL/Studium-FE/src/components/decks/CreateDeckForm.js": {"path":"/Users/anthonylopez/LambdaSchool/Labs-TL/Studium-FE/src/components/decks/CreateDeckForm.js","statementMap":{"0":{"start":{"line":8,"column":23},"end":{"line":62,"column":1}},"1":{"start":{"line":9,"column":15},"end":{"line":9,"column":49}},"2":{"start":{"line":9,"column":38},"end":{"line":9,"column":48}},"3":{"start":{"line":10,"column":19},"end":{"line":10,"column":32}},"4":{"start":{"line":12,"column":28},"end":{"line":12,"column":38}},"5":{"start":{"line":13,"column":28},"end":{"line":13,"column":44}},"6":{"start":{"line":15,"column":38},"end":{"line":18,"column":4}},"7":{"start":{"line":20,"column":23},"end":{"line":25,"column":3}},"8":{"start":{"line":21,"column":4},"end":{"line":24,"column":7}},"9":{"start":{"line":27,"column":23},"end":{"line":34,"column":3}},"10":{"start":{"line":28,"column":4},"end":{"line":28,"column":23}},"11":{"start":{"line":29,"column":4},"end":{"line":29,"column":38}},"12":{"start":{"line":30,"column":4},"end":{"line":33,"column":7}},"13":{"start":{"line":36,"column":17},"end":{"line":36,"column":83}},"14":{"start":{"line":42,"column":2},"end":{"line":61,"column":4}},"15":{"start":{"line":57,"column":76},"end":{"line":57,"column":98}}},"fnMap":{"0":{"name":"(anonymous_0)","decl":{"start":{"line":8,"column":23},"end":{"line":8,"column":24}},"loc":{"start":{"line":8,"column":29},"end":{"line":62,"column":1}},"line":8},"1":{"name":"(anonymous_1)","decl":{"start":{"line":9,"column":27},"end":{"line":9,"column":28}},"loc":{"start":{"line":9,"column":38},"end":{"line":9,"column":48}},"line":9},"2":{"name":"(anonymous_2)","decl":{"start":{"line":20,"column":23},"end":{"line":20,"column":24}},"loc":{"start":{"line":20,"column":30},"end":{"line":25,"column":3}},"line":20},"3":{"name":"(anonymous_3)","decl":{"start":{"line":27,"column":23},"end":{"line":27,"column":24}},"loc":{"start":{"line":27,"column":30},"end":{"line":34,"column":3}},"line":27},"4":{"name":"(anonymous_4)","decl":{"start":{"line":57,"column":58},"end":{"line":57,"column":59}},"loc":{"start":{"line":57,"column":76},"end":{"line":57,"column":98}},"line":57}},"branchMap":{},"s":{"0":0,"1":0,"2":0,"3":0,"4":0,"5":0,"6":0,"7":0,"8":0,"9":0,"10":0,"11":0,"12":0,"13":0,"14":0,"15":0},"f":{"0":0,"1":0,"2":0,"3":0,"4":0},"b":{},"hash":"f12a4f2bf1f9a1e356f79393c411966db332681a"}
,"/Users/anthonylopez/LambdaSchool/Labs-TL/Studium-FE/src/components/decks/DeckCardView.js": {"path":"/Users/anthonylopez/LambdaSchool/Labs-TL/Studium-FE/src/components/decks/DeckCardView.js","statementMap":{"0":{"start":{"line":9,"column":18},"end":{"line":18,"column":2}},"1":{"start":{"line":20,"column":21},"end":{"line":83,"column":1}},"2":{"start":{"line":21,"column":21},"end":{"line":21,"column":34}},"3":{"start":{"line":22,"column":22},"end":{"line":22,"column":59}},"4":{"start":{"line":22,"column":43},"end":{"line":22,"column":58}},"5":{"start":{"line":23,"column":20},"end":{"line":23,"column":32}},"6":{"start":{"line":25,"column":32},"end":{"line":25,"column":42}},"7":{"start":{"line":26,"column":27},"end":{"line":26,"column":40}},"8":{"start":{"line":28,"column":4},"end":{"line":35,"column":10}},"9":{"start":{"line":29,"column":26},"end":{"line":33,"column":9}},"10":{"start":{"line":30,"column":12},"end":{"line":32,"column":14}},"11":{"start":{"line":31,"column":16},"end":{"line":31,"column":33}},"12":{"start":{"line":34,"column":8},"end":{"line":34,"column":20}},"13":{"start":{"line":37,"column":24},"end":{"line":41,"column":6}},"14":{"start":{"line":38,"column":8},"end":{"line":38,"column":67}},"15":{"start":{"line":39,"column":8},"end":{"line":39,"column":51}},"16":{"start":{"line":40,"column":8},"end":{"line":40,"column":64}},"17":{"start":{"line":43,"column":4},"end":{"line":82,"column":5}}},"fnMap":{"0":{"name":"(anonymous_0)","decl":{"start":{"line":20,"column":21},"end":{"line":20,"column":22}},"loc":{"start":{"line":20,"column":44},"end":{"line":83,"column":1}},"line":20},"1":{"name":"(anonymous_1)","decl":{"start":{"line":22,"column":34},"end":{"line":22,"column":35}},"loc":{"start":{"line":22,"column":43},"end":{"line":22,"column":58}},"line":22},"2":{"name":"(anonymous_2)","decl":{"start":{"line":28,"column":14},"end":{"line":28,"column":15}},"loc":{"start":{"line":28,"column":20},"end":{"line":35,"column":5}},"line":28},"3":{"name":"(anonymous_3)","decl":{"start":{"line":29,"column":26},"end":{"line":29,"column":27}},"loc":{"start":{"line":29,"column":32},"end":{"line":33,"column":9}},"line":29},"4":{"name":"(anonymous_4)","decl":{"start":{"line":30,"column":30},"end":{"line":30,"column":31}},"loc":{"start":{"line":30,"column":45},"end":{"line":32,"column":13}},"line":30},"5":{"name":"(anonymous_5)","decl":{"start":{"line":37,"column":24},"end":{"line":37,"column":25}},"loc":{"start":{"line":37,"column":30},"end":{"line":41,"column":6}},"line":37}},"branchMap":{},"s":{"0":0,"1":0,"2":0,"3":0,"4":0,"5":0,"6":0,"7":0,"8":0,"9":0,"10":0,"11":0,"12":0,"13":0,"14":0,"15":0,"16":0,"17":0},"f":{"0":0,"1":0,"2":0,"3":0,"4":0,"5":0},"b":{},"hash":"93975dad49506497d52afce7b14ae3e3083a1033"}
,"/Users/anthonylopez/LambdaSchool/Labs-TL/Studium-FE/src/components/decks/DeckDetails.js": {"path":"/Users/anthonylopez/LambdaSchool/Labs-TL/Studium-FE/src/components/decks/DeckDetails.js","statementMap":{"0":{"start":{"line":8,"column":20},"end":{"line":43,"column":1}},"1":{"start":{"line":9,"column":21},"end":{"line":9,"column":34}},"2":{"start":{"line":11,"column":30},"end":{"line":11,"column":34}},"3":{"start":{"line":13,"column":30},"end":{"line":13,"column":42}},"4":{"start":{"line":15,"column":24},"end":{"line":17,"column":5}},"5":{"start":{"line":16,"column":8},"end":{"line":16,"column":44}},"6":{"start":{"line":19,"column":4},"end":{"line":31,"column":10}},"7":{"start":{"line":20,"column":25},"end":{"line":29,"column":9}},"8":{"start":{"line":21,"column":12},"end":{"line":28,"column":18}},"9":{"start":{"line":24,"column":20},"end":{"line":24,"column":38}},"10":{"start":{"line":27,"column":20},"end":{"line":27,"column":64}},"11":{"start":{"line":30,"column":8},"end":{"line":30,"column":19}},"12":{"start":{"line":33,"column":4},"end":{"line":42,"column":6}}},"fnMap":{"0":{"name":"(anonymous_0)","decl":{"start":{"line":8,"column":20},"end":{"line":8,"column":21}},"loc":{"start":{"line":8,"column":58},"end":{"line":43,"column":1}},"line":8},"1":{"name":"(anonymous_1)","decl":{"start":{"line":15,"column":24},"end":{"line":15,"column":25}},"loc":{"start":{"line":15,"column":29},"end":{"line":17,"column":5}},"line":15},"2":{"name":"(anonymous_2)","decl":{"start":{"line":19,"column":14},"end":{"line":19,"column":15}},"loc":{"start":{"line":19,"column":20},"end":{"line":31,"column":5}},"line":19},"3":{"name":"(anonymous_3)","decl":{"start":{"line":20,"column":25},"end":{"line":20,"column":26}},"loc":{"start":{"line":20,"column":31},"end":{"line":29,"column":9}},"line":20},"4":{"name":"(anonymous_4)","decl":{"start":{"line":23,"column":22},"end":{"line":23,"column":23}},"loc":{"start":{"line":23,"column":29},"end":{"line":25,"column":17}},"line":23},"5":{"name":"(anonymous_5)","decl":{"start":{"line":26,"column":23},"end":{"line":26,"column":24}},"loc":{"start":{"line":26,"column":30},"end":{"line":28,"column":17}},"line":26}},"branchMap":{},"s":{"0":0,"1":0,"2":0,"3":0,"4":0,"5":0,"6":0,"7":0,"8":0,"9":0,"10":0,"11":0,"12":0},"f":{"0":0,"1":0,"2":0,"3":0,"4":0,"5":0},"b":{},"hash":"24eeaf043b010a60f8be6d18e69946c46432e49e"}
,"/Users/anthonylopez/LambdaSchool/Labs-TL/Studium-FE/src/components/decks/DeckView.js": {"path":"/Users/anthonylopez/LambdaSchool/Labs-TL/Studium-FE/src/components/decks/DeckView.js","statementMap":{"0":{"start":{"line":10,"column":17},"end":{"line":81,"column":1}},"1":{"start":{"line":11,"column":20},"end":{"line":11,"column":33}},"2":{"start":{"line":12,"column":21},"end":{"line":12,"column":58}},"3":{"start":{"line":12,"column":42},"end":{"line":12,"column":57}},"4":{"start":{"line":13,"column":35},"end":{"line":13,"column":45}},"5":{"start":{"line":14,"column":39},"end":{"line":14,"column":49}},"6":{"start":{"line":15,"column":45},"end":{"line":21,"column":5}},"7":{"start":{"line":23,"column":18},"end":{"line":23,"column":29}},"8":{"start":{"line":25,"column":3},"end":{"line":37,"column":9}},"9":{"start":{"line":26,"column":6},"end":{"line":36,"column":8}},"10":{"start":{"line":27,"column":9},"end":{"line":35,"column":10}},"11":{"start":{"line":28,"column":12},"end":{"line":28,"column":39}},"12":{"start":{"line":29,"column":12},"end":{"line":29,"column":31}},"13":{"start":{"line":30,"column":12},"end":{"line":34,"column":14}},"14":{"start":{"line":39,"column":27},"end":{"line":42,"column":3}},"15":{"start":{"line":40,"column":6},"end":{"line":40,"column":46}},"16":{"start":{"line":41,"column":6},"end":{"line":41,"column":46}},"17":{"start":{"line":44,"column":32},"end":{"line":51,"column":4}},"18":{"start":{"line":45,"column":6},"end":{"line":50,"column":8}},"19":{"start":{"line":53,"column":30},"end":{"line":55,"column":4}},"20":{"start":{"line":54,"column":6},"end":{"line":54,"column":48}},"21":{"start":{"line":57,"column":3},"end":{"line":80,"column":4}}},"fnMap":{"0":{"name":"(anonymous_0)","decl":{"start":{"line":10,"column":17},"end":{"line":10,"column":18}},"loc":{"start":{"line":10,"column":42},"end":{"line":81,"column":1}},"line":10},"1":{"name":"(anonymous_1)","decl":{"start":{"line":12,"column":33},"end":{"line":12,"column":34}},"loc":{"start":{"line":12,"column":42},"end":{"line":12,"column":57}},"line":12},"2":{"name":"(anonymous_2)","decl":{"start":{"line":25,"column":13},"end":{"line":25,"column":14}},"loc":{"start":{"line":25,"column":19},"end":{"line":37,"column":4}},"line":25},"3":{"name":"(anonymous_3)","decl":{"start":{"line":26,"column":20},"end":{"line":26,"column":21}},"loc":{"start":{"line":26,"column":28},"end":{"line":36,"column":7}},"line":26},"4":{"name":"(anonymous_4)","decl":{"start":{"line":39,"column":27},"end":{"line":39,"column":28}},"loc":{"start":{"line":39,"column":33},"end":{"line":42,"column":3}},"line":39},"5":{"name":"(anonymous_5)","decl":{"start":{"line":44,"column":32},"end":{"line":44,"column":33}},"loc":{"start":{"line":44,"column":38},"end":{"line":51,"column":4}},"line":44},"6":{"name":"(anonymous_6)","decl":{"start":{"line":53,"column":30},"end":{"line":53,"column":31}},"loc":{"start":{"line":53,"column":36},"end":{"line":55,"column":4}},"line":53}},"branchMap":{"0":{"loc":{"start":{"line":27,"column":9},"end":{"line":35,"column":10}},"type":"if","locations":[{"start":{"line":27,"column":9},"end":{"line":35,"column":10}},{"start":{"line":27,"column":9},"end":{"line":35,"column":10}}],"line":27}},"s":{"0":0,"1":0,"2":0,"3":0,"4":0,"5":0,"6":0,"7":0,"8":0,"9":0,"10":0,"11":0,"12":0,"13":0,"14":0,"15":0,"16":0,"17":0,"18":0,"19":0,"20":0,"21":0},"f":{"0":0,"1":0,"2":0,"3":0,"4":0,"5":0,"6":0},"b":{"0":[0,0]},"hash":"e5f4de5e01bb4f39eaa360b47c9a4744c7f88ecf"}
,"/Users/anthonylopez/LambdaSchool/Labs-TL/Studium-FE/src/components/decks/DeckViewCards.js": {"path":"/Users/anthonylopez/LambdaSchool/Labs-TL/Studium-FE/src/components/decks/DeckViewCards.js","statementMap":{"0":{"start":{"line":8,"column":22},"end":{"line":26,"column":1}},"1":{"start":{"line":9,"column":21},"end":{"line":9,"column":34}},"2":{"start":{"line":10,"column":22},"end":{"line":10,"column":59}},"3":{"start":{"line":10,"column":43},"end":{"line":10,"column":58}},"4":{"start":{"line":11,"column":19},"end":{"line":11,"column":30}},"5":{"start":{"line":13,"column":4},"end":{"line":25,"column":5}},"6":{"start":{"line":18,"column":20},"end":{"line":18,"column":71}}},"fnMap":{"0":{"name":"(anonymous_0)","decl":{"start":{"line":8,"column":22},"end":{"line":8,"column":23}},"loc":{"start":{"line":8,"column":47},"end":{"line":26,"column":1}},"line":8},"1":{"name":"(anonymous_1)","decl":{"start":{"line":10,"column":34},"end":{"line":10,"column":35}},"loc":{"start":{"line":10,"column":43},"end":{"line":10,"column":58}},"line":10},"2":{"name":"(anonymous_2)","decl":{"start":{"line":17,"column":31},"end":{"line":17,"column":32}},"loc":{"start":{"line":18,"column":20},"end":{"line":18,"column":71}},"line":18}},"branchMap":{},"s":{"0":0,"1":0,"2":0,"3":0,"4":0,"5":0,"6":0},"f":{"0":0,"1":0,"2":0},"b":{},"hash":"a65b3da7c9f85ebe66e65f5ee15312c57a22d2b5"}
,"/Users/anthonylopez/LambdaSchool/Labs-TL/Studium-FE/src/components/decks/EditDeck.js": {"path":"/Users/anthonylopez/LambdaSchool/Labs-TL/Studium-FE/src/components/decks/EditDeck.js","statementMap":{"0":{"start":{"line":14,"column":17},"end":{"line":98,"column":1}},"1":{"start":{"line":15,"column":20},"end":{"line":15,"column":33}},"2":{"start":{"line":16,"column":17},"end":{"line":16,"column":54}},"3":{"start":{"line":16,"column":38},"end":{"line":16,"column":53}},"4":{"start":{"line":17,"column":16},"end":{"line":17,"column":59}},"5":{"start":{"line":17,"column":37},"end":{"line":17,"column":58}},"6":{"start":{"line":19,"column":19},"end":{"line":19,"column":31}},"7":{"start":{"line":20,"column":18},"end":{"line":20,"column":29}},"8":{"start":{"line":22,"column":46},"end":{"line":22,"column":55}},"9":{"start":{"line":24,"column":35},"end":{"line":24,"column":45}},"10":{"start":{"line":25,"column":39},"end":{"line":25,"column":53}},"11":{"start":{"line":26,"column":39},"end":{"line":31,"column":5}},"12":{"start":{"line":33,"column":3},"end":{"line":35,"column":9}},"13":{"start":{"line":34,"column":6},"end":{"line":34,"column":33}},"14":{"start":{"line":37,"column":24},"end":{"line":42,"column":4}},"15":{"start":{"line":38,"column":2},"end":{"line":41,"column":5}},"16":{"start":{"line":44,"column":22},"end":{"line":52,"column":4}},"17":{"start":{"line":45,"column":6},"end":{"line":45,"column":35}},"18":{"start":{"line":46,"column":6},"end":{"line":46,"column":36}},"19":{"start":{"line":48,"column":6},"end":{"line":48,"column":23}},"20":{"start":{"line":54,"column":3},"end":{"line":97,"column":4}},"21":{"start":{"line":85,"column":21},"end":{"line":90,"column":22}}},"fnMap":{"0":{"name":"(anonymous_0)","decl":{"start":{"line":14,"column":17},"end":{"line":14,"column":18}},"loc":{"start":{"line":14,"column":28},"end":{"line":98,"column":1}},"line":14},"1":{"name":"(anonymous_1)","decl":{"start":{"line":16,"column":29},"end":{"line":16,"column":30}},"loc":{"start":{"line":16,"column":38},"end":{"line":16,"column":53}},"line":16},"2":{"name":"(anonymous_2)","decl":{"start":{"line":17,"column":28},"end":{"line":17,"column":29}},"loc":{"start":{"line":17,"column":37},"end":{"line":17,"column":58}},"line":17},"3":{"name":"(anonymous_3)","decl":{"start":{"line":33,"column":13},"end":{"line":33,"column":14}},"loc":{"start":{"line":33,"column":19},"end":{"line":35,"column":4}},"line":33},"4":{"name":"(anonymous_4)","decl":{"start":{"line":37,"column":24},"end":{"line":37,"column":25}},"loc":{"start":{"line":37,"column":29},"end":{"line":42,"column":4}},"line":37},"5":{"name":"(anonymous_5)","decl":{"start":{"line":44,"column":22},"end":{"line":44,"column":23}},"loc":{"start":{"line":44,"column":28},"end":{"line":52,"column":4}},"line":44},"6":{"name":"(anonymous_6)","decl":{"start":{"line":84,"column":29},"end":{"line":84,"column":30}},"loc":{"start":{"line":84,"column":37},"end":{"line":91,"column":19}},"line":84}},"branchMap":{},"s":{"0":0,"1":0,"2":0,"3":0,"4":0,"5":0,"6":0,"7":0,"8":0,"9":0,"10":0,"11":0,"12":0,"13":0,"14":0,"15":0,"16":0,"17":0,"18":0,"19":0,"20":0,"21":0},"f":{"0":0,"1":0,"2":0,"3":0,"4":0,"5":0,"6":0},"b":{},"hash":"94fc1dc17139b4c1a1fd6b822ba9e74bf8bc55ec"}
,"/Users/anthonylopez/LambdaSchool/Labs-TL/Studium-FE/src/components/decks/EditDeckFooter.js": {"path":"/Users/anthonylopez/LambdaSchool/Labs-TL/Studium-FE/src/components/decks/EditDeckFooter.js","statementMap":{"0":{"start":{"line":7,"column":23},"end":{"line":32,"column":1}},"1":{"start":{"line":8,"column":20},"end":{"line":8,"column":33}},"2":{"start":{"line":10,"column":23},"end":{"line":12,"column":4}},"3":{"start":{"line":11,"column":6},"end":{"line":11,"column":36}},"4":{"start":{"line":14,"column":3},"end":{"line":31,"column":4}}},"fnMap":{"0":{"name":"(anonymous_0)","decl":{"start":{"line":7,"column":23},"end":{"line":7,"column":24}},"loc":{"start":{"line":7,"column":43},"end":{"line":32,"column":1}},"line":7},"1":{"name":"(anonymous_1)","decl":{"start":{"line":10,"column":23},"end":{"line":10,"column":24}},"loc":{"start":{"line":10,"column":28},"end":{"line":12,"column":4}},"line":10}},"branchMap":{},"s":{"0":0,"1":0,"2":0,"3":0,"4":0},"f":{"0":0,"1":0},"b":{},"hash":"6ca53acdf32aa4ba43fc016b5ab772b2994e14e2"}
,"/Users/anthonylopez/LambdaSchool/Labs-TL/Studium-FE/src/components/decks/StudyView.js": {"path":"/Users/anthonylopez/LambdaSchool/Labs-TL/Studium-FE/src/components/decks/StudyView.js","statementMap":{"0":{"start":{"line":14,"column":18},"end":{"line":121,"column":1}},"1":{"start":{"line":15,"column":20},"end":{"line":15,"column":33}},"2":{"start":{"line":17,"column":17},"end":{"line":17,"column":54}},"3":{"start":{"line":17,"column":38},"end":{"line":17,"column":53}},"4":{"start":{"line":18,"column":21},"end":{"line":18,"column":58}},"5":{"start":{"line":18,"column":42},"end":{"line":18,"column":57}},"6":{"start":{"line":19,"column":26},"end":{"line":19,"column":68}},"7":{"start":{"line":19,"column":47},"end":{"line":19,"column":67}},"8":{"start":{"line":21,"column":18},"end":{"line":21,"column":29}},"9":{"start":{"line":22,"column":35},"end":{"line":22,"column":47}},"10":{"start":{"line":23,"column":45},"end":{"line":23,"column":56}},"11":{"start":{"line":24,"column":21},"end":{"line":24,"column":32}},"12":{"start":{"line":25,"column":45},"end":{"line":25,"column":57}},"13":{"start":{"line":26,"column":33},"end":{"line":26,"column":57}},"14":{"start":{"line":28,"column":3},"end":{"line":38,"column":9}},"15":{"start":{"line":29,"column":6},"end":{"line":31,"column":7}},"16":{"start":{"line":32,"column":6},"end":{"line":36,"column":8}},"17":{"start":{"line":33,"column":9},"end":{"line":35,"column":10}},"18":{"start":{"line":34,"column":12},"end":{"line":34,"column":39}},"19":{"start":{"line":40,"column":3},"end":{"line":45,"column":22}},"20":{"start":{"line":41,"column":6},"end":{"line":44,"column":8}},"21":{"start":{"line":47,"column":20},"end":{"line":60,"column":4}},"22":{"start":{"line":48,"column":6},"end":{"line":54,"column":7}},"23":{"start":{"line":49,"column":9},"end":{"line":49,"column":16}},"24":{"start":{"line":50,"column":9},"end":{"line":50,"column":35}},"25":{"start":{"line":52,"column":9},"end":{"line":52,"column":20}},"26":{"start":{"line":53,"column":9},"end":{"line":53,"column":35}},"27":{"start":{"line":55,"column":28},"end":{"line":55,"column":86}},"28":{"start":{"line":55,"column":57},"end":{"line":55,"column":85}},"29":{"start":{"line":56,"column":6},"end":{"line":59,"column":8}},"30":{"start":{"line":62,"column":20},"end":{"line":75,"column":4}},"31":{"start":{"line":63,"column":6},"end":{"line":69,"column":7}},"32":{"start":{"line":64,"column":9},"end":{"line":64,"column":31}},"33":{"start":{"line":65,"column":9},"end":{"line":65,"column":35}},"34":{"start":{"line":67,"column":9},"end":{"line":67,"column":20}},"35":{"start":{"line":68,"column":9},"end":{"line":68,"column":35}},"36":{"start":{"line":70,"column":28},"end":{"line":70,"column":86}},"37":{"start":{"line":70,"column":57},"end":{"line":70,"column":85}},"38":{"start":{"line":71,"column":6},"end":{"line":74,"column":8}},"39":{"start":{"line":77,"column":24},"end":{"line":84,"column":4}},"40":{"start":{"line":78,"column":26},"end":{"line":82,"column":7}},"41":{"start":{"line":83,"column":6},"end":{"line":83,"column":46}},"42":{"start":{"line":86,"column":3},"end":{"line":86,"column":47}},"43":{"start":{"line":88,"column":3},"end":{"line":120,"column":4}}},"fnMap":{"0":{"name":"(anonymous_0)","decl":{"start":{"line":14,"column":18},"end":{"line":14,"column":19}},"loc":{"start":{"line":14,"column":24},"end":{"line":121,"column":1}},"line":14},"1":{"name":"(anonymous_1)","decl":{"start":{"line":17,"column":29},"end":{"line":17,"column":30}},"loc":{"start":{"line":17,"column":38},"end":{"line":17,"column":53}},"line":17},"2":{"name":"(anonymous_2)","decl":{"start":{"line":18,"column":33},"end":{"line":18,"column":34}},"loc":{"start":{"line":18,"column":42},"end":{"line":18,"column":57}},"line":18},"3":{"name":"(anonymous_3)","decl":{"start":{"line":19,"column":38},"end":{"line":19,"column":39}},"loc":{"start":{"line":19,"column":47},"end":{"line":19,"column":67}},"line":19},"4":{"name":"(anonymous_4)","decl":{"start":{"line":28,"column":13},"end":{"line":28,"column":14}},"loc":{"start":{"line":28,"column":19},"end":{"line":38,"column":4}},"line":28},"5":{"name":"(anonymous_5)","decl":{"start":{"line":32,"column":20},"end":{"line":32,"column":21}},"loc":{"start":{"line":32,"column":28},"end":{"line":36,"column":7}},"line":32},"6":{"name":"(anonymous_6)","decl":{"start":{"line":40,"column":14},"end":{"line":40,"column":15}},"loc":{"start":{"line":40,"column":20},"end":{"line":45,"column":4}},"line":40},"7":{"name":"(anonymous_7)","decl":{"start":{"line":47,"column":20},"end":{"line":47,"column":21}},"loc":{"start":{"line":47,"column":26},"end":{"line":60,"column":4}},"line":47},"8":{"name":"(anonymous_8)","decl":{"start":{"line":55,"column":49},"end":{"line":55,"column":50}},"loc":{"start":{"line":55,"column":57},"end":{"line":55,"column":85}},"line":55},"9":{"name":"(anonymous_9)","decl":{"start":{"line":62,"column":20},"end":{"line":62,"column":21}},"loc":{"start":{"line":62,"column":26},"end":{"line":75,"column":4}},"line":62},"10":{"name":"(anonymous_10)","decl":{"start":{"line":70,"column":49},"end":{"line":70,"column":50}},"loc":{"start":{"line":70,"column":57},"end":{"line":70,"column":85}},"line":70},"11":{"name":"(anonymous_11)","decl":{"start":{"line":77,"column":24},"end":{"line":77,"column":25}},"loc":{"start":{"line":77,"column":30},"end":{"line":84,"column":4}},"line":77}},"branchMap":{"0":{"loc":{"start":{"line":33,"column":9},"end":{"line":35,"column":10}},"type":"if","locations":[{"start":{"line":33,"column":9},"end":{"line":35,"column":10}},{"start":{"line":33,"column":9},"end":{"line":35,"column":10}}],"line":33},"1":{"loc":{"start":{"line":48,"column":6},"end":{"line":54,"column":7}},"type":"if","locations":[{"start":{"line":48,"column":6},"end":{"line":54,"column":7}},{"start":{"line":48,"column":6},"end":{"line":54,"column":7}}],"line":48},"2":{"loc":{"start":{"line":63,"column":6},"end":{"line":69,"column":7}},"type":"if","locations":[{"start":{"line":63,"column":6},"end":{"line":69,"column":7}},{"start":{"line":63,"column":6},"end":{"line":69,"column":7}}],"line":63}},"s":{"0":0,"1":0,"2":0,"3":0,"4":0,"5":0,"6":0,"7":0,"8":0,"9":0,"10":0,"11":0,"12":0,"13":0,"14":0,"15":0,"16":0,"17":0,"18":0,"19":0,"20":0,"21":0,"22":0,"23":0,"24":0,"25":0,"26":0,"27":0,"28":0,"29":0,"30":0,"31":0,"32":0,"33":0,"34":0,"35":0,"36":0,"37":0,"38":0,"39":0,"40":0,"41":0,"42":0,"43":0},"f":{"0":0,"1":0,"2":0,"3":0,"4":0,"5":0,"6":0,"7":0,"8":0,"9":0,"10":0,"11":0},"b":{"0":[0,0],"1":[0,0],"2":[0,0]},"hash":"ec9475db7cac617441ba0e1b204cf5d663469f64"}
,"/Users/anthonylopez/LambdaSchool/Labs-TL/Studium-FE/src/components/decks/updatedecks.js": {"path":"/Users/anthonylopez/LambdaSchool/Labs-TL/Studium-FE/src/components/decks/updatedecks.js","statementMap":{"0":{"start":{"line":6,"column":22},"end":{"line":30,"column":1}},"1":{"start":{"line":7,"column":32},"end":{"line":9,"column":6}},"2":{"start":{"line":12,"column":25},"end":{"line":22,"column":5}},"3":{"start":{"line":13,"column":8},"end":{"line":13,"column":37}},"4":{"start":{"line":14,"column":8},"end":{"line":21,"column":12}},"5":{"start":{"line":17,"column":12},"end":{"line":17,"column":33}},"6":{"start":{"line":20,"column":12},"end":{"line":20,"column":28}},"7":{"start":{"line":24,"column":4},"end":{"line":29,"column":5}},"8":{"start":{"line":26,"column":34},"end":{"line":26,"column":56}}},"fnMap":{"0":{"name":"(anonymous_0)","decl":{"start":{"line":6,"column":22},"end":{"line":6,"column":23}},"loc":{"start":{"line":6,"column":30},"end":{"line":30,"column":1}},"line":6},"1":{"name":"(anonymous_1)","decl":{"start":{"line":12,"column":25},"end":{"line":12,"column":26}},"loc":{"start":{"line":12,"column":30},"end":{"line":22,"column":5}},"line":12},"2":{"name":"(anonymous_2)","decl":{"start":{"line":16,"column":14},"end":{"line":16,"column":15}},"loc":{"start":{"line":16,"column":20},"end":{"line":18,"column":9}},"line":16},"3":{"name":"(anonymous_3)","decl":{"start":{"line":19,"column":15},"end":{"line":19,"column":16}},"loc":{"start":{"line":19,"column":22},"end":{"line":21,"column":11}},"line":19},"4":{"name":"(anonymous_4)","decl":{"start":{"line":26,"column":29},"end":{"line":26,"column":30}},"loc":{"start":{"line":26,"column":34},"end":{"line":26,"column":56}},"line":26}},"branchMap":{},"s":{"0":0,"1":0,"2":0,"3":0,"4":0,"5":0,"6":0,"7":0,"8":0},"f":{"0":0,"1":0,"2":0,"3":0,"4":0},"b":{},"hash":"d9234732debeb1a00e60f3d1dae004aaf9abf85a"}
,"/Users/anthonylopez/LambdaSchool/Labs-TL/Studium-FE/src/components/decks/styles-decks/CreateDeckFormStyles.js": {"path":"/Users/anthonylopez/LambdaSchool/Labs-TL/Studium-FE/src/components/decks/styles-decks/CreateDeckFormStyles.js","statementMap":{"0":{"start":{"line":3,"column":27},"end":{"line":8,"column":1}},"1":{"start":{"line":10,"column":25},"end":{"line":17,"column":1}},"2":{"start":{"line":19,"column":28},"end":{"line":21,"column":1}},"3":{"start":{"line":23,"column":21},"end":{"line":32,"column":1}},"4":{"start":{"line":34,"column":28},"end":{"line":38,"column":1}},"5":{"start":{"line":40,"column":18},"end":{"line":46,"column":1}},"6":{"start":{"line":48,"column":18},"end":{"line":57,"column":1}},"7":{"start":{"line":59,"column":18},"end":{"line":67,"column":1}},"8":{"start":{"line":69,"column":29},"end":{"line":73,"column":1}}},"fnMap":{},"branchMap":{},"s":{"0":0,"1":0,"2":0,"3":0,"4":0,"5":0,"6":0,"7":0,"8":0},"f":{},"b":{},"hash":"693a720eaed0644c2b8ef11c607a5179a02cb273"}
,"/Users/anthonylopez/LambdaSchool/Labs-TL/Studium-FE/src/components/decks/styles-decks/DeckViewStyles.js": {"path":"/Users/anthonylopez/LambdaSchool/Labs-TL/Studium-FE/src/components/decks/styles-decks/DeckViewStyles.js","statementMap":{"0":{"start":{"line":3,"column":27},"end":{"line":7,"column":1}},"1":{"start":{"line":9,"column":28},"end":{"line":16,"column":1}},"2":{"start":{"line":18,"column":18},"end":{"line":24,"column":1}},"3":{"start":{"line":26,"column":18},"end":{"line":34,"column":1}},"4":{"start":{"line":36,"column":27},"end":{"line":44,"column":1}},"5":{"start":{"line":46,"column":26},"end":{"line":56,"column":1}},"6":{"start":{"line":58,"column":23},"end":{"line":69,"column":1}},"7":{"start":{"line":71,"column":21},"end":{"line":74,"column":1}},"8":{"start":{"line":76,"column":25},"end":{"line":82,"column":1}},"9":{"start":{"line":84,"column":23},"end":{"line":91,"column":1}},"10":{"start":{"line":93,"column":26},"end":{"line":100,"column":1}},"11":{"start":{"line":102,"column":29},"end":{"line":111,"column":1}},"12":{"start":{"line":113,"column":26},"end":{"line":126,"column":1}},"13":{"start":{"line":128,"column":27},"end":{"line":140,"column":1}}},"fnMap":{},"branchMap":{},"s":{"0":0,"1":0,"2":0,"3":0,"4":0,"5":0,"6":0,"7":0,"8":0,"9":0,"10":0,"11":0,"12":0,"13":0},"f":{},"b":{},"hash":"b924800ebcc04fc4965a8f82a886d1cbcbf3cbde"}
,"/Users/anthonylopez/LambdaSchool/Labs-TL/Studium-FE/src/components/decks/styles-decks/StudyViewStyles.js": {"path":"/Users/anthonylopez/LambdaSchool/Labs-TL/Studium-FE/src/components/decks/styles-decks/StudyViewStyles.js","statementMap":{"0":{"start":{"line":3,"column":27},"end":{"line":6,"column":1}},"1":{"start":{"line":8,"column":24},"end":{"line":17,"column":1}},"2":{"start":{"line":19,"column":30},"end":{"line":26,"column":1}},"3":{"start":{"line":28,"column":28},"end":{"line":34,"column":1}},"4":{"start":{"line":36,"column":20},"end":{"line":42,"column":1}},"5":{"start":{"line":44,"column":29},"end":{"line":55,"column":1}},"6":{"start":{"line":57,"column":26},"end":{"line":70,"column":1}}},"fnMap":{},"branchMap":{},"s":{"0":0,"1":0,"2":0,"3":0,"4":0,"5":0,"6":0},"f":{},"b":{},"hash":"7b64ae2789fe4505b656a182b9240e944131a57f"}
,"/Users/anthonylopez/LambdaSchool/Labs-TL/Studium-FE/src/components/login/Login.js": {"path":"/Users/anthonylopez/LambdaSchool/Labs-TL/Studium-FE/src/components/login/Login.js","statementMap":{"0":{"start":{"line":9,"column":14},"end":{"line":82,"column":1}},"1":{"start":{"line":10,"column":21},"end":{"line":10,"column":34}},"2":{"start":{"line":12,"column":30},"end":{"line":15,"column":6}},"3":{"start":{"line":17,"column":25},"end":{"line":22,"column":5}},"4":{"start":{"line":18,"column":8},"end":{"line":21,"column":11}},"5":{"start":{"line":24,"column":25},"end":{"line":39,"column":5}},"6":{"start":{"line":25,"column":8},"end":{"line":25,"column":27}},"7":{"start":{"line":26,"column":8},"end":{"line":38,"column":50}},"8":{"start":{"line":30,"column":20},"end":{"line":30,"column":66}},"9":{"start":{"line":31,"column":20},"end":{"line":36,"column":60}},"10":{"start":{"line":32,"column":24},"end":{"line":32,"column":44}},"11":{"start":{"line":33,"column":24},"end":{"line":33,"column":57}},"12":{"start":{"line":36,"column":27},"end":{"line":36,"column":58}},"13":{"start":{"line":38,"column":28},"end":{"line":38,"column":48}},"14":{"start":{"line":41,"column":4},"end":{"line":81,"column":5}},"15":{"start":{"line":51,"column":41},"end":{"line":51,"column":82}}},"fnMap":{"0":{"name":"(anonymous_0)","decl":{"start":{"line":9,"column":14},"end":{"line":9,"column":15}},"loc":{"start":{"line":9,"column":23},"end":{"line":82,"column":1}},"line":9},"1":{"name":"(anonymous_1)","decl":{"start":{"line":17,"column":25},"end":{"line":17,"column":26}},"loc":{"start":{"line":17,"column":30},"end":{"line":22,"column":5}},"line":17},"2":{"name":"(anonymous_2)","decl":{"start":{"line":24,"column":25},"end":{"line":24,"column":26}},"loc":{"start":{"line":24,"column":30},"end":{"line":39,"column":5}},"line":24},"3":{"name":"(anonymous_3)","decl":{"start":{"line":29,"column":16},"end":{"line":29,"column":17}},"loc":{"start":{"line":29,"column":23},"end":{"line":37,"column":17}},"line":29},"4":{"name":"(anonymous_4)","decl":{"start":{"line":38,"column":19},"end":{"line":38,"column":20}},"loc":{"start":{"line":38,"column":28},"end":{"line":38,"column":48}},"line":38},"5":{"name":"(anonymous_5)","decl":{"start":{"line":51,"column":33},"end":{"line":51,"column":34}},"loc":{"start":{"line":51,"column":39},"end":{"line":51,"column":84}},"line":51}},"branchMap":{"0":{"loc":{"start":{"line":31,"column":20},"end":{"line":36,"column":60}},"type":"if","locations":[{"start":{"line":31,"column":20},"end":{"line":36,"column":60}},{"start":{"line":31,"column":20},"end":{"line":36,"column":60}}],"line":31}},"s":{"0":0,"1":0,"2":0,"3":0,"4":0,"5":0,"6":0,"7":0,"8":0,"9":0,"10":0,"11":0,"12":0,"13":0,"14":0,"15":0},"f":{"0":0,"1":0,"2":0,"3":0,"4":0,"5":0},"b":{"0":[0,0]},"hash":"46cec670f3d8eafe7cde2f4616bb58a3b20beddf"}
,"/Users/anthonylopez/LambdaSchool/Labs-TL/Studium-FE/src/components/login/OktaLogin.js": {"path":"/Users/anthonylopez/LambdaSchool/Labs-TL/Studium-FE/src/components/login/OktaLogin.js","statementMap":{"0":{"start":{"line":4,"column":18},"end":{"line":27,"column":2}},"1":{"start":{"line":5,"column":38},"end":{"line":5,"column":51}},"2":{"start":{"line":6,"column":17},"end":{"line":6,"column":54}},"3":{"start":{"line":6,"column":23},"end":{"line":6,"column":54}},"4":{"start":{"line":8,"column":2},"end":{"line":13,"column":3}}},"fnMap":{"0":{"name":"(anonymous_0)","decl":{"start":{"line":4,"column":18},"end":{"line":4,"column":19}},"loc":{"start":{"line":4,"column":24},"end":{"line":27,"column":2}},"line":4},"1":{"name":"(anonymous_1)","decl":{"start":{"line":6,"column":17},"end":{"line":6,"column":18}},"loc":{"start":{"line":6,"column":23},"end":{"line":6,"column":54}},"line":6}},"branchMap":{},"s":{"0":0,"1":0,"2":0,"3":0,"4":0},"f":{"0":0,"1":0},"b":{},"hash":"49becb845dcb3ede370144bc2cf81f311a1b7653"}
,"/Users/anthonylopez/LambdaSchool/Labs-TL/Studium-FE/src/components/login/loginstyles.js": {"path":"/Users/anthonylopez/LambdaSchool/Labs-TL/Studium-FE/src/components/login/loginstyles.js","statementMap":{"0":{"start":{"line":4,"column":27},"end":{"line":10,"column":1}},"1":{"start":{"line":11,"column":28},"end":{"line":15,"column":1}},"2":{"start":{"line":17,"column":19},"end":{"line":21,"column":1}},"3":{"start":{"line":22,"column":18},"end":{"line":30,"column":1}},"4":{"start":{"line":31,"column":23},"end":{"line":37,"column":1}},"5":{"start":{"line":38,"column":22},"end":{"line":43,"column":1}},"6":{"start":{"line":45,"column":18},"end":{"line":51,"column":1}},"7":{"start":{"line":52,"column":23},"end":{"line":57,"column":1}},"8":{"start":{"line":59,"column":20},"end":{"line":63,"column":1}},"9":{"start":{"line":64,"column":24},"end":{"line":73,"column":1}},"10":{"start":{"line":75,"column":23},"end":{"line":83,"column":1}},"11":{"start":{"line":85,"column":24},"end":{"line":94,"column":1}},"12":{"start":{"line":95,"column":24},"end":{"line":103,"column":1}},"13":{"start":{"line":104,"column":22},"end":{"line":110,"column":1}}},"fnMap":{},"branchMap":{},"s":{"0":0,"1":0,"2":0,"3":0,"4":0,"5":0,"6":0,"7":0,"8":0,"9":0,"10":0,"11":0,"12":0,"13":0},"f":{},"b":{},"hash":"b171bc0a9a6534170a41dca793849081a949799e"}
,"/Users/anthonylopez/LambdaSchool/Labs-TL/Studium-FE/src/components/navigation/AddCardNav.js": {"path":"/Users/anthonylopez/LambdaSchool/Labs-TL/Studium-FE/src/components/navigation/AddCardNav.js","statementMap":{"0":{"start":{"line":6,"column":19},"end":{"line":43,"column":1}},"1":{"start":{"line":7,"column":18},"end":{"line":7,"column":29}},"2":{"start":{"line":9,"column":3},"end":{"line":42,"column":4}}},"fnMap":{"0":{"name":"(anonymous_0)","decl":{"start":{"line":6,"column":19},"end":{"line":6,"column":20}},"loc":{"start":{"line":6,"column":25},"end":{"line":43,"column":1}},"line":6}},"branchMap":{},"s":{"0":0,"1":0,"2":0},"f":{"0":0},"b":{},"hash":"3f615b02cd35e70ea9234218706be6d816821ea9"}
,"/Users/anthonylopez/LambdaSchool/Labs-TL/Studium-FE/src/components/navigation/Menu.js": {"path":"/Users/anthonylopez/LambdaSchool/Labs-TL/Studium-FE/src/components/navigation/Menu.js","statementMap":{"0":{"start":{"line":6,"column":25},"end":{"line":6,"column":31}},"1":{"start":{"line":8,"column":8},"end":{"line":10,"column":9}},"2":{"start":{"line":9,"column":12},"end":{"line":9,"column":32}},"3":{"start":{"line":12,"column":8},"end":{"line":28,"column":10}}},"fnMap":{"0":{"name":"(anonymous_0)","decl":{"start":{"line":5,"column":4},"end":{"line":5,"column":5}},"loc":{"start":{"line":5,"column":13},"end":{"line":29,"column":5}},"line":5}},"branchMap":{"0":{"loc":{"start":{"line":8,"column":8},"end":{"line":10,"column":9}},"type":"if","locations":[{"start":{"line":8,"column":8},"end":{"line":10,"column":9}},{"start":{"line":8,"column":8},"end":{"line":10,"column":9}}],"line":8}},"s":{"0":0,"1":0,"2":0,"3":0},"f":{"0":0},"b":{"0":[0,0]},"hash":"bd33e817b006e53d4612d42fea14e252e5ca13d3"}
,"/Users/anthonylopez/LambdaSchool/Labs-TL/Studium-FE/src/components/navigation/NavBar.js": {"path":"/Users/anthonylopez/LambdaSchool/Labs-TL/Studium-FE/src/components/navigation/NavBar.js","statementMap":{"0":{"start":{"line":6,"column":19},"end":{"line":17,"column":1}},"1":{"start":{"line":19,"column":13},"end":{"line":28,"column":1}},"2":{"start":{"line":31,"column":18},"end":{"line":31,"column":30}},"3":{"start":{"line":33,"column":23},"end":{"line":36,"column":3}},"4":{"start":{"line":34,"column":15},"end":{"line":34,"column":23}},"5":{"start":{"line":35,"column":4},"end":{"line":35,"column":23}},"6":{"start":{"line":38,"column":2},"end":{"line":48,"column":4}}},"fnMap":{"0":{"name":"NavBar","decl":{"start":{"line":30,"column":9},"end":{"line":30,"column":15}},"loc":{"start":{"line":30,"column":23},"end":{"line":49,"column":1}},"line":30},"1":{"name":"(anonymous_1)","decl":{"start":{"line":33,"column":23},"end":{"line":33,"column":24}},"loc":{"start":{"line":33,"column":29},"end":{"line":36,"column":3}},"line":33}},"branchMap":{},"s":{"0":1,"1":1,"2":1,"3":1,"4":0,"5":0,"6":1},"f":{"0":1,"1":0},"b":{},"_coverageSchema":"43e27e138ebf9cfc5966b082cf9a028302ed4184","hash":"3b9db9e8e6cbba2b14b423e700e9b4e416d2745a"}
,"/Users/anthonylopez/LambdaSchool/Labs-TL/Studium-FE/src/components/navigation/NavBarDash.js": {"path":"/Users/anthonylopez/LambdaSchool/Labs-TL/Studium-FE/src/components/navigation/NavBarDash.js","statementMap":{"0":{"start":{"line":9,"column":8},"end":{"line":9,"column":30}},"1":{"start":{"line":11,"column":8},"end":{"line":13,"column":10}},"2":{"start":{"line":15,"column":8},"end":{"line":15,"column":63}},"3":{"start":{"line":16,"column":8},"end":{"line":16,"column":53}},"4":{"start":{"line":20,"column":8},"end":{"line":20,"column":26}},"5":{"start":{"line":21,"column":8},"end":{"line":21,"column":28}},"6":{"start":{"line":25,"column":8},"end":{"line":29,"column":10}},"7":{"start":{"line":33,"column":8},"end":{"line":44,"column":10}},"8":{"start":{"line":37,"column":24},"end":{"line":37,"column":43}},"9":{"start":{"line":38,"column":24},"end":{"line":38,"column":60}}},"fnMap":{"0":{"name":"(anonymous_0)","decl":{"start":{"line":8,"column":4},"end":{"line":8,"column":5}},"loc":{"start":{"line":8,"column":32},"end":{"line":17,"column":5}},"line":8},"1":{"name":"(anonymous_1)","decl":{"start":{"line":19,"column":4},"end":{"line":19,"column":5}},"loc":{"start":{"line":19,"column":23},"end":{"line":22,"column":5}},"line":19},"2":{"name":"(anonymous_2)","decl":{"start":{"line":24,"column":4},"end":{"line":24,"column":5}},"loc":{"start":{"line":24,"column":17},"end":{"line":30,"column":5}},"line":24},"3":{"name":"(anonymous_3)","decl":{"start":{"line":32,"column":4},"end":{"line":32,"column":5}},"loc":{"start":{"line":32,"column":13},"end":{"line":45,"column":5}},"line":32},"4":{"name":"(anonymous_4)","decl":{"start":{"line":36,"column":29},"end":{"line":36,"column":30}},"loc":{"start":{"line":36,"column":36},"end":{"line":39,"column":21}},"line":36}},"branchMap":{},"s":{"0":0,"1":0,"2":0,"3":0,"4":0,"5":0,"6":0,"7":0,"8":0,"9":0},"f":{"0":0,"1":0,"2":0,"3":0,"4":0},"b":{},"hash":"8ea8923968096eaffcf0bb02aef69c7afcabb67d"}
,"/Users/anthonylopez/LambdaSchool/Labs-TL/Studium-FE/src/components/navigation/ProfileButton.js": {"path":"/Users/anthonylopez/LambdaSchool/Labs-TL/Studium-FE/src/components/navigation/ProfileButton.js","statementMap":{"0":{"start":{"line":8,"column":8},"end":{"line":15,"column":10}}},"fnMap":{"0":{"name":"(anonymous_0)","decl":{"start":{"line":7,"column":4},"end":{"line":7,"column":5}},"loc":{"start":{"line":7,"column":13},"end":{"line":16,"column":5}},"line":7}},"branchMap":{},"s":{"0":0},"f":{"0":0},"b":{},"hash":"04388f3d283a6e2a8e2f7b6608571af4a4ee554f"}
,"/Users/anthonylopez/LambdaSchool/Labs-TL/Studium-FE/src/components/register/Register.js": {"path":"/Users/anthonylopez/LambdaSchool/Labs-TL/Studium-FE/src/components/register/Register.js","statementMap":{"0":{"start":{"line":5,"column":17},"end":{"line":105,"column":2}},"1":{"start":{"line":6,"column":39},"end":{"line":12,"column":5}},"2":{"start":{"line":14,"column":24},"end":{"line":19,"column":4}},"3":{"start":{"line":15,"column":5},"end":{"line":18,"column":8}},"4":{"start":{"line":23,"column":24},"end":{"line":35,"column":4}},"5":{"start":{"line":24,"column":5},"end":{"line":24,"column":24}},"6":{"start":{"line":25,"column":5},"end":{"line":34,"column":45}},"7":{"start":{"line":28,"column":9},"end":{"line":28,"column":55}},"8":{"start":{"line":29,"column":9},"end":{"line":29,"column":25}},"9":{"start":{"line":30,"column":9},"end":{"line":32,"column":47}},"10":{"start":{"line":30,"column":32},"end":{"line":30,"column":85}},"11":{"start":{"line":32,"column":15},"end":{"line":32,"column":46}},"12":{"start":{"line":34,"column":23},"end":{"line":34,"column":43}},"13":{"start":{"line":37,"column":3},"end":{"line":104,"column":5}},"14":{"start":{"line":46,"column":41},"end":{"line":46,"column":82}}},"fnMap":{"0":{"name":"(anonymous_0)","decl":{"start":{"line":5,"column":17},"end":{"line":5,"column":18}},"loc":{"start":{"line":5,"column":28},"end":{"line":105,"column":2}},"line":5},"1":{"name":"(anonymous_1)","decl":{"start":{"line":14,"column":24},"end":{"line":14,"column":25}},"loc":{"start":{"line":14,"column":29},"end":{"line":19,"column":4}},"line":14},"2":{"name":"(anonymous_2)","decl":{"start":{"line":23,"column":24},"end":{"line":23,"column":25}},"loc":{"start":{"line":23,"column":31},"end":{"line":35,"column":4}},"line":23},"3":{"name":"(anonymous_3)","decl":{"start":{"line":27,"column":13},"end":{"line":27,"column":14}},"loc":{"start":{"line":27,"column":22},"end":{"line":33,"column":9}},"line":27},"4":{"name":"(anonymous_4)","decl":{"start":{"line":34,"column":14},"end":{"line":34,"column":15}},"loc":{"start":{"line":34,"column":23},"end":{"line":34,"column":43}},"line":34},"5":{"name":"(anonymous_5)","decl":{"start":{"line":46,"column":33},"end":{"line":46,"column":34}},"loc":{"start":{"line":46,"column":39},"end":{"line":46,"column":84}},"line":46}},"branchMap":{"0":{"loc":{"start":{"line":30,"column":9},"end":{"line":32,"column":47}},"type":"if","locations":[{"start":{"line":30,"column":9},"end":{"line":32,"column":47}},{"start":{"line":30,"column":9},"end":{"line":32,"column":47}}],"line":30}},"s":{"0":0,"1":0,"2":0,"3":0,"4":0,"5":0,"6":0,"7":0,"8":0,"9":0,"10":0,"11":0,"12":0,"13":0,"14":0},"f":{"0":0,"1":0,"2":0,"3":0,"4":0,"5":0},"b":{"0":[0,0]},"hash":"aad2ab6e0f90e7b255d04cf794515918fab21f30"}
,"/Users/anthonylopez/LambdaSchool/Labs-TL/Studium-FE/src/components/register/Registerstyles.js": {"path":"/Users/anthonylopez/LambdaSchool/Labs-TL/Studium-FE/src/components/register/Registerstyles.js","statementMap":{"0":{"start":{"line":3,"column":23},"end":{"line":10,"column":1}},"1":{"start":{"line":12,"column":19},"end":{"line":17,"column":1}},"2":{"start":{"line":18,"column":28},"end":{"line":22,"column":1}},"3":{"start":{"line":23,"column":18},"end":{"line":31,"column":1}},"4":{"start":{"line":32,"column":23},"end":{"line":38,"column":1}},"5":{"start":{"line":39,"column":22},"end":{"line":44,"column":1}},"6":{"start":{"line":46,"column":18},"end":{"line":52,"column":1}},"7":{"start":{"line":53,"column":23},"end":{"line":58,"column":1}},"8":{"start":{"line":60,"column":25},"end":{"line":67,"column":1}},"9":{"start":{"line":68,"column":24},"end":{"line":74,"column":1}},"10":{"start":{"line":75,"column":24},"end":{"line":81,"column":1}},"11":{"start":{"line":82,"column":21},"end":{"line":89,"column":1}},"12":{"start":{"line":90,"column":24},"end":{"line":96,"column":1}},"13":{"start":{"line":97,"column":22},"end":{"line":107,"column":1}},"14":{"start":{"line":108,"column":22},"end":{"line":118,"column":1}},"15":{"start":{"line":119,"column":24},"end":{"line":129,"column":1}},"16":{"start":{"line":130,"column":25},"end":{"line":140,"column":1}},"17":{"start":{"line":141,"column":24},"end":{"line":151,"column":1}},"18":{"start":{"line":153,"column":22},"end":{"line":159,"column":1}},"19":{"start":{"line":160,"column":18},"end":{"line":163,"column":1}}},"fnMap":{},"branchMap":{},"s":{"0":0,"1":0,"2":0,"3":0,"4":0,"5":0,"6":0,"7":0,"8":0,"9":0,"10":0,"11":0,"12":0,"13":0,"14":0,"15":0,"16":0,"17":0,"18":0,"19":0},"f":{},"b":{},"hash":"3e266affdc96c06d933cd9cb50cc81476f7d3e55"}
,"/Users/anthonylopez/LambdaSchool/Labs-TL/Studium-FE/src/components/splash page/SplashPage.js": {"path":"/Users/anthonylopez/LambdaSchool/Labs-TL/Studium-FE/src/components/splash page/SplashPage.js","statementMap":{"0":{"start":{"line":13,"column":13},"end":{"line":21,"column":1}},"1":{"start":{"line":23,"column":19},"end":{"line":104,"column":1}},"2":{"start":{"line":24,"column":28},"end":{"line":24,"column":51}},"3":{"start":{"line":25,"column":32},"end":{"line":25,"column":47}},"4":{"start":{"line":27,"column":18},"end":{"line":27,"column":30}},"5":{"start":{"line":29,"column":23},"end":{"line":32,"column":3}},"6":{"start":{"line":30,"column":15},"end":{"line":30,"column":23}},"7":{"start":{"line":31,"column":4},"end":{"line":31,"column":23}},"8":{"start":{"line":34,"column":26},"end":{"line":37,"column":3}},"9":{"start":{"line":35,"column":15},"end":{"line":35,"column":26}},"10":{"start":{"line":36,"column":4},"end":{"line":36,"column":23}},"11":{"start":{"line":40,"column":4},"end":{"line":40,"column":16}},"12":{"start":{"line":41,"column":4},"end":{"line":44,"column":8}},"13":{"start":{"line":41,"column":25},"end":{"line":44,"column":5}},"14":{"start":{"line":48,"column":4},"end":{"line":48,"column":23}},"15":{"start":{"line":49,"column":4},"end":{"line":49,"column":21}},"16":{"start":{"line":50,"column":4},"end":{"line":52,"column":13}},"17":{"start":{"line":51,"column":6},"end":{"line":51,"column":24}},"18":{"start":{"line":55,"column":2},"end":{"line":61,"column":9}},"19":{"start":{"line":56,"column":4},"end":{"line":60,"column":6}},"20":{"start":{"line":57,"column":6},"end":{"line":59,"column":7}},"21":{"start":{"line":58,"column":8},"end":{"line":58,"column":30}},"22":{"start":{"line":63,"column":2},"end":{"line":103,"column":4}}},"fnMap":{"0":{"name":"(anonymous_0)","decl":{"start":{"line":23,"column":19},"end":{"line":23,"column":20}},"loc":{"start":{"line":23,"column":25},"end":{"line":104,"column":1}},"line":23},"1":{"name":"(anonymous_1)","decl":{"start":{"line":29,"column":23},"end":{"line":29,"column":24}},"loc":{"start":{"line":29,"column":29},"end":{"line":32,"column":3}},"line":29},"2":{"name":"(anonymous_2)","decl":{"start":{"line":34,"column":26},"end":{"line":34,"column":27}},"loc":{"start":{"line":34,"column":32},"end":{"line":37,"column":3}},"line":34},"3":{"name":"handleInputChange","decl":{"start":{"line":39,"column":11},"end":{"line":39,"column":28}},"loc":{"start":{"line":39,"column":32},"end":{"line":45,"column":3}},"line":39},"4":{"name":"(anonymous_4)","decl":{"start":{"line":41,"column":13},"end":{"line":41,"column":14}},"loc":{"start":{"line":41,"column":25},"end":{"line":44,"column":5}},"line":41},"5":{"name":"handleSubmit","decl":{"start":{"line":47,"column":11},"end":{"line":47,"column":23}},"loc":{"start":{"line":47,"column":27},"end":{"line":53,"column":3}},"line":47},"6":{"name":"(anonymous_6)","decl":{"start":{"line":50,"column":25},"end":{"line":50,"column":26}},"loc":{"start":{"line":50,"column":31},"end":{"line":52,"column":5}},"line":50},"7":{"name":"(anonymous_7)","decl":{"start":{"line":55,"column":12},"end":{"line":55,"column":13}},"loc":{"start":{"line":55,"column":18},"end":{"line":61,"column":3}},"line":55},"8":{"name":"(anonymous_8)","decl":{"start":{"line":56,"column":11},"end":{"line":56,"column":12}},"loc":{"start":{"line":56,"column":17},"end":{"line":60,"column":5}},"line":56}},"branchMap":{"0":{"loc":{"start":{"line":57,"column":6},"end":{"line":59,"column":7}},"type":"if","locations":[{"start":{"line":57,"column":6},"end":{"line":59,"column":7}},{"start":{"line":57,"column":6},"end":{"line":59,"column":7}}],"line":57},"1":{"loc":{"start":{"line":72,"column":11},"end":{"line":81,"column":11}},"type":"cond-expr","locations":[{"start":{"line":73,"column":12},"end":{"line":73,"column":23}},{"start":{"line":75,"column":12},"end":{"line":80,"column":15}}],"line":72}},"s":{"0":1,"1":1,"2":1,"3":1,"4":1,"5":1,"6":0,"7":0,"8":1,"9":0,"10":0,"11":0,"12":0,"13":0,"14":0,"15":0,"16":0,"17":0,"18":1,"19":1,"20":1,"21":0,"22":1},"f":{"0":1,"1":0,"2":0,"3":0,"4":0,"5":0,"6":0,"7":1,"8":1},"b":{"0":[0,1],"1":[0,1]},"_coverageSchema":"43e27e138ebf9cfc5966b082cf9a028302ed4184","hash":"9ad2e8743c837d9078ec818ab415fbf828534e6e"}
[...]
olumn":5}},"94":{"start":{"line":156,"column":9},"end":{"line":156,"column":42}},"95":{"start":{"line":157,"column":9},"end":{"line":157,"column":46}},"96":{"start":{"line":158,"column":9},"end":{"line":158,"column":62}},"97":{"start":{"line":161,"column":3},"end":{"line":161,"column":34}},"98":{"start":{"line":162,"column":3},"end":{"line":162,"column":65}},"99":{"start":{"line":166,"column":33},"end":{"line":177,"column":1}},"100":{"start":{"line":166,"column":50},"end":{"line":177,"column":1}},"101":{"start":{"line":167,"column":3},"end":{"line":176,"column":5}},"102":{"start":{"line":170,"column":9},"end":{"line":170,"column":25}},"103":{"start":{"line":171,"column":9},"end":{"line":171,"column":71}},"104":{"start":{"line":174,"column":3},"end":{"line":174,"column":34}},"105":{"start":{"line":175,"column":3},"end":{"line":175,"column":67}}},"fnMap":{"0":{"name":"(anonymous_0)","decl":{"start":{"line":20,"column":23},"end":{"line":20,"column":24}},"loc":{"start":{"line":20,"column":29},"end":{"line":40,"column":1}},"line":20},"1":{"name":"(anonymous_1)","decl":{"start":{"line":20,"column":29},"end":{"line":20,"column":30}},"loc":{"start":{"line":20,"column":41},"end":{"line":40,"column":1}},"line":20},"2":{"name":"(anonymous_2)","decl":{"start":{"line":23,"column":12},"end":{"line":23,"column":13}},"loc":{"start":{"line":23,"column":19},"end":{"line":35,"column":7}},"line":23},"3":{"name":"(anonymous_3)","decl":{"start":{"line":27,"column":18},"end":{"line":27,"column":19}},"loc":{"start":{"line":27,"column":25},"end":{"line":30,"column":13}},"line":27},"4":{"name":"(anonymous_4)","decl":{"start":{"line":31,"column":19},"end":{"line":31,"column":20}},"loc":{"start":{"line":31,"column":26},"end":{"line":34,"column":13}},"line":31},"5":{"name":"(anonymous_5)","decl":{"start":{"line":36,"column":13},"end":{"line":36,"column":14}},"loc":{"start":{"line":36,"column":20},"end":{"line":39,"column":7}},"line":36},"6":{"name":"(anonymous_6)","decl":{"start":{"line":42,"column":30},"end":{"line":42,"column":31}},"loc":{"start":{"line":42,"column":38},"end":{"line":52,"column":1}},"line":42},"7":{"name":"(anonymous_7)","decl":{"start":{"line":42,"column":38},"end":{"line":42,"column":39}},"loc":{"start":{"line":42,"column":50},"end":{"line":52,"column":1}},"line":42},"8":{"name":"(anonymous_8)","decl":{"start":{"line":45,"column":12},"end":{"line":45,"column":13}},"loc":{"start":{"line":45,"column":19},"end":{"line":47,"column":7}},"line":45},"9":{"name":"(anonymous_9)","decl":{"start":{"line":48,"column":13},"end":{"line":48,"column":14}},"loc":{"start":{"line":48,"column":20},"end":{"line":51,"column":7}},"line":48},"10":{"name":"(anonymous_10)","decl":{"start":{"line":54,"column":27},"end":{"line":54,"column":28}},"loc":{"start":{"line":54,"column":43},"end":{"line":65,"column":1}},"line":54},"11":{"name":"(anonymous_11)","decl":{"start":{"line":54,"column":43},"end":{"line":54,"column":44}},"loc":{"start":{"line":54,"column":55},"end":{"line":65,"column":1}},"line":54},"12":{"name":"(anonymous_12)","decl":{"start":{"line":57,"column":12},"end":{"line":57,"column":13}},"loc":{"start":{"line":57,"column":19},"end":{"line":60,"column":7}},"line":57},"13":{"name":"(anonymous_13)","decl":{"start":{"line":61,"column":13},"end":{"line":61,"column":14}},"loc":{"start":{"line":61,"column":20},"end":{"line":64,"column":3}},"line":61},"14":{"name":"(anonymous_14)","decl":{"start":{"line":67,"column":24},"end":{"line":67,"column":25}},"loc":{"start":{"line":67,"column":40},"end":{"line":80,"column":1}},"line":67},"15":{"name":"(anonymous_15)","decl":{"start":{"line":67,"column":40},"end":{"line":67,"column":41}},"loc":{"start":{"line":67,"column":52},"end":{"line":80,"column":1}},"line":67},"16":{"name":"(anonymous_16)","decl":{"start":{"line":70,"column":12},"end":{"line":70,"column":13}},"loc":{"start":{"line":70,"column":19},"end":{"line":74,"column":7}},"line":70},"17":{"name":"(anonymous_17)","decl":{"start":{"line":75,"column":13},"end":{"line":75,"column":14}},"loc":{"start":{"line":75,"column":20},"end":{"line":79,"column":3}},"line":75},"18":{"name":"(anonymous_18)","decl":{"start":{"line":82,"column":34},"end":{"line":82,"column":35}},"loc":{"start":{"line":82,"column":50},"end":{"line":84,"column":1}},"line":82},"19":{"name":"(anonymous_19)","decl":{"start":{"line":82,"column":50},"end":{"line":82,"column":51}},"loc":{"start":{"line":82,"column":62},"end":{"line":84,"column":1}},"line":82},"20":{"name":"(anonymous_20)","decl":{"start":{"line":86,"column":27},"end":{"line":86,"column":28}},"loc":{"start":{"line":86,"column":41},"end":{"line":97,"column":1}},"line":86},"21":{"name":"(anonymous_21)","decl":{"start":{"line":86,"column":41},"end":{"line":86,"column":42}},"loc":{"start":{"line":86,"column":53},"end":{"line":97,"column":1}},"line":86},"22":{"name":"(anonymous_22)","decl":{"start":{"line":89,"column":12},"end":{"line":89,"column":13}},"loc":{"start":{"line":89,"column":19},"end":{"line":92,"column":7}},"line":89},"23":{"name":"(anonymous_23)","decl":{"start":{"line":93,"column":13},"end":{"line":93,"column":14}},"loc":{"start":{"line":93,"column":20},"end":{"line":96,"column":3}},"line":93},"24":{"name":"(anonymous_24)","decl":{"start":{"line":99,"column":24},"end":{"line":99,"column":25}},"loc":{"start":{"line":99,"column":40},"end":{"line":111,"column":1}},"line":99},"25":{"name":"(anonymous_25)","decl":{"start":{"line":99,"column":40},"end":{"line":99,"column":41}},"loc":{"start":{"line":99,"column":52},"end":{"line":111,"column":1}},"line":99},"26":{"name":"(anonymous_26)","decl":{"start":{"line":102,"column":12},"end":{"line":102,"column":13}},"loc":{"start":{"line":102,"column":19},"end":{"line":105,"column":7}},"line":102},"27":{"name":"(anonymous_27)","decl":{"start":{"line":106,"column":13},"end":{"line":106,"column":14}},"loc":{"start":{"line":106,"column":20},"end":{"line":110,"column":3}},"line":106},"28":{"name":"(anonymous_28)","decl":{"start":{"line":113,"column":34},"end":{"line":113,"column":35}},"loc":{"start":{"line":113,"column":50},"end":{"line":115,"column":1}},"line":113},"29":{"name":"(anonymous_29)","decl":{"start":{"line":113,"column":50},"end":{"line":113,"column":51}},"loc":{"start":{"line":113,"column":62},"end":{"line":115,"column":1}},"line":113},"30":{"name":"(anonymous_30)","decl":{"start":{"line":117,"column":28},"end":{"line":117,"column":29}},"loc":{"start":{"line":117,"column":38},"end":{"line":128,"column":1}},"line":117},"31":{"name":"(anonymous_31)","decl":{"start":{"line":117,"column":38},"end":{"line":117,"column":39}},"loc":{"start":{"line":117,"column":50},"end":{"line":128,"column":1}},"line":117},"32":{"name":"(anonymous_32)","decl":{"start":{"line":120,"column":12},"end":{"line":120,"column":13}},"loc":{"start":{"line":120,"column":19},"end":{"line":123,"column":7}},"line":120},"33":{"name":"(anonymous_33)","decl":{"start":{"line":124,"column":13},"end":{"line":124,"column":14}},"loc":{"start":{"line":124,"column":20},"end":{"line":127,"column":3}},"line":124},"34":{"name":"(anonymous_34)","decl":{"start":{"line":130,"column":31},"end":{"line":130,"column":32}},"loc":{"start":{"line":130,"column":37},"end":{"line":132,"column":1}},"line":130},"35":{"name":"(anonymous_35)","decl":{"start":{"line":130,"column":37},"end":{"line":130,"column":38}},"loc":{"start":{"line":130,"column":49},"end":{"line":132,"column":1}},"line":130},"36":{"name":"(anonymous_36)","decl":{"start":{"line":134,"column":22},"end":{"line":134,"column":23}},"loc":{"start":{"line":134,"column":28},"end":{"line":136,"column":1}},"line":134},"37":{"name":"(anonymous_37)","decl":{"start":{"line":134,"column":28},"end":{"line":134,"column":29}},"loc":{"start":{"line":134,"column":40},"end":{"line":136,"column":1}},"line":134},"38":{"name":"(anonymous_38)","decl":{"start":{"line":138,"column":33},"end":{"line":138,"column":34}},"loc":{"start":{"line":138,"column":41},"end":{"line":149,"column":1}},"line":138},"39":{"name":"(anonymous_39)","decl":{"start":{"line":138,"column":41},"end":{"line":138,"column":42}},"loc":{"start":{"line":138,"column":53},"end":{"line":149,"column":1}},"line":138},"40":{"name":"(anonymous_40)","decl":{"start":{"line":141,"column":12},"end":{"line":141,"column":13}},"loc":{"start":{"line":141,"column":19},"end":{"line":144,"column":7}},"line":141},"41":{"name":"(anonymous_41)","decl":{"start":{"line":145,"column":13},"end":{"line":145,"column":14}},"loc":{"start":{"line":145,"column":20},"end":{"line":148,"column":3}},"line":145},"42":{"name":"(anonymous_42)","decl":{"start":{"line":151,"column":26},"end":{"line":151,"column":27}},"loc":{"start":{"line":151,"column":32},"end":{"line":164,"column":1}},"line":151},"43":{"name":"(anonymous_43)","decl":{"start":{"line":151,"column":32},"end":{"line":151,"column":33}},"loc":{"start":{"line":151,"column":44},"end":{"line":164,"column":1}},"line":151},"44":{"name":"(anonymous_44)","decl":{"start":{"line":155,"column":12},"end":{"line":155,"column":13}},"loc":{"start":{"line":155,"column":19},"end":{"line":159,"column":7}},"line":155},"45":{"name":"(anonymous_45)","decl":{"start":{"line":160,"column":13},"end":{"line":160,"column":14}},"loc":{"start":{"line":160,"column":20},"end":{"line":163,"column":3}},"line":160},"46":{"name":"(anonymous_46)","decl":{"start":{"line":166,"column":33},"end":{"line":166,"column":34}},"loc":{"start":{"line":166,"column":50},"end":{"line":177,"column":1}},"line":166},"47":{"name":"(anonymous_47)","decl":{"start":{"line":166,"column":50},"end":{"line":166,"column":51}},"loc":{"start":{"line":166,"column":62},"end":{"line":177,"column":1}},"line":166},"48":{"name":"(anonymous_48)","decl":{"start":{"line":169,"column":12},"end":{"line":169,"column":13}},"loc":{"start":{"line":169,"column":19},"end":{"line":172,"column":7}},"line":169},"49":{"name":"(anonymous_49)","decl":{"start":{"line":173,"column":13},"end":{"line":173,"column":14}},"loc":{"start":{"line":173,"column":20},"end":{"line":176,"column":3}},"line":173}},"branchMap":{},"s":{"0":0,"1":0,"2":0,"3":0,"4":0,"5":0,"6":0,"7":0,"8":0,"9":0,"10":0,"11":0,"12":0,"13":0,"14":0,"15":0,"16":0,"17":0,"18":0,"19":0,"20":0,"21":0,"22":0,"23":0,"24":0,"25":0,"26":0,"27":0,"28":0,"29":0,"30":0,"31":0,"32":0,"33":0,"34":0,"35":0,"36":0,"37":0,"38":0,"39":0,"40":0,"41":0,"42":0,"43":0,"44":0,"45":0,"46":0,"47":0,"48":0,"49":0,"50":0,"51":0,"52":0,"53":0,"54":0,"55":0,"56":0,"57":0,"58":0,"59":0,"60":0,"61":0,"62":0,"63":0,"64":0,"65":0,"66":0,"67":0,"68":0,"69":0,"70":0,"71":0,"72":0,"73":0,"74":0,"75":0,"76":0,"77":0,"78":0,"79":0,"80":0,"81":0,"82":0,"83":0,"84":0,"85":0,"86":0,"87":0,"88":0,"89":0,"90":0,"91":0,"92":0,"93":0,"94":0,"95":0,"96":0,"97":0,"98":0,"99":0,"100":0,"101":0,"102":0,"103":0,"104":0,"105":0},"f":{"0":0,"1":0,"2":0,"3":0,"4":0,"5":0,"6":0,"7":0,"8":0,"9":0,"10":0,"11":0,"12":0,"13":0,"14":0,"15":0,"16":0,"17":0,"18":0,"19":0,"20":0,"21":0,"22":0,"23":0,"24":0,"25":0,"26":0,"27":0,"28":0,"29":0,"30":0,"31":0,"32":0,"33":0,"34":0,"35":0,"36":0,"37":0,"38":0,"39":0,"40":0,"41":0,"42":0,"43":0,"44":0,"45":0,"46":0,"47":0,"48":0,"49":0},"b":{},"hash":"8818b29d7e388eb60baead9ed7121cbbc76bade7"}
,"/Users/anthonylopez/LambdaSchool/Labs-TL/Studium-FE/src/redux/index.js": {"path":"/Users/anthonylopez/LambdaSchool/Labs-TL/Studium-FE/src/redux/index.js","statementMap":{"0":{"start":{"line":7,"column":21},"end":{"line":22,"column":1}},"1":{"start":{"line":24,"column":20},"end":{"line":119,"column":1}},"2":{"start":{"line":25,"column":3},"end":{"line":118,"column":4}},"3":{"start":{"line":27,"column":9},"end":{"line":30,"column":10}},"4":{"start":{"line":32,"column":9},"end":{"line":35,"column":10}},"5":{"start":{"line":37,"column":9},"end":{"line":40,"column":10}},"6":{"start":{"line":42,"column":34},"end":{"line":42,"column":95}},"7":{"start":{"line":42,"column":65},"end":{"line":42,"column":94}},"8":{"start":{"line":43,"column":9},"end":{"line":46,"column":10}},"9":{"start":{"line":48,"column":9},"end":{"line":51,"column":10}},"10":{"start":{"line":53,"column":9},"end":{"line":56,"column":10}},"11":{"start":{"line":58,"column":9},"end":{"line":61,"column":10}},"12":{"start":{"line":63,"column":34},"end":{"line":63,"column":95}},"13":{"start":{"line":63,"column":65},"end":{"line":63,"column":94}},"14":{"start":{"line":64,"column":9},"end":{"line":68,"column":10}},"15":{"start":{"line":70,"column":39},"end":{"line":70,"column":97}},"16":{"start":{"line":70,"column":70},"end":{"line":70,"column":96}},"17":{"start":{"line":71,"column":9},"end":{"line":74,"column":10}},"18":{"start":{"line":76,"column":9},"end":{"line":79,"column":10}},"19":{"start":{"line":81,"column":9},"end":{"line":84,"column":10}},"20":{"start":{"line":86,"column":9},"end":{"line":89,"column":10}},"21":{"start":{"line":91,"column":9},"end":{"line":94,"column":10}},"22":{"start":{"line":96,"column":9},"end":{"line":99,"column":10}},"23":{"start":{"line":101,"column":9},"end":{"line":105,"column":10}},"24":{"start":{"line":107,"column":9},"end":{"line":110,"column":10}},"25":{"start":{"line":117,"column":9},"end":{"line":117,"column":22}},"26":{"start":{"line":121,"column":22},"end":{"line":124,"column":1}},"27":{"start":{"line":126,"column":25},"end":{"line":126,"column":67}},"28":{"start":{"line":128,"column":14},"end":{"line":128,"column":67}},"29":{"start":{"line":129,"column":18},"end":{"line":129,"column":37}},"30":{"start":{"line":130,"column":0},"end":{"line":130,"column":77}},"31":{"start":{"line":130,"column":22},"end":{"line":130,"column":76}}},"fnMap":{"0":{"name":"(anonymous_0)","decl":{"start":{"line":24,"column":20},"end":{"line":24,"column":21}},"loc":{"start":{"line":24,"column":54},"end":{"line":119,"column":1}},"line":24},"1":{"name":"(anonymous_1)","decl":{"start":{"line":42,"column":57},"end":{"line":42,"column":58}},"loc":{"start":{"line":42,"column":65},"end":{"line":42,"column":94}},"line":42},"2":{"name":"(anonymous_2)","decl":{"start":{"line":63,"column":57},"end":{"line":63,"column":58}},"loc":{"start":{"line":63,"column":65},"end":{"line":63,"column":94}},"line":63},"3":{"name":"(anonymous_3)","decl":{"start":{"line":70,"column":62},"end":{"line":70,"column":63}},"loc":{"start":{"line":70,"column":70},"end":{"line":70,"column":96}},"line":70},"4":{"name":"(anonymous_4)","decl":{"start":{"line":130,"column":16},"end":{"line":130,"column":17}},"loc":{"start":{"line":130,"column":22},"end":{"line":130,"column":76}},"line":130}},"branchMap":{"0":{"loc":{"start":{"line":24,"column":21},"end":{"line":24,"column":41}},"type":"default-arg","locations":[{"start":{"line":24,"column":29},"end":{"line":24,"column":41}}],"line":24},"1":{"loc":{"start":{"line":25,"column":3},"end":{"line":118,"column":4}},"type":"switch","locations":[{"start":{"line":26,"column":6},"end":{"line":30,"column":10}},{"start":{"line":31,"column":6},"end":{"line":35,"column":10}},{"start":{"line":36,"column":6},"end":{"line":40,"column":10}},{"start":{"line":41,"column":6},"end":{"line":46,"column":10}},{"start":{"line":47,"column":6},"end":{"line":51,"column":10}},{"start":{"line":52,"column":6},"end":{"line":56,"column":10}},{"start":{"line":57,"column":6},"end":{"line":61,"column":10}},{"start":{"line":62,"column":6},"end":{"line":68,"column":10}},{"start":{"line":69,"column":6},"end":{"line":74,"column":10}},{"start":{"line":75,"column":6},"end":{"line":79,"column":10}},{"start":{"line":80,"column":6},"end":{"line":84,"column":10}},{"start":{"line":85,"column":6},"end":{"line":89,"column":10}},{"start":{"line":90,"column":6},"end":{"line":94,"column":10}},{"start":{"line":95,"column":6},"end":{"line":99,"column":10}},{"start":{"line":100,"column":6},"end":{"line":105,"column":10}},{"start":{"line":106,"column":6},"end":{"line":110,"column":10}},{"start":{"line":116,"column":6},"end":{"line":117,"column":22}}],"line":25}},"s":{"0":0,"1":0,"2":0,"3":0,"4":0,"5":0,"6":0,"7":0,"8":0,"9":0,"10":0,"11":0,"12":0,"13":0,"14":0,"15":0,"16":0,"17":0,"18":0,"19":0,"20":0,"21":0,"22":0,"23":0,"24":0,"25":0,"26":0,"27":0,"28":0,"29":0,"30":0,"31":0},"f":{"0":0,"1":0,"2":0,"3":0,"4":0},"b":{"0":[0],"1":[0,0,0,0,0,0,0,0,0,0,0,0,0,0,0,0,0]},"hash":"7fbc738dc977ee3e665330e6dc6bf501f99bde08"}
,"/Users/anthonylopez/LambdaSchool/Labs-TL/Studium-FE/src/utils/ProtectedRoute.js": {"path":"/Users/anthonylopez/LambdaSchool/Labs-TL/Studium-FE/src/utils/ProtectedRoute.js","statementMap":{"0":{"start":{"line":3,"column":23},"end":{"line":16,"column":1}},"1":{"start":{"line":4,"column":4},"end":{"line":15,"column":5}},"2":{"start":{"line":8,"column":16},"end":{"line":12,"column":17}},"3":{"start":{"line":9,"column":20},"end":{"line":9,"column":51}},"4":{"start":{"line":11,"column":20},"end":{"line":11,"column":46}}},"fnMap":{"0":{"name":"(anonymous_0)","decl":{"start":{"line":3,"column":23},"end":{"line":3,"column":24}},"loc":{"start":{"line":3,"column":62},"end":{"line":16,"column":1}},"line":3},"1":{"name":"(anonymous_1)","decl":{"start":{"line":7,"column":20},"end":{"line":7,"column":21}},"loc":{"start":{"line":7,"column":31},"end":{"line":13,"column":13}},"line":7}},"branchMap":{"0":{"loc":{"start":{"line":8,"column":16},"end":{"line":12,"column":17}},"type":"if","locations":[{"start":{"line":8,"column":16},"end":{"line":12,"column":17}},{"start":{"line":8,"column":16},"end":{"line":12,"column":17}}],"line":8}},"s":{"0":0,"1":0,"2":0,"3":0,"4":0},"f":{"0":0,"1":0},"b":{"0":[0,0]},"hash":"7efad7179c1b184aff94cd443aa3b6c7312da687"}
,"/Users/anthonylopez/LambdaSchool/Labs-TL/Studium-FE/src/utils/axiosWithAuth.js": {"path":"/Users/anthonylopez/LambdaSchool/Labs-TL/Studium-FE/src/utils/axiosWithAuth.js","statementMap":{"0":{"start":{"line":3,"column":22},"end":{"line":12,"column":1}},"1":{"start":{"line":4,"column":17},"end":{"line":4,"column":46}},"2":{"start":{"line":6,"column":3},"end":{"line":11,"column":5}}},"fnMap":{"0":{"name":"(anonymous_0)","decl":{"start":{"line":3,"column":22},"end":{"line":3,"column":23}},"loc":{"start":{"line":3,"column":28},"end":{"line":12,"column":1}},"line":3}},"branchMap":{},"s":{"0":0,"1":0,"2":0},"f":{"0":0},"b":{},"hash":"cb9da253ee652af39408f7c21d4a34201859e016"}
,"/Users/anthonylopez/LambdaSchool/Labs-TL/Studium-FE/src/utils/logout.js": {"path":"/Users/anthonylopez/LambdaSchool/Labs-TL/Studium-FE/src/utils/logout.js","statementMap":{"0":{"start":{"line":4,"column":15},"end":{"line":13,"column":1}},"1":{"start":{"line":5,"column":19},"end":{"line":8,"column":7}},"2":{"start":{"line":6,"column":8},"end":{"line":6,"column":36}},"3":{"start":{"line":7,"column":8},"end":{"line":7,"column":32}},"4":{"start":{"line":10,"column":4},"end":{"line":12,"column":5}}},"fnMap":{"0":{"name":"(anonymous_0)","decl":{"start":{"line":4,"column":15},"end":{"line":4,"column":16}},"loc":{"start":{"line":4,"column":24},"end":{"line":13,"column":1}},"line":4},"1":{"name":"(anonymous_1)","decl":{"start":{"line":5,"column":19},"end":{"line":5,"column":20}},"loc":{"start":{"line":5,"column":24},"end":{"line":8,"column":7}},"line":5}},"branchMap":{},"s":{"0":0,"1":0,"2":0,"3":0,"4":0},"f":{"0":0,"1":0},"b":{},"hash":"ba8dabeb59ceecf15020ea0b1d26ef05e2ffac35"}
,"/Users/anthonylopez/LambdaSchool/Labs-TL/Studium-FE/src/utils/oktaConfig.js": {"path":"/Users/anthonylopez/LambdaSchool/Labs-TL/Studium-FE/src/utils/oktaConfig.js","statementMap":{"0":{"start":{"line":1,"column":20},"end":{"line":1,"column":48}},"1":{"start":{"line":2,"column":15},"end":{"line":2,"column":46}},"2":{"start":{"line":3,"column":13},"end":{"line":3,"column":48}},"3":{"start":{"line":5,"column":15},"end":{"line":5,"column":54}},"4":{"start":{"line":6,"column":13},"end":{"line":6,"column":33}},"5":{"start":{"line":7,"column":21},"end":{"line":7,"column":44}},"6":{"start":{"line":8,"column":15},"end":{"line":8,"column":37}},"7":{"start":{"line":10,"column":22},"end":{"line":15,"column":1}}},"fnMap":{},"branchMap":{},"s":{"0":0,"1":0,"2":0,"3":0,"4":0,"5":0,"6":0,"7":0},"f":{},"b":{},"hash":"e4a5834ee813d8a50c2d0986217b26fc960b6ab6"}
}
