TN:
SF:/Users/Adrian/Desktop/Github/Studium-FE/src/App.js
FN:30,App
FNF:1
FNH:0
FNDA:0,App
DA:22,0
DA:28,0
DA:31,0
LF:3
LH:0
BRF:0
BRH:0
end_of_record
TN:
SF:/Users/Adrian/Desktop/Github/Studium-FE/src/index.js
FNF:0
FNH:0
DA:12,0
LF:1
LH:0
BRF:0
BRH:0
end_of_record
TN:
SF:/Users/Adrian/Desktop/Github/Studium-FE/src/components/cards/AddCardFooter.js
FN:4,(anonymous_0)
FNF:1
FNH:1
FNDA:1,(anonymous_0)
DA:4,1
DA:6,1
LF:2
LH:2
BRF:0
BRH:0
end_of_record
TN:
SF:/Users/Adrian/Desktop/Github/Studium-FE/src/components/cards/CardCarousel.js
FN:5,(anonymous_0)
FNF:1
FNH:0
FNDA:0,(anonymous_0)
DA:5,0
DA:6,0
LF:2
LH:0
BRF:0
BRH:0
end_of_record
TN:
SF:/Users/Adrian/Desktop/Github/Studium-FE/src/components/cards/CreateCardForm.js
FN:18,(anonymous_0)
FN:21,(anonymous_1)
FN:22,(anonymous_2)
FN:34,(anonymous_3)
FN:35,(anonymous_4)
FN:42,(anonymous_5)
FN:49,(anonymous_6)
FN:54,(anonymous_7)
FN:62,(anonymous_8)
FNF:9
FNH:0
FNDA:0,(anonymous_0)
FNDA:0,(anonymous_1)
FNDA:0,(anonymous_2)
FNDA:0,(anonymous_3)
FNDA:0,(anonymous_4)
FNDA:0,(anonymous_5)
FNDA:0,(anonymous_6)
FNDA:0,(anonymous_7)
FNDA:0,(anonymous_8)
DA:18,0
DA:19,0
DA:20,0
DA:21,0
DA:22,0
DA:23,0
DA:24,0
DA:26,0
DA:27,0
DA:28,0
DA:34,0
DA:35,0
DA:36,0
DA:37,0
DA:42,0
DA:43,0
DA:49,0
DA:50,0
DA:51,0
DA:54,0
DA:55,0
DA:56,0
DA:62,0
DA:63,0
DA:64,0
DA:65,0
DA:70,0
DA:71,0
DA:75,0
DA:77,0
LF:30
LH:0
BRDA:36,0,0,0
BRDA:36,0,1,0
BRDA:70,1,0,0
BRDA:70,1,1,0
BRDA:70,2,0,0
BRDA:70,2,1,0
BRDA:115,3,0,0
BRDA:115,3,1,0
BRDA:131,4,0,0
BRDA:131,4,1,0
BRDA:131,4,2,0
BRDA:139,5,0,0
BRDA:139,5,1,0
BRDA:155,6,0,0
BRDA:155,6,1,0
BRDA:155,6,2,0
BRF:16
BRH:0
end_of_record
TN:
SF:/Users/Adrian/Desktop/Github/Studium-FE/src/components/cards/EditCard.js
FN:11,(anonymous_0)
FN:13,(anonymous_1)
FN:14,(anonymous_2)
FN:28,(anonymous_3)
FN:29,(anonymous_4)
FN:36,(anonymous_5)
FN:43,(anonymous_6)
FNF:7
FNH:0
FNDA:0,(anonymous_0)
FNDA:0,(anonymous_1)
FNDA:0,(anonymous_2)
FNDA:0,(anonymous_3)
FNDA:0,(anonymous_4)
FNDA:0,(anonymous_5)
FNDA:0,(anonymous_6)
DA:11,0
DA:12,0
DA:13,0
DA:14,0
DA:16,0
DA:17,0
DA:18,0
DA:20,0
DA:21,0
DA:28,0
DA:29,0
DA:30,0
DA:31,0
DA:36,0
DA:37,0
DA:43,0
DA:44,0
DA:45,0
DA:46,0
DA:51,0
DA:52,0
DA:56,0
LF:22
LH:0
BRDA:30,0,0,0
BRDA:30,0,1,0
BRDA:51,1,0,0
BRDA:51,1,1,0
BRDA:51,2,0,0
BRDA:51,2,1,0
BRDA:84,3,0,0
BRDA:84,3,1,0
BRDA:84,3,2,0
BRDA:96,4,0,0
BRDA:96,4,1,0
BRDA:96,4,2,0
BRF:12
BRH:0
end_of_record
TN:
SF:/Users/Adrian/Desktop/Github/Studium-FE/src/components/cards/EditCardFooter.js
FN:8,(anonymous_0)
FN:12,(anonymous_1)
FNF:2
FNH:1
FNDA:1,(anonymous_0)
FNDA:0,(anonymous_1)
DA:8,1
DA:9,1
DA:10,1
DA:12,1
DA:13,0
DA:14,0
DA:15,0
DA:18,1
LF:8
LH:5
BRF:0
BRH:0
end_of_record
TN:
SF:/Users/Adrian/Desktop/Github/Studium-FE/src/components/cards/EditDeckCard.js
FN:28,(anonymous_0)
FN:31,(anonymous_1)
FNF:2
FNH:0
FNDA:0,(anonymous_0)
FNDA:0,(anonymous_1)
DA:8,1
DA:28,1
DA:29,0
DA:31,0
DA:32,0
DA:33,0
DA:36,0
LF:7
LH:2
BRF:0
BRH:0
end_of_record
TN:
SF:/Users/Adrian/Desktop/Github/Studium-FE/src/components/cards/IndCardView.js
FN:9,(anonymous_0)
FN:16,(anonymous_1)
FN:17,(anonymous_2)
FN:20,(anonymous_3)
FN:23,(anonymous_4)
FN:32,(anonymous_5)
FNF:6
FNH:3
FNDA:1,(anonymous_0)
FNDA:1,(anonymous_1)
FNDA:1,(anonymous_2)
FNDA:0,(anonymous_3)
FNDA:0,(anonymous_4)
FNDA:0,(anonymous_5)
DA:9,1
DA:11,1
DA:12,1
DA:13,1
DA:14,1
DA:16,1
DA:17,1
DA:18,1
DA:21,0
DA:24,0
DA:27,1
DA:30,1
DA:32,1
DA:33,0
DA:34,0
DA:35,0
DA:38,1
LF:17
LH:12
BRF:0
BRH:0
end_of_record
TN:
SF:/Users/Adrian/Desktop/Github/Studium-FE/src/components/cards/StudyCard.js
FN:35,(anonymous_0)
FN:43,(anonymous_1)
FN:48,(anonymous_2)
FN:50,(anonymous_3)
FN:57,(anonymous_4)
FNF:5
FNH:0
FNDA:0,(anonymous_0)
FNDA:0,(anonymous_1)
FNDA:0,(anonymous_2)
FNDA:0,(anonymous_3)
FNDA:0,(anonymous_4)
DA:5,1
DA:21,1
DA:35,1
DA:43,0
DA:44,0
DA:46,0
DA:48,0
DA:49,0
DA:50,0
DA:51,0
DA:57,0
DA:58,0
DA:61,0
LF:13
LH:3
BRF:0
BRH:0
end_of_record
TN:
SF:/Users/Adrian/Desktop/Github/Studium-FE/src/components/cards/styles-cards/CardFormStyles.js
FNF:0
FNH:0
DA:3,3
DA:11,3
DA:21,3
DA:32,3
DA:43,3
DA:51,3
DA:59,3
DA:74,3
DA:89,3
DA:104,3
DA:108,3
LF:11
LH:11
BRF:0
BRH:0
end_of_record
TN:
SF:/Users/Adrian/Desktop/Github/Studium-FE/src/components/cards/styles-cards/EditDeckCardStyles.js
FNF:0
FNH:0
DA:3,1
DA:16,1
LF:2
LH:2
BRF:0
BRH:0
end_of_record
TN:
SF:/Users/Adrian/Desktop/Github/Studium-FE/src/components/common/Button.js
FNF:0
FNH:0
DA:6,1
LF:1
LH:1
BRF:0
BRH:0
end_of_record
TN:
SF:/Users/Adrian/Desktop/Github/Studium-FE/src/components/common/ButtonBottom.js
FN:4,(anonymous_0)
FN:5,(anonymous_1)
FN:6,(anonymous_2)
FN:16,(anonymous_3)
FN:17,(anonymous_4)
FN:18,(anonymous_5)
FNF:6
FNH:6
FNDA:8,(anonymous_0)
FNDA:8,(anonymous_1)
FNDA:8,(anonymous_2)
FNDA:8,(anonymous_3)
FNDA:8,(anonymous_4)
FNDA:8,(anonymous_5)
DA:3,1
DA:4,8
DA:5,8
DA:6,8
DA:16,8
DA:17,8
DA:18,8
LF:7
LH:7
BRDA:4,0,0,4
BRDA:4,0,1,4
BRDA:5,1,0,4
BRDA:5,1,1,4
BRDA:6,2,0,4
BRDA:6,2,1,4
BRDA:16,3,0,4
BRDA:16,3,1,4
BRDA:17,4,0,4
BRDA:17,4,1,4
BRDA:18,5,0,4
BRDA:18,5,1,4
BRF:12
BRH:12
end_of_record
TN:
SF:/Users/Adrian/Desktop/Github/Studium-FE/src/components/common/ButtonTop.js
FNF:0
FNH:0
DA:3,2
LF:1
LH:1
BRF:0
BRH:0
end_of_record
TN:
SF:/Users/Adrian/Desktop/Github/Studium-FE/src/components/common/Input.js
FNF:0
FNH:0
DA:3,1
LF:1
LH:1
BRF:0
BRH:0
end_of_record
TN:
SF:/Users/Adrian/Desktop/Github/Studium-FE/src/components/common/PageLayout.js
FN:42,PageLayout
FNF:1
FNH:1
FNDA:4,PageLayout
DA:5,1
DA:43,4
LF:2
LH:2
BRF:0
BRH:0
end_of_record
TN:
SF:/Users/Adrian/Desktop/Github/Studium-FE/src/components/common/Spinner.js
FNF:0
FNH:0
DA:3,1
DA:13,1
LF:2
LH:2
BRF:0
BRH:0
end_of_record
TN:
SF:/Users/Adrian/Desktop/Github/Studium-FE/src/components/common/index.js
FNF:0
FNH:0
LF:0
LH:0
BRF:0
BRH:0
end_of_record
TN:
SF:/Users/Adrian/Desktop/Github/Studium-FE/src/components/dashboard/DashBoard.js
FN:9,(anonymous_0)
FN:10,(anonymous_1)
FN:11,(anonymous_2)
FN:14,(anonymous_3)
FN:19,(anonymous_4)
FN:36,(anonymous_5)
FNF:6
FNH:4
FNDA:1,(anonymous_0)
FNDA:2,(anonymous_1)
FNDA:2,(anonymous_2)
FNDA:0,(anonymous_3)
FNDA:1,(anonymous_4)
FNDA:0,(anonymous_5)
DA:9,1
DA:10,2
DA:11,2
DA:12,1
DA:14,1
DA:15,0
DA:16,0
DA:19,1
DA:20,1
DA:21,1
DA:24,1
DA:38,0
LF:12
LH:9
BRF:0
BRH:0
end_of_record
TN:
SF:/Users/Adrian/Desktop/Github/Studium-FE/src/components/dashboard/styles-dashboard/dashboardStyles.js
FNF:0
FNH:0
DA:3,1
DA:17,1
DA:26,1
DA:36,1
DA:45,1
DA:54,1
DA:68,1
DA:81,1
LF:8
LH:8
BRF:0
BRH:0
end_of_record
TN:
SF:/Users/Adrian/Desktop/Github/Studium-FE/src/components/decks/CreateDeckForm.js
FN:9,(anonymous_0)
FN:10,(anonymous_1)
FN:21,(anonymous_2)
FN:28,(anonymous_3)
FN:54,(anonymous_4)
FNF:5
FNH:2
FNDA:1,(anonymous_0)
FNDA:2,(anonymous_1)
FNDA:0,(anonymous_2)
FNDA:0,(anonymous_3)
FNDA:0,(anonymous_4)
DA:9,1
DA:10,2
DA:11,1
DA:13,1
DA:14,1
DA:16,1
DA:21,1
DA:22,0
DA:28,1
DA:29,0
DA:30,0
DA:31,0
DA:37,1
DA:39,1
DA:54,0
LF:15
LH:10
BRF:0
BRH:0
end_of_record
TN:
SF:/Users/Adrian/Desktop/Github/Studium-FE/src/components/decks/DeckCardView.js
FN:20,(anonymous_0)
FN:22,(anonymous_1)
FN:28,(anonymous_2)
FN:29,(anonymous_3)
FN:30,(anonymous_4)
FN:37,(anonymous_5)
FNF:6
FNH:0
FNDA:0,(anonymous_0)
FNDA:0,(anonymous_1)
FNDA:0,(anonymous_2)
FNDA:0,(anonymous_3)
FNDA:0,(anonymous_4)
FNDA:0,(anonymous_5)
DA:9,1
DA:20,1
DA:21,0
DA:22,0
DA:23,0
DA:25,0
DA:26,0
DA:28,0
DA:29,0
DA:30,0
DA:31,0
DA:34,0
DA:37,0
DA:38,0
DA:39,0
DA:40,0
DA:43,0
LF:17
LH:2
BRF:0
BRH:0
end_of_record
TN:
SF:/Users/Adrian/Desktop/Github/Studium-FE/src/components/decks/DeckDetails.js
FN:8,(anonymous_0)
FN:13,(anonymous_1)
FN:17,(anonymous_2)
FN:18,(anonymous_3)
FN:21,(anonymous_4)
FN:24,(anonymous_5)
FNF:6
FNH:0
FNDA:0,(anonymous_0)
FNDA:0,(anonymous_1)
FNDA:0,(anonymous_2)
FNDA:0,(anonymous_3)
FNDA:0,(anonymous_4)
FNDA:0,(anonymous_5)
DA:8,1
DA:9,0
DA:10,0
DA:11,0
DA:13,0
DA:14,0
DA:17,0
DA:18,0
DA:19,0
DA:22,0
DA:25,0
DA:28,0
DA:31,0
LF:13
LH:1
BRF:0
BRH:0
end_of_record
TN:
SF:/Users/Adrian/Desktop/Github/Studium-FE/src/components/decks/DeckMetrics.js
FN:23,(anonymous_0)
FN:24,(anonymous_1)
FN:25,(anonymous_2)
FN:26,(anonymous_3)
FN:36,(anonymous_4)
FN:37,(anonymous_5)
FN:45,(anonymous_6)
FN:50,(anonymous_7)
FN:60,(anonymous_8)
FN:70,(anonymous_9)
FN:80,(anonymous_10)
FN:102,(anonymous_11)
FN:124,(anonymous_12)
FNF:13
FNH:0
FNDA:0,(anonymous_0)
FNDA:0,(anonymous_1)
FNDA:0,(anonymous_2)
FNDA:0,(anonymous_3)
FNDA:0,(anonymous_4)
FNDA:0,(anonymous_5)
FNDA:0,(anonymous_6)
FNDA:0,(anonymous_7)
FNDA:0,(anonymous_8)
FNDA:0,(anonymous_9)
FNDA:0,(anonymous_10)
FNDA:0,(anonymous_11)
FNDA:0,(anonymous_12)
DA:23,0
DA:24,0
DA:25,0
DA:26,0
DA:27,0
DA:29,0
DA:30,0
DA:31,0
DA:32,0
DA:34,0
DA:36,0
DA:37,0
DA:38,0
DA:39,0
DA:42,0
DA:45,0
DA:46,0
DA:47,0
DA:50,0
DA:51,0
DA:52,0
DA:53,0
DA:54,0
DA:55,0
DA:56,0
DA:60,0
DA:61,0
DA:62,0
DA:63,0
DA:64,0
DA:65,0
DA:66,0
DA:70,0
DA:71,0
DA:72,0
DA:73,0
DA:74,0
DA:75,0
DA:76,0
DA:80,0
DA:81,0
DA:82,0
DA:87,0
DA:88,0
DA:93,0
DA:94,0
DA:102,0
DA:103,0
DA:104,0
DA:109,0
DA:110,0
DA:115,0
DA:116,0
DA:124,0
DA:125,0
DA:126,0
DA:131,0
DA:132,0
DA:137,0
DA:138,0
DA:146,0
DA:147,0
DA:149,0
LF:63
LH:0
BRDA:38,0,0,0
BRDA:38,0,1,0
BRDA:51,1,0,0
BRDA:51,1,1,0
BRDA:53,2,0,0
BRDA:53,2,1,0
BRDA:55,3,0,0
BRDA:55,3,1,0
BRDA:61,4,0,0
BRDA:61,4,1,0
BRDA:63,5,0,0
BRDA:63,5,1,0
BRDA:65,6,0,0
BRDA:65,6,1,0
BRDA:71,7,0,0
BRDA:71,7,1,0
BRDA:73,8,0,0
BRDA:73,8,1,0
BRDA:75,9,0,0
BRDA:75,9,1,0
BRDA:81,10,0,0
BRDA:81,10,1,0
BRDA:87,11,0,0
BRDA:87,11,1,0
BRDA:93,12,0,0
BRDA:93,12,1,0
BRDA:103,13,0,0
BRDA:103,13,1,0
BRDA:109,14,0,0
BRDA:109,14,1,0
BRDA:115,15,0,0
BRDA:115,15,1,0
BRDA:125,16,0,0
BRDA:125,16,1,0
BRDA:131,17,0,0
BRDA:131,17,1,0
BRDA:137,18,0,0
BRDA:137,18,1,0
BRDA:173,19,0,0
BRDA:173,19,1,0
BRDA:183,20,0,0
BRDA:183,20,1,0
BRDA:195,21,0,0
BRDA:195,21,1,0
BRDA:205,22,0,0
BRDA:205,22,1,0
BRDA:217,23,0,0
BRDA:217,23,1,0
BRDA:227,24,0,0
BRDA:227,24,1,0
BRF:50
BRH:0
end_of_record
TN:
SF:/Users/Adrian/Desktop/Github/Studium-FE/src/components/decks/DeckView.js
FN:13,(anonymous_0)
FN:15,(anonymous_1)
FN:16,(anonymous_2)
FN:17,(anonymous_3)
FN:30,(anonymous_4)
FN:31,(anonymous_5)
FN:45,(anonymous_6)
FN:50,(anonymous_7)
FN:59,(anonymous_8)
FN:63,(anonymous_9)
FN:64,(anonymous_10)
FN:74,(anonymous_11)
FN:79,(anonymous_12)
FN:80,(anonymous_13)
FNF:14
FNH:5
FNDA:1,(anonymous_0)
FNDA:2,(anonymous_1)
FNDA:2,(anonymous_2)
FNDA:2,(anonymous_3)
FNDA:1,(anonymous_4)
FNDA:0,(anonymous_5)
FNDA:0,(anonymous_6)
FNDA:0,(anonymous_7)
FNDA:0,(anonymous_8)
FNDA:0,(anonymous_9)
FNDA:0,(anonymous_10)
FNDA:0,(anonymous_11)
FNDA:0,(anonymous_12)
FNDA:0,(anonymous_13)
DA:13,1
DA:14,1
DA:15,2
DA:16,2
DA:17,2
DA:18,1
DA:19,1
DA:20,1
DA:28,1
DA:30,1
DA:31,1
DA:32,0
DA:33,0
DA:34,0
DA:35,0
DA:42,1
DA:45,1
DA:46,0
DA:47,0
DA:50,1
DA:51,0
DA:59,1
DA:60,0
DA:63,1
DA:64,0
DA:65,0
DA:72,0
DA:73,0
DA:74,0
DA:75,0
DA:76,0
DA:79,1
DA:80,0
DA:81,0
DA:86,0
DA:90,1
LF:36
LH:18
BRDA:32,0,0,0
BRDA:32,0,1,0
BRF:2
BRH:0
end_of_record
TN:
SF:/Users/Adrian/Desktop/Github/Studium-FE/src/components/decks/DeckViewCards.js
FN:8,(anonymous_0)
FN:10,(anonymous_1)
FN:13,(anonymous_2)
FN:20,(anonymous_3)
FNF:4
FNH:3
FNDA:1,(anonymous_0)
FNDA:2,(anonymous_1)
FNDA:1,(anonymous_2)
FNDA:0,(anonymous_3)
DA:8,1
DA:9,1
DA:10,2
DA:11,1
DA:13,1
DA:14,1
DA:17,1
DA:21,0
LF:8
LH:7
BRF:0
BRH:0
end_of_record
TN:
SF:/Users/Adrian/Desktop/Github/Studium-FE/src/components/decks/EditDeck.js
FN:21,(anonymous_0)
FN:23,(anonymous_1)
FN:24,(anonymous_2)
FN:40,(anonymous_3)
FN:44,(anonymous_4)
FN:51,(anonymous_5)
FN:87,(anonymous_6)
FNF:7
FNH:4
FNDA:1,(anonymous_0)
FNDA:2,(anonymous_1)
FNDA:2,(anonymous_2)
FNDA:1,(anonymous_3)
FNDA:0,(anonymous_4)
FNDA:0,(anonymous_5)
FNDA:0,(anonymous_6)
DA:21,1
DA:22,1
DA:23,2
DA:24,2
DA:26,1
DA:27,1
DA:29,1
DA:31,1
DA:32,1
DA:33,1
DA:40,1
DA:41,1
DA:44,1
DA:45,0
DA:51,1
DA:52,0
DA:53,0
DA:54,0
DA:57,1
DA:88,0
LF:20
LH:15
BRF:0
BRH:0
end_of_record
TN:
SF:/Users/Adrian/Desktop/Github/Studium-FE/src/components/decks/EditDeckFooter.js
FN:7,(anonymous_0)
FN:10,(anonymous_1)
FNF:2
FNH:1
FNDA:1,(anonymous_0)
FNDA:0,(anonymous_1)
DA:7,1
DA:8,1
DA:10,1
DA:11,0
DA:14,1
LF:5
LH:4
BRF:0
BRH:0
end_of_record
TN:
SF:/Users/Adrian/Desktop/Github/Studium-FE/src/components/decks/StudyView.js
FN:18,(anonymous_0)
FN:20,(anonymous_1)
FN:21,(anonymous_2)
FN:22,(anonymous_3)
FN:32,(anonymous_4)
FN:37,(anonymous_5)
FN:41,(anonymous_6)
FN:49,(anonymous_7)
FN:56,(anonymous_8)
FN:64,(anonymous_9)
FN:71,(anonymous_10)
FN:79,(anonymous_11)
FN:86,(anonymous_12)
FN:88,(anonymous_13)
FN:98,(anonymous_14)
FN:100,(anonymous_15)
FN:106,(anonymous_16)
FN:109,(anonymous_17)
FN:120,(anonymous_18)
FNF:19
FNH:6
FNDA:3,(anonymous_0)
FNDA:4,(anonymous_1)
FNDA:4,(anonymous_2)
FNDA:4,(anonymous_3)
FNDA:0,(anonymous_4)
FNDA:1,(anonymous_5)
FNDA:0,(anonymous_6)
FNDA:2,(anonymous_7)
FNDA:0,(anonymous_8)
FNDA:0,(anonymous_9)
FNDA:0,(anonymous_10)
FNDA:0,(anonymous_11)
FNDA:0,(anonymous_12)
FNDA:0,(anonymous_13)
FNDA:0,(anonymous_14)
FNDA:0,(anonymous_15)
FNDA:0,(anonymous_16)
FNDA:0,(anonymous_17)
FNDA:0,(anonymous_18)
DA:18,1
DA:19,3
DA:20,4
DA:21,4
DA:22,4
DA:24,3
DA:25,3
DA:26,3
DA:27,3
DA:28,3
DA:29,3
DA:30,3
DA:32,3
DA:34,3
DA:35,3
DA:37,3
DA:38,1
DA:41,1
DA:42,0
DA:43,0
DA:49,3
DA:50,2
DA:56,3
DA:57,0
DA:58,0
DA:59,0
DA:61,0
DA:62,0
DA:64,0
DA:65,0
DA:71,3
DA:72,0
DA:73,0
DA:74,0
DA:76,0
DA:77,0
DA:79,0
DA:80,0
DA:86,3
DA:87,0
DA:88,0
DA:89,0
DA:95,0
DA:96,0
DA:99,0
DA:100,0
DA:101,0
DA:102,0
DA:103,0
DA:106,0
DA:109,3
DA:110,0
DA:115,0
DA:116,0
DA:117,0
DA:120,3
DA:121,0
DA:125,0
DA:126,0
DA:129,3
LF:60
LH:26
BRDA:32,0,0,0
BRDA:32,0,1,0
BRDA:42,1,0,0
BRDA:42,1,1,0
BRDA:57,2,0,0
BRDA:57,2,1,0
BRDA:72,3,0,0
BRDA:72,3,1,0
BRDA:133,4,0,0
BRDA:133,4,1,3
BRDA:144,5,0,0
BRDA:144,5,1,0
BRF:12
BRH:1
end_of_record
TN:
SF:/Users/Adrian/Desktop/Github/Studium-FE/src/components/decks/updatedecks.js
FN:4,(anonymous_0)
FN:9,(anonymous_1)
FN:13,(anonymous_2)
FN:16,(anonymous_3)
FN:23,(anonymous_4)
FNF:5
FNH:3
FNDA:2,(anonymous_0)
FNDA:1,(anonymous_1)
FNDA:0,(anonymous_2)
FNDA:0,(anonymous_3)
FNDA:1,(anonymous_4)
DA:4,2
DA:5,2
DA:9,2
DA:11,1
DA:14,0
DA:17,0
DA:21,2
DA:23,1
LF:8
LH:6
BRF:0
BRH:0
end_of_record
TN:
SF:/Users/Adrian/Desktop/Github/Studium-FE/src/components/decks/styles-decks/CreateDeckFormStyles.js
FNF:0
FNH:0
DA:3,1
DA:10,1
DA:19,1
DA:23,1
DA:34,1
DA:40,1
DA:48,1
DA:59,1
DA:69,1
LF:9
LH:9
BRF:0
BRH:0
end_of_record
TN:
SF:/Users/Adrian/Desktop/Github/Studium-FE/src/components/decks/styles-decks/DeckMetricsStyles.js
FNF:0
FNH:0
DA:3,0
DA:10,0
DA:23,0
DA:29,0
DA:41,0
DA:51,0
DA:55,0
DA:63,0
DA:72,0
DA:79,0
DA:90,0
DA:101,0
LF:12
LH:0
BRF:0
BRH:0
end_of_record
TN:
SF:/Users/Adrian/Desktop/Github/Studium-FE/src/components/decks/styles-decks/DeckViewStyles.js
FNF:0
FNH:0
DA:3,3
DA:9,3
DA:19,3
DA:27,3
DA:37,3
DA:47,3
DA:59,3
DA:72,3
DA:77,3
DA:85,3
DA:94,3
DA:103,3
DA:114,3
DA:129,3
LF:14
LH:14
BRF:0
BRH:0
end_of_record
TN:
SF:/Users/Adrian/Desktop/Github/Studium-FE/src/components/decks/styles-decks/StudyViewStyles.js
FNF:0
FNH:0
DA:3,1
DA:8,1
DA:19,1
DA:28,1
DA:36,1
DA:44,1
DA:57,1
LF:7
LH:7
BRF:0
BRH:0
end_of_record
TN:
SF:/Users/Adrian/Desktop/Github/Studium-FE/src/components/login/Login.js
FN:23,(anonymous_0)
FN:31,(anonymous_1)
FN:38,(anonymous_2)
FN:42,(anonymous_3)
FN:52,(anonymous_4)
FN:67,(anonymous_5)
FNF:6
FNH:0
FNDA:0,(anonymous_0)
FNDA:0,(anonymous_1)
FNDA:0,(anonymous_2)
FNDA:0,(anonymous_3)
FNDA:0,(anonymous_4)
FNDA:0,(anonymous_5)
DA:23,0
DA:24,0
DA:26,0
DA:31,0
DA:32,0
DA:38,0
DA:39,0
DA:40,0
DA:43,0
DA:44,0
DA:45,0
DA:46,0
DA:47,0
DA:49,0
DA:52,0
DA:55,0
LF:16
LH:0
BRDA:44,0,0,0
BRDA:44,0,1,0
BRF:2
BRH:0
end_of_record
TN:
SF:/Users/Adrian/Desktop/Github/Studium-FE/src/components/login/OktaLogin.js
FN:4,(anonymous_0)
FN:6,(anonymous_1)
FNF:2
FNH:0
FNDA:0,(anonymous_0)
FNDA:0,(anonymous_1)
DA:4,0
DA:5,0
DA:6,0
DA:8,0
LF:4
LH:0
BRF:0
BRH:0
end_of_record
TN:
SF:/Users/Adrian/Desktop/Github/Studium-FE/src/components/login/loginstyles.js
FNF:0
FNH:0
DA:4,0
DA:11,0
DA:17,0
DA:22,0
DA:31,0
DA:38,0
DA:45,0
DA:52,0
DA:59,0
DA:64,0
DA:76,0
DA:86,0
DA:97,0
DA:106,0
LF:14
LH:0
BRF:0
BRH:0
end_of_record
TN:
SF:/Users/Adrian/Desktop/Github/Studium-FE/src/components/navigation/AddCardNav.js
FN:6,(anonymous_0)
FNF:1
FNH:0
FNDA:0,(anonymous_0)
DA:6,0
DA:7,0
DA:9,0
LF:3
LH:0
BRF:0
BRH:0
end_of_record
TN:
SF:/Users/Adrian/Desktop/Github/Studium-FE/src/components/navigation/Menu.js
FN:6,(anonymous_0)
FNF:1
FNH:1
FNDA:10,(anonymous_0)
DA:7,10
DA:9,10
DA:10,0
DA:13,10
LF:4
LH:3
BRDA:9,0,0,0
BRDA:9,0,1,10
BRF:2
BRH:1
end_of_record
TN:
SF:/Users/Adrian/Desktop/Github/Studium-FE/src/components/navigation/NavBar.js
FN:30,NavBar
FN:33,(anonymous_1)
FNF:2
FNH:1
FNDA:5,NavBar
FNDA:0,(anonymous_1)
DA:6,2
DA:19,2
DA:31,5
DA:33,5
DA:34,0
DA:35,0
DA:38,5
LF:7
LH:5
BRF:0
BRH:0
end_of_record
TN:
SF:/Users/Adrian/Desktop/Github/Studium-FE/src/components/navigation/NavBarDash.js
FN:8,(anonymous_0)
FN:19,(anonymous_1)
FN:24,(anonymous_2)
FN:32,(anonymous_3)
FN:36,(anonymous_4)
FNF:5
FNH:2
FNDA:7,(anonymous_0)
FNDA:0,(anonymous_1)
FNDA:0,(anonymous_2)
FNDA:9,(anonymous_3)
FNDA:0,(anonymous_4)
DA:9,7
DA:11,7
DA:15,7
DA:16,7
DA:20,0
DA:21,0
DA:25,0
DA:33,9
DA:37,0
DA:38,0
LF:10
LH:5
BRF:0
BRH:0
end_of_record
TN:
SF:/Users/Adrian/Desktop/Github/Studium-FE/src/components/navigation/ProfileButton.js
FN:5,(anonymous_0)
FNF:1
FNH:1
FNDA:10,(anonymous_0)
DA:6,10
LF:1
LH:1
BRF:0
BRH:0
end_of_record
TN:
SF:/Users/Adrian/Desktop/Github/Studium-FE/src/components/register/Register.js
FN:9,(anonymous_0)
FN:20,(anonymous_1)
FN:27,(anonymous_2)
FN:31,(anonymous_3)
FN:40,(anonymous_4)
FN:54,(anonymous_5)
FNF:6
FNH:2
FNDA:49,(anonymous_0)
FNDA:48,(anonymous_1)
FNDA:0,(anonymous_2)
FNDA:0,(anonymous_3)
FNDA:0,(anonymous_4)
FNDA:0,(anonymous_5)
DA:9,1
DA:10,49
DA:12,49
DA:20,49
DA:21,48
DA:27,49
DA:28,0
DA:29,0
DA:32,0
DA:33,0
DA:34,0
DA:35,0
DA:37,0
DA:40,0
DA:43,49
LF:15
LH:7
BRDA:34,0,0,0
BRDA:34,0,1,0
BRF:2
BRH:0
end_of_record
TN:
SF:/Users/Adrian/Desktop/Github/Studium-FE/src/components/register/Registerstyles.js
FNF:0
FNH:0
DA:3,1
DA:12,1
DA:18,1
DA:23,1
DA:32,1
DA:39,1
DA:46,1
DA:53,1
DA:60,1
DA:68,1
DA:75,1
DA:82,1
DA:90,1
DA:97,1
DA:108,1
DA:119,1
DA:130,1
DA:141,1
DA:153,1
DA:160,1
LF:20
LH:20
BRF:0
BRH:0
end_of_record
TN:
SF:/Users/Adrian/Desktop/Github/Studium-FE/src/components/splash page/SplashPage.js
FN:23,(anonymous_0)
FN:29,(anonymous_1)
FN:34,(anonymous_2)
FN:39,handleInputChange
FN:41,(anonymous_4)
FN:47,handleSubmit
FN:50,(anonymous_6)
FN:55,(anonymous_7)
FN:56,(anonymous_8)
FNF:9
FNH:3
FNDA:4,(anonymous_0)
FNDA:0,(anonymous_1)
FNDA:0,(anonymous_2)
FNDA:0,handleInputChange
FNDA:0,(anonymous_4)
FNDA:0,handleSubmit
FNDA:0,(anonymous_6)
FNDA:4,(anonymous_7)
FNDA:3,(anonymous_8)
DA:13,1
DA:23,1
DA:24,4
DA:25,4
DA:27,4
DA:29,4
DA:30,0
DA:31,0
DA:34,4
DA:35,0
DA:36,0
DA:40,0
DA:41,0
DA:48,0
DA:49,0
DA:50,0
DA:51,0
DA:55,4
DA:56,4
DA:57,3
DA:58,0
DA:63,4
LF:22
LH:11
BRDA:57,0,0,0
BRDA:57,0,1,3
BRDA:72,1,0,0
BRDA:72,1,1,4
BRF:4
BRH:2
end_of_record
TN:
SF:/Users/Adrian/Desktop/Github/Studium-FE/src/components/visualizations/VisTest.js
FN:4,(anonymous_0)
FNF:1
FNH:0
FNDA:0,(anonymous_0)
DA:4,0
DA:5,0
LF:2
LH:0
BRF:0
BRH:0
end_of_record
TN:
SF:/Users/Adrian/Desktop/Github/Studium-FE/src/redux/actions.js
FN:22,(anonymous_0)
FN:22,(anonymous_1)
FN:25,(anonymous_2)
FN:29,(anonymous_3)
FN:32,(anonymous_4)
FN:36,(anonymous_5)
FN:41,(anonymous_6)
FN:41,(anonymous_7)
FN:44,(anonymous_8)
FN:47,(anonymous_9)
FN:53,(anonymous_10)
FN:53,(anonymous_11)
FN:56,(anonymous_12)
FN:61,(anonymous_13)
FN:67,(anonymous_14)
FN:67,(anonymous_15)
FN:70,(anonymous_16)
FN:75,(anonymous_17)
FN:82,(anonymous_18)
FN:82,(anonymous_19)
FN:86,(anonymous_20)
FN:86,(anonymous_21)
FN:89,(anonymous_22)
FN:93,(anonymous_23)
FN:99,(anonymous_24)
FN:99,(anonymous_25)
FN:103,(anonymous_26)
FN:107,(anonymous_27)
FN:116,(anonymous_28)
FN:120,(anonymous_29)
FN:128,(anonymous_30)
FN:128,(anonymous_31)
FN:132,(anonymous_32)
FN:132,(anonymous_33)
FN:135,(anonymous_34)
FN:139,(anonymous_35)
FN:145,(anonymous_36)
FN:145,(anonymous_37)
FN:149,(anonymous_38)
FN:149,(anonymous_39)
FN:153,(anonymous_40)
FN:153,(anonymous_41)
FN:156,(anonymous_42)
FN:160,(anonymous_43)
FN:166,(anonymous_44)
FN:166,(anonymous_45)
FN:170,(anonymous_46)
FN:175,(anonymous_47)
FN:181,(anonymous_48)
FN:181,(anonymous_49)
FN:185,(anonymous_50)
FN:185,(anonymous_51)
FN:190,(anonymous_52)
FN:193,(anonymous_53)
FN:199,(anonymous_54)
FN:199,(anonymous_55)
FN:202,(anonymous_56)
FN:206,(anonymous_57)
FN:212,(anonymous_58)
FN:212,(anonymous_59)
FN:215,(anonymous_60)
FN:219,(anonymous_61)
FNF:62
FNH:6
FNDA:1,(anonymous_0)
FNDA:1,(anonymous_1)
FNDA:0,(anonymous_2)
FNDA:0,(anonymous_3)
FNDA:0,(anonymous_4)
FNDA:0,(anonymous_5)
FNDA:0,(anonymous_6)
FNDA:0,(anonymous_7)
FNDA:0,(anonymous_8)
FNDA:0,(anonymous_9)
FNDA:0,(anonymous_10)
FNDA:0,(anonymous_11)
FNDA:0,(anonymous_12)
FNDA:0,(anonymous_13)
FNDA:0,(anonymous_14)
FNDA:0,(anonymous_15)
FNDA:0,(anonymous_16)
FNDA:0,(anonymous_17)
FNDA:0,(anonymous_18)
FNDA:0,(anonymous_19)
FNDA:0,(anonymous_20)
FNDA:0,(anonymous_21)
FNDA:0,(anonymous_22)
FNDA:0,(anonymous_23)
FNDA:0,(anonymous_24)
FNDA:0,(anonymous_25)
FNDA:0,(anonymous_26)
FNDA:0,(anonymous_27)
FNDA:0,(anonymous_28)
FNDA:0,(anonymous_29)
FNDA:0,(anonymous_30)
FNDA:0,(anonymous_31)
FNDA:0,(anonymous_32)
FNDA:0,(anonymous_33)
FNDA:0,(anonymous_34)
FNDA:0,(anonymous_35)
FNDA:0,(anonymous_36)
FNDA:0,(anonymous_37)
FNDA:0,(anonymous_38)
FNDA:0,(anonymous_39)
FNDA:1,(anonymous_40)
FNDA:1,(anonymous_41)
FNDA:0,(anonymous_42)
FNDA:0,(anonymous_43)
FNDA:0,(anonymous_44)
FNDA:0,(anonymous_45)
FNDA:0,(anonymous_46)
FNDA:0,(anonymous_47)
FNDA:0,(anonymous_48)
FNDA:0,(anonymous_49)
FNDA:0,(anonymous_50)
FNDA:0,(anonymous_51)
FNDA:0,(anonymous_52)
FNDA:0,(anonymous_53)
FNDA:1,(anonymous_54)
FNDA:1,(anonymous_55)
FNDA:0,(anonymous_56)
FNDA:0,(anonymous_57)
FNDA:0,(anonymous_58)
FNDA:0,(anonymous_59)
FNDA:0,(anonymous_60)
FNDA:0,(anonymous_61)
DA:3,9
DA:4,9
DA:5,9
DA:6,9
DA:7,9
DA:8,9
DA:9,9
DA:10,9
DA:11,9
DA:12,9
DA:13,9
DA:14,9
DA:15,9
DA:16,9
DA:17,9
DA:18,9
DA:19,9
DA:20,9
DA:22,9
DA:23,1
DA:26,0
DA:27,0
DA:30,0
DA:33,0
DA:37,0
DA:41,9
DA:42,0
DA:45,0
DA:48,0
DA:49,0
DA:53,9
DA:54,0
DA:57,0
DA:58,0
DA:62,0
DA:63,0
DA:67,9
DA:68,0
DA:71,0
DA:72,0
DA:73,0
DA:76,0
DA:77,0
DA:78,0
DA:82,9
DA:83,0
DA:86,9
DA:87,0
DA:90,0
DA:91,0
DA:94,0
DA:95,0
DA:99,9
DA:100,0
DA:101,0
DA:104,0
DA:105,0
DA:108,0
DA:109,0
DA:110,0
DA:112,0
DA:113,0
DA:114,0
DA:117,0
DA:118,0
DA:121,0
DA:122,0
DA:123,0
DA:128,9
DA:129,0
DA:132,9
DA:133,0
DA:136,0
DA:137,0
DA:140,0
DA:141,0
DA:145,9
DA:146,0
DA:149,9
DA:150,0
DA:153,9
DA:154,1
DA:157,0
DA:158,0
DA:161,0
DA:162,0
DA:166,9
DA:167,0
DA:168,0
DA:171,0
DA:172,0
DA:173,0
DA:176,0
DA:177,0
DA:181,9
DA:182,0
DA:185,9
DA:186,0
DA:187,0
DA:188,0
DA:191,0
DA:194,0
DA:195,0
DA:199,9
DA:200,1
DA:203,0
DA:204,0
DA:207,0
DA:208,0
DA:212,9
DA:213,0
DA:216,0
DA:217,0
DA:219,0
LF:114
LH:38
BRDA:100,0,0,0
BRDA:100,0,1,0
BRDA:112,1,0,0
BRDA:112,1,1,0
BRF:4
BRH:0
end_of_record
TN:
SF:/Users/Adrian/Desktop/Github/Studium-FE/src/redux/index.js
FN:26,(anonymous_0)
FN:44,(anonymous_1)
FN:65,(anonymous_2)
FN:72,(anonymous_3)
FN:142,(anonymous_4)
FNF:5
FNH:2
FNDA:27,(anonymous_0)
FNDA:0,(anonymous_1)
FNDA:0,(anonymous_2)
FNDA:0,(anonymous_3)
FNDA:9,(anonymous_4)
DA:7,9
DA:26,9
DA:27,27
DA:29,0
DA:34,0
DA:39,0
DA:44,0
DA:45,0
DA:50,0
DA:55,0
DA:60,0
DA:65,0
DA:66,0
DA:72,0
DA:73,0
DA:78,0
DA:83,0
DA:88,0
DA:93,0
DA:98,0
DA:103,0
DA:109,0
DA:114,0
DA:119,0
DA:129,27
DA:133,9
DA:138,9
DA:140,9
DA:141,9
DA:142,9
LF:30
LH:9
BRDA:26,0,0,9
BRDA:27,1,0,0
BRDA:27,1,1,0
BRDA:27,1,2,0
BRDA:27,1,3,0
BRDA:27,1,4,0
BRDA:27,1,5,0
BRDA:27,1,6,0
BRDA:27,1,7,0
BRDA:27,1,8,0
BRDA:27,1,9,0
BRDA:27,1,10,0
BRDA:27,1,11,0
BRDA:27,1,12,0
BRDA:27,1,13,0
BRDA:27,1,14,0
BRDA:27,1,15,0
BRDA:27,1,16,0
BRDA:27,1,17,0
BRDA:27,1,18,27
BRF:20
BRH:2
end_of_record
TN:
SF:/Users/Adrian/Desktop/Github/Studium-FE/src/utils/ProtectedRoute.js
FN:4,(anonymous_0)
FN:8,(anonymous_1)
FNF:2
FNH:0
FNDA:0,(anonymous_0)
FNDA:0,(anonymous_1)
DA:4,0
DA:5,0
DA:9,0
DA:10,0
DA:12,0
LF:5
LH:0
BRDA:9,0,0,0
BRDA:9,0,1,0
BRF:2
BRH:0
end_of_record
TN:
SF:/Users/Adrian/Desktop/Github/Studium-FE/src/utils/axiosWithAuth.js
FN:3,(anonymous_0)
FNF:1
FNH:1
FNDA:6,(anonymous_0)
DA:3,12
DA:4,6
DA:6,6
LF:3
LH:3
BRF:0
BRH:0
end_of_record
TN:
SF:/Users/Adrian/Desktop/Github/Studium-FE/src/utils/logout.js
FN:3,(anonymous_0)
FN:4,(anonymous_1)
FNF:2
FNH:1
FNDA:1,(anonymous_0)
FNDA:0,(anonymous_1)
DA:3,1
DA:4,1
DA:5,0
DA:6,0
DA:9,1
LF:5
LH:3
BRF:0
BRH:0
end_of_record
TN:
SF:/Users/Adrian/Desktop/Github/Studium-FE/src/utils/oktaConfig.js
FNF:0
FNH:0
DA:1,0
DA:2,0
DA:3,0
DA:5,0
DA:6,0
DA:7,0
DA:8,0
DA:10,0
LF:8
LH:0
BRF:0
BRH:0
end_of_record
