TN:
SF:C:\Users\emily\Documents\GitHub\Studium-FE\src\setupTests.js
FNF:0
FNH:0
LF:0
LH:0
BRF:0
BRH:0
end_of_record
TN:
SF:C:\Users\emily\Documents\GitHub\Studium-FE\src\components\cards\styles-cards\CardFormStyles.js
FNF:0
FNH:0
DA:3,0
DA:11,0
DA:21,0
DA:32,0
DA:43,0
DA:51,0
DA:59,0
DA:74,0
DA:89,0
DA:104,0
DA:108,0
LF:11
LH:0
BRF:0
BRH:0
end_of_record
TN:
SF:C:\Users\emily\Documents\GitHub\Studium-FE\src\components\cards\styles-cards\EditDeckCardStyles.js
FNF:0
FNH:0
DA:3,0
DA:16,0
LF:2
LH:0
BRF:0
BRH:0
end_of_record
TN:
SF:C:\Users\emily\Documents\GitHub\Studium-FE\src\components\common\Button.js
FNF:0
FNH:0
DA:6,0
LF:1
LH:0
BRF:0
BRH:0
end_of_record
TN:
SF:C:\Users\emily\Documents\GitHub\Studium-FE\src\components\common\ButtonBottom.js
FN:4,(anonymous_0)
FN:5,(anonymous_1)
FN:6,(anonymous_2)
FN:16,(anonymous_3)
FN:17,(anonymous_4)
FN:18,(anonymous_5)
FNF:6
FNH:0
FNDA:0,(anonymous_0)
FNDA:0,(anonymous_1)
FNDA:0,(anonymous_2)
FNDA:0,(anonymous_3)
FNDA:0,(anonymous_4)
FNDA:0,(anonymous_5)
DA:3,0
DA:4,0
DA:5,0
DA:6,0
DA:16,0
DA:17,0
DA:18,0
LF:7
LH:0
BRDA:4,0,0,0
BRDA:4,0,1,0
BRDA:5,1,0,0
BRDA:5,1,1,0
BRDA:6,2,0,0
BRDA:6,2,1,0
BRDA:16,3,0,0
BRDA:16,3,1,0
BRDA:17,4,0,0
BRDA:17,4,1,0
BRDA:18,5,0,0
BRDA:18,5,1,0
BRF:12
BRH:0
end_of_record
TN:
SF:C:\Users\emily\Documents\GitHub\Studium-FE\src\components\common\ButtonTop.js
FNF:0
FNH:0
DA:3,0
LF:1
LH:0
BRF:0
BRH:0
end_of_record
TN:
SF:C:\Users\emily\Documents\GitHub\Studium-FE\src\components\common\Input.js
FNF:0
FNH:0
DA:3,0
LF:1
LH:0
BRF:0
BRH:0
end_of_record
TN:
SF:C:\Users\emily\Documents\GitHub\Studium-FE\src\components\common\Spinner.js
FNF:0
FNH:0
DA:3,0
DA:13,0
LF:2
LH:0
BRF:0
BRH:0
end_of_record
TN:
SF:C:\Users\emily\Documents\GitHub\Studium-FE\src\components\common\index.js
FNF:0
FNH:0
LF:0
LH:0
BRF:0
BRH:0
end_of_record
TN:
SF:C:\Users\emily\Documents\GitHub\Studium-FE\src\components\dashboard\styles-dashboard\dashboardStyles.js
FNF:0
FNH:0
DA:3,0
DA:17,0
DA:26,0
DA:36,0
DA:45,0
DA:54,0
DA:68,0
DA:81,0
LF:8
LH:0
BRF:0
BRH:0
end_of_record
TN:
SF:C:\Users\emily\Documents\GitHub\Studium-FE\src\components\decks\styles-decks\CreateDeckFormStyles.js
FNF:0
FNH:0
DA:3,0
DA:10,0
DA:19,0
DA:23,0
DA:34,0
DA:40,0
DA:48,0
DA:59,0
DA:69,0
LF:9
LH:0
BRF:0
BRH:0
end_of_record
TN:
SF:C:\Users\emily\Documents\GitHub\Studium-FE\src\components\decks\styles-decks\DeckViewStyles.js
FNF:0
FNH:0
DA:3,0
DA:9,0
DA:18,0
DA:26,0
DA:36,0
DA:46,0
DA:58,0
DA:71,0
DA:76,0
DA:84,0
DA:93,0
DA:102,0
DA:113,0
DA:128,0
LF:14
LH:0
BRF:0
BRH:0
end_of_record
TN:
SF:C:\Users\emily\Documents\GitHub\Studium-FE\src\components\decks\styles-decks\StudyViewStyles.js
FNF:0
FNH:0
DA:3,0
DA:8,0
DA:19,0
DA:28,0
DA:36,0
DA:44,0
DA:57,0
LF:7
LH:0
BRF:0
BRH:0
end_of_record
TN:
SF:C:\Users\emily\Documents\GitHub\Studium-FE\src\components\login\loginstyles.js
FNF:0
FNH:0
DA:4,0
DA:11,0
DA:17,0
DA:22,0
DA:31,0
DA:38,0
DA:45,0
DA:52,0
DA:59,0
DA:64,0
DA:76,0
DA:86,0
DA:97,0
DA:106,0
LF:14
LH:0
BRF:0
BRH:0
end_of_record
TN:
SF:C:\Users\emily\Documents\GitHub\Studium-FE\src\components\register\Registerstyles.js
FNF:0
FNH:0
DA:3,0
DA:12,0
DA:18,0
DA:23,0
DA:32,0
DA:39,0
DA:46,0
DA:53,0
DA:60,0
DA:68,0
DA:75,0
DA:82,0
DA:90,0
DA:97,0
DA:108,0
DA:119,0
DA:130,0
DA:141,0
DA:153,0
DA:160,0
LF:20
LH:0
BRF:0
BRH:0
end_of_record
TN:
SF:C:\Users\emily\Documents\GitHub\Studium-FE\src\redux\actions.js
FN:21,(anonymous_0)
FN:21,(anonymous_1)
FN:24,(anonymous_2)
FN:28,(anonymous_3)
FN:31,(anonymous_4)
FN:35,(anonymous_5)
FN:40,(anonymous_6)
FN:40,(anonymous_7)
FN:43,(anonymous_8)
FN:46,(anonymous_9)
FN:52,(anonymous_10)
FN:52,(anonymous_11)
FN:55,(anonymous_12)
FN:60,(anonymous_13)
FN:66,(anonymous_14)
FN:66,(anonymous_15)
FN:69,(anonymous_16)
FN:74,(anonymous_17)
FN:81,(anonymous_18)
FN:81,(anonymous_19)
FN:85,(anonymous_20)
FN:85,(anonymous_21)
FN:88,(anonymous_22)
FN:92,(anonymous_23)
FN:98,(anonymous_24)
FN:98,(anonymous_25)
FN:102,(anonymous_26)
FN:106,(anonymous_27)
FN:115,(anonymous_28)
FN:119,(anonymous_29)
FN:127,(anonymous_30)
FN:127,(anonymous_31)
FN:131,(anonymous_32)
FN:131,(anonymous_33)
FN:134,(anonymous_34)
FN:138,(anonymous_35)
FN:144,(anonymous_36)
FN:144,(anonymous_37)
FN:148,(anonymous_38)
FN:148,(anonymous_39)
FN:152,(anonymous_40)
FN:152,(anonymous_41)
FN:155,(anonymous_42)
FN:159,(anonymous_43)
FN:165,(anonymous_44)
FN:165,(anonymous_45)
FN:169,(anonymous_46)
FN:174,(anonymous_47)
FN:180,(anonymous_48)
FN:180,(anonymous_49)
FN:184,(anonymous_50)
FN:184,(anonymous_51)
FN:189,(anonymous_52)
FN:192,(anonymous_53)
FN:198,(anonymous_54)
FN:198,(anonymous_55)
FN:201,(anonymous_56)
FN:205,(anonymous_57)
FNF:58
FNH:0
FNDA:0,(anonymous_0)
FNDA:0,(anonymous_1)
FNDA:0,(anonymous_2)
FNDA:0,(anonymous_3)
FNDA:0,(anonymous_4)
FNDA:0,(anonymous_5)
FNDA:0,(anonymous_6)
FNDA:0,(anonymous_7)
FNDA:0,(anonymous_8)
FNDA:0,(anonymous_9)
FNDA:0,(anonymous_10)
FNDA:0,(anonymous_11)
FNDA:0,(anonymous_12)
FNDA:0,(anonymous_13)
FNDA:0,(anonymous_14)
FNDA:0,(anonymous_15)
FNDA:0,(anonymous_16)
FNDA:0,(anonymous_17)
FNDA:0,(anonymous_18)
FNDA:0,(anonymous_19)
FNDA:0,(anonymous_20)
FNDA:0,(anonymous_21)
FNDA:0,(anonymous_22)
FNDA:0,(anonymous_23)
FNDA:0,(anonymous_24)
FNDA:0,(anonymous_25)
FNDA:0,(anonymous_26)
FNDA:0,(anonymous_27)
FNDA:0,(anonymous_28)
FNDA:0,(anonymous_29)
FNDA:0,(anonymous_30)
FNDA:0,(anonymous_31)
FNDA:0,(anonymous_32)
FNDA:0,(anonymous_33)
FNDA:0,(anonymous_34)
FNDA:0,(anonymous_35)
FNDA:0,(anonymous_36)
FNDA:0,(anonymous_37)
FNDA:0,(anonymous_38)
FNDA:0,(anonymous_39)
FNDA:0,(anonymous_40)
FNDA:0,(anonymous_41)
FNDA:0,(anonymous_42)
FNDA:0,(anonymous_43)
FNDA:0,(anonymous_44)
FNDA:0,(anonymous_45)
FNDA:0,(anonymous_46)
FNDA:0,(anonymous_47)
FNDA:0,(anonymous_48)
FNDA:0,(anonymous_49)
FNDA:0,(anonymous_50)
FNDA:0,(anonymous_51)
FNDA:0,(anonymous_52)
FNDA:0,(anonymous_53)
FNDA:0,(anonymous_54)
FNDA:0,(anonymous_55)
FNDA:0,(anonymous_56)
FNDA:0,(anonymous_57)
DA:3,0
DA:4,0
DA:5,0
DA:6,0
DA:7,0
DA:8,0
DA:9,0
DA:10,0
DA:11,0
DA:12,0
DA:13,0
DA:14,0
DA:15,0
DA:16,0
DA:17,0
DA:18,0
DA:19,0
DA:21,0
DA:22,0
DA:25,0
DA:26,0
DA:29,0
DA:32,0
DA:36,0
DA:40,0
DA:41,0
DA:44,0
DA:47,0
DA:48,0
DA:52,0
DA:53,0
DA:56,0
DA:57,0
DA:61,0
DA:62,0
DA:66,0
DA:67,0
DA:70,0
DA:71,0
DA:72,0
DA:75,0
DA:76,0
DA:77,0
DA:81,0
DA:82,0
DA:85,0
DA:86,0
DA:89,0
DA:90,0
DA:93,0
DA:94,0
DA:98,0
DA:99,0
DA:100,0
DA:103,0
DA:104,0
DA:107,0
DA:108,0
DA:109,0
DA:111,0
DA:112,0
DA:113,0
DA:116,0
DA:117,0
DA:120,0
DA:121,0
DA:122,0
DA:127,0
DA:128,0
DA:131,0
DA:132,0
DA:135,0
DA:136,0
DA:139,0
DA:140,0
DA:144,0
DA:145,0
DA:148,0
DA:149,0
DA:152,0
DA:153,0
DA:156,0
DA:157,0
DA:160,0
DA:161,0
DA:165,0
DA:166,0
DA:167,0
DA:170,0
DA:171,0
DA:172,0
DA:175,0
DA:176,0
DA:180,0
DA:181,0
DA:184,0
DA:185,0
DA:186,0
DA:187,0
DA:190,0
DA:193,0
DA:194,0
DA:198,0
DA:199,0
DA:202,0
DA:203,0
DA:206,0
DA:207,0
LF:108
LH:0
BRDA:99,0,0,0
BRDA:99,0,1,0
BRDA:111,1,0,0
BRDA:111,1,1,0
BRF:4
BRH:0
end_of_record
TN:
SF:C:\Users\emily\Documents\GitHub\Studium-FE\src\redux\index.js
FN:25,(anonymous_0)
FN:43,(anonymous_1)
FN:64,(anonymous_2)
FN:71,(anonymous_3)
FN:136,(anonymous_4)
FNF:5
FNH:0
FNDA:0,(anonymous_0)
FNDA:0,(anonymous_1)
FNDA:0,(anonymous_2)
FNDA:0,(anonymous_3)
FNDA:0,(anonymous_4)
DA:7,0
DA:25,0
DA:26,0
DA:28,0
DA:33,0
DA:38,0
DA:43,0
DA:44,0
DA:49,0
DA:54,0
DA:59,0
DA:64,0
DA:65,0
DA:71,0
DA:72,0
DA:77,0
DA:82,0
DA:87,0
DA:92,0
DA:97,0
DA:102,0
DA:108,0
DA:113,0
DA:123,0
DA:127,0
DA:132,0
DA:134,0
DA:135,0
DA:136,0
LF:29
LH:0
BRDA:25,0,0,0
BRDA:26,1,0,0
BRDA:26,1,1,0
BRDA:26,1,2,0
BRDA:26,1,3,0
BRDA:26,1,4,0
BRDA:26,1,5,0
BRDA:26,1,6,0
BRDA:26,1,7,0
BRDA:26,1,8,0
BRDA:26,1,9,0
BRDA:26,1,10,0
BRDA:26,1,11,0
BRDA:26,1,12,0
BRDA:26,1,13,0
BRDA:26,1,14,0
BRDA:26,1,15,0
BRDA:26,1,16,0
BRDA:26,1,17,0
BRF:19
BRH:0
end_of_record
TN:
SF:C:\Users\emily\Documents\GitHub\Studium-FE\src\utils\axiosWithAuth.js
FN:3,(anonymous_0)
FNF:1
FNH:0
FNDA:0,(anonymous_0)
DA:3,0
DA:4,0
DA:6,0
LF:3
LH:0
BRF:0
BRH:0
end_of_record
TN:
SF:C:\Users\emily\Documents\GitHub\Studium-FE\src\utils\oktaConfig.js
FNF:0
FNH:0
DA:1,0
DA:2,0
DA:3,0
DA:5,0
DA:6,0
DA:7,0
DA:8,0
DA:10,0
LF:8
LH:0
BRF:0
BRH:0
end_of_record
